Using pre-set license
Built from '2021.3/staging' branch; Version is '2021.3.5f1 (40eb3a945986) revision 4254522'; Using compiler version '192829333'; Build Type 'Release'
OS: 'Windows 10  (10.0.19044) 64bit EducationN' Language: 'es' Physical Memory: 16272 MB
BatchMode: 1, IsHumanControllingUs: 0, StartBugReporterOnCrash: 0, Is64bit: 1, IsPro: 1

COMMAND LINE ARGUMENTS:
C:\Program Files\Unity\Hub\Editor\2021.3.5f1\Editor\Unity.exe
-adb2
-batchMode
-noUpm
-name
AssetImportWorker0
-projectPath
C:/Users/alumnat/Documents/GitHub/actividad1UNTY/Actividad1.2/Seleccionarpersonajes
-logFile
Logs/AssetImportWorker0.log
-srvPort
65078
Successfully changed project path to: C:/Users/alumnat/Documents/GitHub/actividad1UNTY/Actividad1.2/Seleccionarpersonajes
C:/Users/alumnat/Documents/GitHub/actividad1UNTY/Actividad1.2/Seleccionarpersonajes
[UnityMemory] Configuration Parameters - Can be set up in boot.config
    "memorysetup-bucket-allocator-granularity=16"
    "memorysetup-bucket-allocator-bucket-count=8"
    "memorysetup-bucket-allocator-block-size=33554432"
    "memorysetup-bucket-allocator-block-count=8"
    "memorysetup-main-allocator-block-size=16777216"
    "memorysetup-thread-allocator-block-size=16777216"
    "memorysetup-gfx-main-allocator-block-size=16777216"
    "memorysetup-gfx-thread-allocator-block-size=16777216"
    "memorysetup-cache-allocator-block-size=4194304"
    "memorysetup-typetree-allocator-block-size=2097152"
    "memorysetup-profiler-bucket-allocator-granularity=16"
    "memorysetup-profiler-bucket-allocator-bucket-count=8"
    "memorysetup-profiler-bucket-allocator-block-size=33554432"
    "memorysetup-profiler-bucket-allocator-block-count=8"
    "memorysetup-profiler-allocator-block-size=16777216"
    "memorysetup-profiler-editor-allocator-block-size=1048576"
    "memorysetup-temp-allocator-size-main=16777216"
    "memorysetup-job-temp-allocator-block-size=2097152"
    "memorysetup-job-temp-allocator-block-size-background=1048576"
    "memorysetup-job-temp-allocator-reduction-small-platforms=262144"
    "memorysetup-temp-allocator-size-background-worker=32768"
    "memorysetup-temp-allocator-size-job-worker=262144"
    "memorysetup-temp-allocator-size-preload-manager=33554432"
    "memorysetup-temp-allocator-size-nav-mesh-worker=65536"
    "memorysetup-temp-allocator-size-audio-worker=65536"
    "memorysetup-temp-allocator-size-cloud-worker=32768"
    "memorysetup-temp-allocator-size-gi-baking-worker=262144"
    "memorysetup-temp-allocator-size-gfx=262144"
Refreshing native plugins compatible for Editor in 125.33 ms, found 3 plugins.
Preloading 0 native plugins for Editor in 0.00 ms.
Initialize engine version: 2021.3.5f1 (40eb3a945986)
[Subsystems] Discovering subsystems at path C:/Program Files/Unity/Hub/Editor/2021.3.5f1/Editor/Data/Resources/UnitySubsystems
[Subsystems] Discovering subsystems at path C:/Users/alumnat/Documents/GitHub/actividad1UNTY/Actividad1.2/Seleccionarpersonajes/Assets
GfxDevice: creating device client; threaded=0; jobified=0
Direct3D:
    Version:  Direct3D 11.0 [level 10.1]
    Renderer: Intel(R) HD Graphics (ID=0x102)
    Vendor:   Intel
    VRAM:     128 MB
    Driver:   9.17.10.4459
Initialize mono
Mono path[0] = 'C:/Program Files/Unity/Hub/Editor/2021.3.5f1/Editor/Data/Managed'
Mono path[1] = 'C:/Program Files/Unity/Hub/Editor/2021.3.5f1/Editor/Data/MonoBleedingEdge/lib/mono/unityjit-win32'
Mono config path = 'C:/Program Files/Unity/Hub/Editor/2021.3.5f1/Editor/Data/MonoBleedingEdge/etc'
Using monoOptions --debugger-agent=transport=dt_socket,embedding=1,server=y,suspend=n,address=127.0.0.1:56184
Begin MonoManager ReloadAssembly
Registering precompiled unity dll's ...
Register platform support module: C:/Program Files/Unity/Hub/Editor/2021.3.5f1/Editor/Data/PlaybackEngines/WebGLSupport/UnityEditor.WebGL.Extensions.dll
Register platform support module: C:/Program Files/Unity/Hub/Editor/2021.3.5f1/Editor/Data/PlaybackEngines/AndroidPlayer/UnityEditor.Android.Extensions.dll
Register platform support module: C:/Program Files/Unity/Hub/Editor/2021.3.5f1/Editor/Data/PlaybackEngines/WindowsStandaloneSupport/UnityEditor.WindowsStandalone.Extensions.dll
Register platform support module: C:/Program Files/Unity/Hub/Editor/2021.3.5f1/Editor/Data/PlaybackEngines/MetroSupport/UnityEditor.UWP.Extensions.dll
Registered in 0.024383 seconds.
Native extension for UWP target not found
Native extension for WindowsStandalone target not found
Native extension for Android target not found
Native extension for WebGL target not found
Refreshing native plugins compatible for Editor in 123.11 ms, found 3 plugins.
Preloading 0 native plugins for Editor in 0.00 ms.
Mono: successfully reloaded assembly
- Completed reload, in  1.089 seconds
Domain Reload Profiling:
	ReloadAssembly (1090ms)
		BeginReloadAssembly (135ms)
			ExecutionOrderSort (0ms)
			DisableScriptedObjects (0ms)
			BackupInstance (0ms)
			ReleaseScriptingObjects (0ms)
			CreateAndSetChildDomain (1ms)
		EndReloadAssembly (758ms)
			LoadAssemblies (132ms)
			RebuildTransferFunctionScriptingTraits (0ms)
			SetupTypeCache (177ms)
			ReleaseScriptCaches (0ms)
			RebuildScriptCaches (45ms)
			SetupLoadedEditorAssemblies (453ms)
				LogAssemblyErrors (0ms)
				InitializePlatformSupportModulesInManaged (76ms)
				SetLoadedEditorAssemblies (0ms)
				RefreshPlugins (123ms)
				BeforeProcessingInitializeOnLoad (2ms)
				ProcessInitializeOnLoadAttributes (184ms)
				ProcessInitializeOnLoadMethodAttributes (68ms)
				AfterProcessingInitializeOnLoad (0ms)
				EditorAssembliesLoaded (0ms)
			ExecutionOrderSort2 (0ms)
			AwakeInstancesAfterBackupRestoration (0ms)
Platform modules already initialized, skipping
Registering precompiled user dll's ...
Registered in 0.013978 seconds.
Begin MonoManager ReloadAssembly
Symbol file LoadedFromMemory doesn't match image C:\Users\alumnat\Documents\GitHub\actividad1UNTY\Actividad1.2\Seleccionarpersonajes\Library\PackageCache\com.unity.visualscripting@1.7.8\Editor\VisualScripting.Core\Dependencies\YamlDotNet\Unity.VisualScripting.YamlDotNet.dll
Symbol file LoadedFromMemory doesn't match image C:\Users\alumnat\Documents\GitHub\actividad1UNTY\Actividad1.2\Seleccionarpersonajes\Library\PackageCache\com.unity.visualscripting@1.7.8\Editor\VisualScripting.Core\Dependencies\DotNetZip\Unity.VisualScripting.IonicZip.dll
Native extension for UWP target not found
Native extension for WindowsStandalone target not found
Native extension for Android target not found
Native extension for WebGL target not found
Refreshing native plugins compatible for Editor in 0.81 ms, found 3 plugins.
Preloading 0 native plugins for Editor in 0.00 ms.
Mono: successfully reloaded assembly
- Completed reload, in  1.707 seconds
Domain Reload Profiling:
	ReloadAssembly (1708ms)
		BeginReloadAssembly (184ms)
			ExecutionOrderSort (0ms)
			DisableScriptedObjects (10ms)
			BackupInstance (0ms)
			ReleaseScriptingObjects (0ms)
			CreateAndSetChildDomain (25ms)
		EndReloadAssembly (1330ms)
			LoadAssemblies (148ms)
			RebuildTransferFunctionScriptingTraits (0ms)
			SetupTypeCache (424ms)
			ReleaseScriptCaches (1ms)
			RebuildScriptCaches (75ms)
			SetupLoadedEditorAssemblies (637ms)
				LogAssemblyErrors (0ms)
				InitializePlatformSupportModulesInManaged (31ms)
				SetLoadedEditorAssemblies (1ms)
				RefreshPlugins (1ms)
				BeforeProcessingInitializeOnLoad (148ms)
				ProcessInitializeOnLoadAttributes (396ms)
				ProcessInitializeOnLoadMethodAttributes (42ms)
				AfterProcessingInitializeOnLoad (18ms)
				EditorAssembliesLoaded (0ms)
			ExecutionOrderSort2 (0ms)
			AwakeInstancesAfterBackupRestoration (9ms)
Platform modules already initialized, skipping
========================================================================
Worker process is ready to serve import requests
Launched and connected shader compiler UnityShaderCompiler.exe after 0.05 seconds
Refreshing native plugins compatible for Editor in 0.85 ms, found 3 plugins.
Preloading 0 native plugins for Editor in 0.00 ms.
Unloading 3368 Unused Serialized files (Serialized files now loaded: 0)
Unloading 27 unused Assets / (110.9 KB). Loaded Objects now: 3826.
Memory consumption went from 117.0 MB to 116.9 MB.
Total: 4.703600 ms (FindLiveObjects: 0.339200 ms CreateObjectMapping: 0.154300 ms MarkObjects: 4.071300 ms  DeleteObjects: 0.136900 ms)

AssetImportParameters requested are different than current active one (requested -> active):
  custom:video-decoder-ogg-theora: a1e56fd34408186e4bbccfd4996cb3dc -> 
  custom:container-muxer-webm: aa71ff27fc2769a1b78a27578f13a17b -> 
  custom:container-demuxer-webm: 4f35f7cbe854078d1ac9338744f61a02 -> 
  custom:video-encoder-webm-vp8: eb34c28f22e8b96e1ab97ce403110664 -> 
  custom:audio-encoder-webm-vorbis: bf7c407c2cedff20999df2af8eb42d56 -> 
  custom:framework-win-MediaFoundation: 216162199b28c13a410421893ffa2e32 -> 
  custom:container-demuxer-ogg: 62fdf1f143b41e24485cea50d1cbac27 -> 
  custom:video-decoder-webm-vp8: 9c59270c3fd7afecdb556c50c9e8de78 -> 
  custom:audio-decoder-ogg-vorbis: bf7c407c2cedff20999df2af8eb42d56 -> 
========================================================================
Received Import Request.
  Time since last request: 11643.675748 seconds.
  path: Assets/ARCADE - FREE Racing Car/Materials/Color Variations/AFRC_Mat_Col4.mat
  artifactKey: Guid(104696f8b5f23d24586d858b68916bdc) Importer(815301076,1909f56bfc062723c751e8b465ee728b)
Start importing Assets/ARCADE - FREE Racing Car/Materials/Color Variations/AFRC_Mat_Col4.mat using Guid(104696f8b5f23d24586d858b68916bdc) Importer(815301076,1909f56bfc062723c751e8b465ee728b)  -> (artifact id: '8d1006d070d258cdc60d6902715f70ea') in 0.560022 seconds 
========================================================================
Received Import Request.
  Time since last request: 0.000034 seconds.
  path: Assets/ARCADE - FREE Racing Car/Materials/Color Variations
  artifactKey: Guid(8abab931da3a1cd48bf2967746adf82e) Importer(815301076,1909f56bfc062723c751e8b465ee728b)
Start importing Assets/ARCADE - FREE Racing Car/Materials/Color Variations using Guid(8abab931da3a1cd48bf2967746adf82e) Importer(815301076,1909f56bfc062723c751e8b465ee728b)  -> (artifact id: '29db16ab9176642eb6bf4408a138955c') in 0.012833 seconds 
========================================================================
Received Import Request.
  Time since last request: 0.000060 seconds.
  path: Assets/ARCADE - FREE Racing Car/Materials/Color Variations/AFRC_Mat_Col3.mat
  artifactKey: Guid(c4c2ee3e832cffd48bb9d156c2b21376) Importer(815301076,1909f56bfc062723c751e8b465ee728b)
Start importing Assets/ARCADE - FREE Racing Car/Materials/Color Variations/AFRC_Mat_Col3.mat using Guid(c4c2ee3e832cffd48bb9d156c2b21376) Importer(815301076,1909f56bfc062723c751e8b465ee728b)  -> (artifact id: 'd78dc1cae8e62ffa5eb01da42fed91e5') in 0.036409 seconds 
========================================================================
Received Import Request.
  Time since last request: 0.000033 seconds.
  path: Assets/ARCADE - FREE Racing Car/Materials
  artifactKey: Guid(7cd50ff664f941e4ab191d35f6582e9d) Importer(815301076,1909f56bfc062723c751e8b465ee728b)
Start importing Assets/ARCADE - FREE Racing Car/Materials using Guid(7cd50ff664f941e4ab191d35f6582e9d) Importer(815301076,1909f56bfc062723c751e8b465ee728b)  -> (artifact id: 'a60d2fe93c42521ee1bfb44a468db6af') in 0.012688 seconds 
========================================================================
Received Import Request.
  Time since last request: 0.000040 seconds.
  path: Assets/ARCADE - FREE Racing Car/Materials/Color Variations/AFRC_Mat_Col5.mat
  artifactKey: Guid(74196cf5d503c14488ae1ef1dbc6c9a4) Importer(815301076,1909f56bfc062723c751e8b465ee728b)
Start importing Assets/ARCADE - FREE Racing Car/Materials/Color Variations/AFRC_Mat_Col5.mat using Guid(74196cf5d503c14488ae1ef1dbc6c9a4) Importer(815301076,1909f56bfc062723c751e8b465ee728b)  -> (artifact id: 'cd43e0411b13289e6e9cd91a6b3ee290') in 0.031578 seconds 
========================================================================
Received Import Request.
  Time since last request: 0.000029 seconds.
  path: Assets/ARCADE - FREE Racing Car/Materials/AFRC_Env_Mat.mat
  artifactKey: Guid(69b6e8fa160b23c42a4052f818eb166c) Importer(815301076,1909f56bfc062723c751e8b465ee728b)
Start importing Assets/ARCADE - FREE Racing Car/Materials/AFRC_Env_Mat.mat using Guid(69b6e8fa160b23c42a4052f818eb166c) Importer(815301076,1909f56bfc062723c751e8b465ee728b)  -> (artifact id: '0242e47cb2b51d05d4b3ea288afb03df') in 0.288574 seconds 
========================================================================
Received Import Request.
  Time since last request: 0.000030 seconds.
  path: Assets/ARCADE - FREE Racing Car
  artifactKey: Guid(dc2968621dfd5834aac3a108ca248250) Importer(815301076,1909f56bfc062723c751e8b465ee728b)
Start importing Assets/ARCADE - FREE Racing Car using Guid(dc2968621dfd5834aac3a108ca248250) Importer(815301076,1909f56bfc062723c751e8b465ee728b)  -> (artifact id: 'f4480730afd318b4fd3920fd5ca01bee') in 0.013012 seconds 
========================================================================
Received Import Request.
  Time since last request: 0.000059 seconds.
  path: Assets/ARCADE - FREE Racing Car/Materials/Color Variations/AFRC_Mat_Col2.mat
  artifactKey: Guid(d2344366b80fe3d4f886ec412e0174fa) Importer(815301076,1909f56bfc062723c751e8b465ee728b)
Start importing Assets/ARCADE - FREE Racing Car/Materials/Color Variations/AFRC_Mat_Col2.mat using Guid(d2344366b80fe3d4f886ec412e0174fa) Importer(815301076,1909f56bfc062723c751e8b465ee728b)  -> (artifact id: '8a9b3fe5bc996add87f0cc1b5cfa9e3c') in 0.044767 seconds 
========================================================================
Received Import Request.
  Time since last request: 0.000033 seconds.
  path: Assets/ARCADE - FREE Racing Car/Materials/AFRC_Emission.mat
  artifactKey: Guid(ab035d7682921704a9015ac353311d57) Importer(815301076,1909f56bfc062723c751e8b465ee728b)
Start importing Assets/ARCADE - FREE Racing Car/Materials/AFRC_Emission.mat using Guid(ab035d7682921704a9015ac353311d57) Importer(815301076,1909f56bfc062723c751e8b465ee728b)  -> (artifact id: 'c5588810c1cc98366d9a453b2c646b32') in 0.266784 seconds 
========================================================================
Received Import Request.
  Time since last request: 0.000030 seconds.
  path: Assets/ARCADE - FREE Racing Car/Materials/Color Variations/AFRC_Mat_Col1.mat
  artifactKey: Guid(07f44fe3e9c462146a7769b976c50ec4) Importer(815301076,1909f56bfc062723c751e8b465ee728b)
Start importing Assets/ARCADE - FREE Racing Car/Materials/Color Variations/AFRC_Mat_Col1.mat using Guid(07f44fe3e9c462146a7769b976c50ec4) Importer(815301076,1909f56bfc062723c751e8b465ee728b)  -> (artifact id: '00423ad83e022e8b46459ad24e9a6946') in 0.031286 seconds 
========================================================================
Received Import Request.
  Time since last request: 9.098552 seconds.
  path: Assets/ARCADE - FREE Racing Car/Meshes
  artifactKey: Guid(0b49c9f90b77b6441bac4cde7efcd2fe) Importer(815301076,1909f56bfc062723c751e8b465ee728b)
Start importing Assets/ARCADE - FREE Racing Car/Meshes using Guid(0b49c9f90b77b6441bac4cde7efcd2fe) Importer(815301076,1909f56bfc062723c751e8b465ee728b)  -> (artifact id: 'f3c9a12aba066498886e4a93cf9d2ede') in 0.013456 seconds 
========================================================================
Received Import Request.
  Time since last request: 0.080482 seconds.
  path: Assets/ARCADE - FREE Racing Car/Meshes/ARCADE - FREE Racing Car.fbx
  artifactKey: Guid(9ec6a8fc6925acb4abc5500eeecb8270) Importer(815301076,1909f56bfc062723c751e8b465ee728b)
Start importing Assets/ARCADE - FREE Racing Car/Meshes/ARCADE - FREE Racing Car.fbx using Guid(9ec6a8fc6925acb4abc5500eeecb8270) Importer(815301076,1909f56bfc062723c751e8b465ee728b)  -> (artifact id: '79c938a5779a36027b5f568e42dee1d6') in 0.438632 seconds 
========================================================================
Received Import Request.
  Time since last request: 0.000034 seconds.
  path: Assets/ARCADE - FREE Racing Car/Meshes/Road.fbx
  artifactKey: Guid(ab2e556b62273434dad486c1e0a4ebf9) Importer(815301076,1909f56bfc062723c751e8b465ee728b)
Start importing Assets/ARCADE - FREE Racing Car/Meshes/Road.fbx using Guid(ab2e556b62273434dad486c1e0a4ebf9) Importer(815301076,1909f56bfc062723c751e8b465ee728b)  -> (artifact id: '356b87437b2d4ed52de9e12592280449') in 0.037415 seconds 
========================================================================
Received Import Request.
  Time since last request: 192.118153 seconds.
  path: Assets/Materiales
  artifactKey: Guid(4ba1f118d8da7a94e96afe807161ae50) Importer(815301076,1909f56bfc062723c751e8b465ee728b)
Start importing Assets/Materiales using Guid(4ba1f118d8da7a94e96afe807161ae50) Importer(815301076,1909f56bfc062723c751e8b465ee728b)  -> (artifact id: 'a8a05552d813bccb7fe08a8756590c98') in 0.014382 seconds 
========================================================================
Received Import Request.
  Time since last request: 18.811233 seconds.
  path: Assets/Materiales/Colorsuelo.mat
  artifactKey: Guid(63fcc244883acc543a9bbf7b165fe2e4) Importer(815301076,1909f56bfc062723c751e8b465ee728b)
Start importing Assets/Materiales/Colorsuelo.mat using Guid(63fcc244883acc543a9bbf7b165fe2e4) Importer(815301076,1909f56bfc062723c751e8b465ee728b)  -> (artifact id: 'f55029d1aabd289d7677f878f48fc2a2') in 0.028540 seconds 
========================================================================
Received Import Request.
  Time since last request: 44.314263 seconds.
  path: Assets/Materiales/Colorsuelo.mat
  artifactKey: Guid(63fcc244883acc543a9bbf7b165fe2e4) Importer(815301076,1909f56bfc062723c751e8b465ee728b)
Start importing Assets/Materiales/Colorsuelo.mat using Guid(63fcc244883acc543a9bbf7b165fe2e4) Importer(815301076,1909f56bfc062723c751e8b465ee728b)  -> (artifact id: 'ccfe6c94eddb6f7b41d7e7e309927bbc') in 0.037106 seconds 
========================================================================
Received Import Request.
  Time since last request: 107.022288 seconds.
  path: Assets/ARCADE - FREE Racing Car/Textures/AFRC_Env_Mat.png
  artifactKey: Guid(34a74330fac842a4f97649ddf77d6d50) Importer(815301076,1909f56bfc062723c751e8b465ee728b)
Start importing Assets/ARCADE - FREE Racing Car/Textures/AFRC_Env_Mat.png using Guid(34a74330fac842a4f97649ddf77d6d50) Importer(815301076,1909f56bfc062723c751e8b465ee728b)  -> (artifact id: '0447522773f9b9d1789c47700eebbbae') in 0.144631 seconds 
========================================================================
Received Import Request.
  Time since last request: 0.000034 seconds.
  path: Assets/ARCADE - FREE Racing Car/Textures/AFRC_Tex_Emission.png
  artifactKey: Guid(573a5992a1e562d45a64f56dabbe47ea) Importer(815301076,1909f56bfc062723c751e8b465ee728b)
Start importing Assets/ARCADE - FREE Racing Car/Textures/AFRC_Tex_Emission.png using Guid(573a5992a1e562d45a64f56dabbe47ea) Importer(815301076,1909f56bfc062723c751e8b465ee728b)  -> (artifact id: '8b07ceb926b1a140330e8a043c4ef4d2') in 0.031151 seconds 
========================================================================
Received Import Request.
  Time since last request: 1.865531 seconds.
  path: Assets/ARCADE - FREE Racing Car/Textures/Color Variations
  artifactKey: Guid(a3307e9a86ab5b14d9c517673a21495e) Importer(815301076,1909f56bfc062723c751e8b465ee728b)
Start importing Assets/ARCADE - FREE Racing Car/Textures/Color Variations using Guid(a3307e9a86ab5b14d9c517673a21495e) Importer(815301076,1909f56bfc062723c751e8b465ee728b)  -> (artifact id: '2e9a4718eb915d92147222ae36c61cd2') in 0.011638 seconds 
========================================================================
Received Import Request.
  Time since last request: 0.892879 seconds.
  path: Assets/ARCADE - FREE Racing Car/Textures/Color Variations/AFRC_Tex_Col1.png
  artifactKey: Guid(8c508eea1762dd44cbf66593e03a6b04) Importer(815301076,1909f56bfc062723c751e8b465ee728b)
Start importing Assets/ARCADE - FREE Racing Car/Textures/Color Variations/AFRC_Tex_Col1.png using Guid(8c508eea1762dd44cbf66593e03a6b04) Importer(815301076,1909f56bfc062723c751e8b465ee728b)  -> (artifact id: 'b49a8044af3ed22399acb16a4f2f3965') in 0.033597 seconds 
========================================================================
Received Import Request.
  Time since last request: 0.000043 seconds.
  path: Assets/ARCADE - FREE Racing Car/Textures/Color Variations/AFRC_Tex_Col5.png
  artifactKey: Guid(ee5f07cb504e5b04dbdd32ef7d265c72) Importer(815301076,1909f56bfc062723c751e8b465ee728b)
Start importing Assets/ARCADE - FREE Racing Car/Textures/Color Variations/AFRC_Tex_Col5.png using Guid(ee5f07cb504e5b04dbdd32ef7d265c72) Importer(815301076,1909f56bfc062723c751e8b465ee728b)  -> (artifact id: '6b4e99f7fe89a3135bee3ae601d3c586') in 0.026372 seconds 
========================================================================
Received Import Request.
  Time since last request: 0.000029 seconds.
  path: Assets/ARCADE - FREE Racing Car/Textures/Color Variations/AFRC_Tex_Col4.png
  artifactKey: Guid(1732d531203aec748bc591f92d780684) Importer(815301076,1909f56bfc062723c751e8b465ee728b)
Start importing Assets/ARCADE - FREE Racing Car/Textures/Color Variations/AFRC_Tex_Col4.png using Guid(1732d531203aec748bc591f92d780684) Importer(815301076,1909f56bfc062723c751e8b465ee728b)  -> (artifact id: '9d2ef12c70965644b5261c991d7a288c') in 0.027616 seconds 
========================================================================
Received Import Request.
  Time since last request: 0.000037 seconds.
  path: Assets/ARCADE - FREE Racing Car/Textures/Color Variations/AFRC_Tex_Col2.png
  artifactKey: Guid(6242e2ca19f64494ba8e4ae07a3a2c39) Importer(815301076,1909f56bfc062723c751e8b465ee728b)
Start importing Assets/ARCADE - FREE Racing Car/Textures/Color Variations/AFRC_Tex_Col2.png using Guid(6242e2ca19f64494ba8e4ae07a3a2c39) Importer(815301076,1909f56bfc062723c751e8b465ee728b)  -> (artifact id: 'f38ce67091d3cdcbef022d14dd8d500b') in 0.038540 seconds 
========================================================================
Received Import Request.
  Time since last request: 0.000047 seconds.
  path: Assets/ARCADE - FREE Racing Car/Textures/Color Variations/AFRC_Tex_Col3.png
  artifactKey: Guid(f5339e3a5ecdae64aa3afa490a1d892e) Importer(815301076,1909f56bfc062723c751e8b465ee728b)
Start importing Assets/ARCADE - FREE Racing Car/Textures/Color Variations/AFRC_Tex_Col3.png using Guid(f5339e3a5ecdae64aa3afa490a1d892e) Importer(815301076,1909f56bfc062723c751e8b465ee728b)  -> (artifact id: 'b192cd1ecfa6e50c77ded9a1677ab40c') in 0.028324 seconds 
========================================================================
Received Import Request.
  Time since last request: 10.359447 seconds.
  path: Assets/ARCADE - FREE Racing Car/Prefabs (Meshes Only)/Free Racing Car Blue Variant.prefab
  artifactKey: Guid(a9cbfe7195f75844aa7ec0619ca7616f) Importer(815301076,1909f56bfc062723c751e8b465ee728b)
Start importing Assets/ARCADE - FREE Racing Car/Prefabs (Meshes Only)/Free Racing Car Blue Variant.prefab using Guid(a9cbfe7195f75844aa7ec0619ca7616f) Importer(815301076,1909f56bfc062723c751e8b465ee728b)  -> (artifact id: '97c7a99878a6d74cd3ded97614ddd380') in 0.037390 seconds 
========================================================================
Received Import Request.
  Time since last request: 0.000036 seconds.
  path: Assets/ARCADE - FREE Racing Car/Prefabs (Meshes Only)/Free Racing Car.prefab
  artifactKey: Guid(c4cad50aa03bbca42938fe318344950b) Importer(815301076,1909f56bfc062723c751e8b465ee728b)
Start importing Assets/ARCADE - FREE Racing Car/Prefabs (Meshes Only)/Free Racing Car.prefab using Guid(c4cad50aa03bbca42938fe318344950b) Importer(815301076,1909f56bfc062723c751e8b465ee728b)  -> (artifact id: '4a10f4be4f8fe266ba2fecbdb52de88e') in 0.036548 seconds 
========================================================================
Received Import Request.
  Time since last request: 0.000037 seconds.
  path: Assets/ARCADE - FREE Racing Car/Prefabs (Meshes Only)/Free Racing Car Gray Variant.prefab
  artifactKey: Guid(f430073c636116b4b9c0f5e6ddcde097) Importer(815301076,1909f56bfc062723c751e8b465ee728b)
Start importing Assets/ARCADE - FREE Racing Car/Prefabs (Meshes Only)/Free Racing Car Gray Variant.prefab using Guid(f430073c636116b4b9c0f5e6ddcde097) Importer(815301076,1909f56bfc062723c751e8b465ee728b)  -> (artifact id: '1cb906747739c723be79a39b62f579b1') in 0.058928 seconds 
========================================================================
Received Import Request.
  Time since last request: 0.000045 seconds.
  path: Assets/ARCADE - FREE Racing Car/Prefabs (Meshes Only)/Free Racing Car Purple Variant.prefab
  artifactKey: Guid(98c57f100a7d7684dba02b8725bbc5d8) Importer(815301076,1909f56bfc062723c751e8b465ee728b)
Start importing Assets/ARCADE - FREE Racing Car/Prefabs (Meshes Only)/Free Racing Car Purple Variant.prefab using Guid(98c57f100a7d7684dba02b8725bbc5d8) Importer(815301076,1909f56bfc062723c751e8b465ee728b)  -> (artifact id: 'a3961d56fb4070b190e660c04998c5e9') in 0.041343 seconds 
========================================================================
Received Import Request.
  Time since last request: 0.000035 seconds.
  path: Assets/ARCADE - FREE Racing Car/Prefabs (Meshes Only)/Free Racing Car Red Variant.prefab
  artifactKey: Guid(a82f70a5f0178974093910fc6fd84c38) Importer(815301076,1909f56bfc062723c751e8b465ee728b)
Start importing Assets/ARCADE - FREE Racing Car/Prefabs (Meshes Only)/Free Racing Car Red Variant.prefab using Guid(a82f70a5f0178974093910fc6fd84c38) Importer(815301076,1909f56bfc062723c751e8b465ee728b)  -> (artifact id: '63cd7756ba2154d7d0c66c2edf393c99') in 0.034921 seconds 
========================================================================
Received Import Request.
  Time since last request: 1.834214 seconds.
  path: Assets/ARCADE - FREE Racing Car/Prefabs (With Colliders)/Free Racing Car Blue Variant.prefab
  artifactKey: Guid(e9be6b9d71ce20345b55b654f6eca5d9) Importer(815301076,1909f56bfc062723c751e8b465ee728b)
Start importing Assets/ARCADE - FREE Racing Car/Prefabs (With Colliders)/Free Racing Car Blue Variant.prefab using Guid(e9be6b9d71ce20345b55b654f6eca5d9) Importer(815301076,1909f56bfc062723c751e8b465ee728b)  -> (artifact id: '7f682e73bac89d094307abf2ddf20e3a') in 0.029535 seconds 
========================================================================
Received Import Request.
  Time since last request: 0.000035 seconds.
  path: Assets/ARCADE - FREE Racing Car/Prefabs (With Colliders)/Free Racing Car Purple Variant.prefab
  artifactKey: Guid(62010132604e8c94d96b4cb4fe6d3394) Importer(815301076,1909f56bfc062723c751e8b465ee728b)
Start importing Assets/ARCADE - FREE Racing Car/Prefabs (With Colliders)/Free Racing Car Purple Variant.prefab using Guid(62010132604e8c94d96b4cb4fe6d3394) Importer(815301076,1909f56bfc062723c751e8b465ee728b)  -> (artifact id: 'e7fc4d846792e7353af642d071dc1813') in 0.039802 seconds 
========================================================================
Received Import Request.
  Time since last request: 0.000031 seconds.
  path: Assets/ARCADE - FREE Racing Car/Prefabs (With Colliders)/Free Racing Car Gray Variant.prefab
  artifactKey: Guid(4d1624804e8167f479ab63c5302ff1d5) Importer(815301076,1909f56bfc062723c751e8b465ee728b)
Start importing Assets/ARCADE - FREE Racing Car/Prefabs (With Colliders)/Free Racing Car Gray Variant.prefab using Guid(4d1624804e8167f479ab63c5302ff1d5) Importer(815301076,1909f56bfc062723c751e8b465ee728b)  -> (artifact id: '6ad82ac9b0c9a3abe8f765584391cf1a') in 0.097479 seconds 
========================================================================
Received Import Request.
  Time since last request: 0.000036 seconds.
  path: Assets/ARCADE - FREE Racing Car/Prefabs (With Colliders)/Free Racing Car Red Variant.prefab
  artifactKey: Guid(8a8f57edf3523624eb9f886833e8e97a) Importer(815301076,1909f56bfc062723c751e8b465ee728b)
Start importing Assets/ARCADE - FREE Racing Car/Prefabs (With Colliders)/Free Racing Car Red Variant.prefab using Guid(8a8f57edf3523624eb9f886833e8e97a) Importer(815301076,1909f56bfc062723c751e8b465ee728b)  -> (artifact id: 'e7ca27a35cde31f790ea76fdac5eaf6a') in 0.037520 seconds 
========================================================================
Received Import Request.
  Time since last request: 0.000094 seconds.
  path: Assets/ARCADE - FREE Racing Car/Prefabs (With Colliders)/Free Racing Car.prefab
  artifactKey: Guid(133308cdb8794744caaef026bde9e1f0) Importer(815301076,1909f56bfc062723c751e8b465ee728b)
Start importing Assets/ARCADE - FREE Racing Car/Prefabs (With Colliders)/Free Racing Car.prefab using Guid(133308cdb8794744caaef026bde9e1f0) Importer(815301076,1909f56bfc062723c751e8b465ee728b)  -> (artifact id: '6ed4b3267f62f166adf10c938a0b432d') in 0.045341 seconds 
========================================================================
Received Import Request.
  Time since last request: 1.481121 seconds.
  path: Assets/ARCADE - FREE Racing Car/Scenes/More cars.png
  artifactKey: Guid(d12c0013fcfea9e4a9ee272bfaaec870) Importer(815301076,1909f56bfc062723c751e8b465ee728b)
Start importing Assets/ARCADE - FREE Racing Car/Scenes/More cars.png using Guid(d12c0013fcfea9e4a9ee272bfaaec870) Importer(815301076,1909f56bfc062723c751e8b465ee728b)  -> (artifact id: '50688a35909027fbad9d0be05d95d829') in 0.053412 seconds 
========================================================================
Received Import Request.
  Time since last request: 4.464875 seconds.
  path: Assets/ARCADE - FREE Racing Car/Scenes/Post Processing
  artifactKey: Guid(a2402d9080f37e3409a46c76d26e0bfa) Importer(815301076,1909f56bfc062723c751e8b465ee728b)
Start importing Assets/ARCADE - FREE Racing Car/Scenes/Post Processing using Guid(a2402d9080f37e3409a46c76d26e0bfa) Importer(815301076,1909f56bfc062723c751e8b465ee728b)  -> (artifact id: '5994436ed4331d7754d45b156d653e59') in 0.012114 seconds 
========================================================================
Received Import Request.
  Time since last request: 0.144250 seconds.
  path: Assets/ARCADE - FREE Racing Car/Scenes/Post Processing/AFRC Volume Profile.asset
  artifactKey: Guid(d297d2778eef9fb4cbc6b69c18433b0b) Importer(815301076,1909f56bfc062723c751e8b465ee728b)
Start importing Assets/ARCADE - FREE Racing Car/Scenes/Post Processing/AFRC Volume Profile.asset using Guid(d297d2778eef9fb4cbc6b69c18433b0b) Importer(815301076,1909f56bfc062723c751e8b465ee728b)  -> (artifact id: 'b784a14e3aa7c5b262660c58905eb784') in 0.013749 seconds 
========================================================================
Received Import Request.
  Time since last request: 6.268259 seconds.
  path: Assets/ARCADE - FREE Racing Car/Scenes/Day.unity
  artifactKey: Guid(6f89d6c81d4a93d46a40396e009cdf77) Importer(815301076,1909f56bfc062723c751e8b465ee728b)
Start importing Assets/ARCADE - FREE Racing Car/Scenes/Day.unity using Guid(6f89d6c81d4a93d46a40396e009cdf77) Importer(815301076,1909f56bfc062723c751e8b465ee728b)  -> (artifact id: '0947fbb04be205caf30ebdc673f6f410') in 0.012154 seconds 
========================================================================
Received Import Request.
  Time since last request: 17.646025 seconds.
  path: Assets/ARCADE - FREE Racing Car/Skybox/Day
  artifactKey: Guid(2753f03c0463b774c9d0a311d32118ad) Importer(815301076,1909f56bfc062723c751e8b465ee728b)
Start importing Assets/ARCADE - FREE Racing Car/Skybox/Day using Guid(2753f03c0463b774c9d0a311d32118ad) Importer(815301076,1909f56bfc062723c751e8b465ee728b)  -> (artifact id: '9f4530abb4afe6164c978fc2d55381ba') in 0.015849 seconds 
========================================================================
Received Import Request.
  Time since last request: 1.091668 seconds.
  path: Assets/ARCADE - FREE Racing Car/Skybox/Day/Day Skybox.mat
  artifactKey: Guid(2fdc1726342f4a749a190a0a8677a1a2) Importer(815301076,1909f56bfc062723c751e8b465ee728b)
Start importing Assets/ARCADE - FREE Racing Car/Skybox/Day/Day Skybox.mat using Guid(2fdc1726342f4a749a190a0a8677a1a2) Importer(815301076,1909f56bfc062723c751e8b465ee728b)  -> (artifact id: '6547a3e7d4bbdabe273da0419c078fd9') in 0.284367 seconds 
========================================================================
Received Import Request.
  Time since last request: 1.030541 seconds.
  path: Assets/ARCADE - FREE Racing Car/Skybox/Day/Textures
  artifactKey: Guid(adad24ed63dad3f4d9d375998942834a) Importer(815301076,1909f56bfc062723c751e8b465ee728b)
Start importing Assets/ARCADE - FREE Racing Car/Skybox/Day/Textures using Guid(adad24ed63dad3f4d9d375998942834a) Importer(815301076,1909f56bfc062723c751e8b465ee728b)  -> (artifact id: '01961a019cc6955c99607cea8500ff6c') in 0.012987 seconds 
========================================================================
Received Import Request.
  Time since last request: 0.083622 seconds.
  path: Assets/ARCADE - FREE Racing Car/Skybox/Day/Textures/Bottom.png
  artifactKey: Guid(d09270a5be941b14e8cd76b7d0347e0b) Importer(815301076,1909f56bfc062723c751e8b465ee728b)
Start importing Assets/ARCADE - FREE Racing Car/Skybox/Day/Textures/Bottom.png using Guid(d09270a5be941b14e8cd76b7d0347e0b) Importer(815301076,1909f56bfc062723c751e8b465ee728b)  -> (artifact id: '630808bf929241880ba9883a810182e2') in 0.033307 seconds 
========================================================================
Received Import Request.
  Time since last request: 0.000030 seconds.
  path: Assets/ARCADE - FREE Racing Car/Skybox/Day/Textures/Middle.png
  artifactKey: Guid(1547f812d72e8dc41aeb23f1ca2d0f49) Importer(815301076,1909f56bfc062723c751e8b465ee728b)
Start importing Assets/ARCADE - FREE Racing Car/Skybox/Day/Textures/Middle.png using Guid(1547f812d72e8dc41aeb23f1ca2d0f49) Importer(815301076,1909f56bfc062723c751e8b465ee728b)  -> (artifact id: '3a7307aaea602ddd4123c40716824e71') in 0.027677 seconds 
========================================================================
Received Import Request.
  Time since last request: 0.000033 seconds.
  path: Assets/ARCADE - FREE Racing Car/Skybox/Day/Textures/Top.png
  artifactKey: Guid(0ea79d67094ea414ca3f589eeac91a52) Importer(815301076,1909f56bfc062723c751e8b465ee728b)
Start importing Assets/ARCADE - FREE Racing Car/Skybox/Day/Textures/Top.png using Guid(0ea79d67094ea414ca3f589eeac91a52) Importer(815301076,1909f56bfc062723c751e8b465ee728b)  -> (artifact id: 'b8b07cdfdba88aa5d697f2ca6f0fb4b8') in 0.054102 seconds 
========================================================================
Received Import Request.
  Time since last request: 17.816341 seconds.
  path: Assets/ARCADE - FREE Racing Car/Skybox/Day/Materials/Top.mat
  artifactKey: Guid(c2ecae2cbeeceac41844cfd4f8710807) Importer(815301076,1909f56bfc062723c751e8b465ee728b)
Start importing Assets/ARCADE - FREE Racing Car/Skybox/Day/Materials/Top.mat using Guid(c2ecae2cbeeceac41844cfd4f8710807) Importer(815301076,1909f56bfc062723c751e8b465ee728b)  -> (artifact id: 'f919f39a20675268fc6a3293cb1b4424') in 0.027975 seconds 
========================================================================
Received Import Request.
  Time since last request: 785.798220 seconds.
  path: Assets/Materiales/Colorcarretera.mat
  artifactKey: Guid(4dbb31c54a57f8047b22069f0db14570) Importer(815301076,1909f56bfc062723c751e8b465ee728b)
Start importing Assets/Materiales/Colorcarretera.mat using Guid(4dbb31c54a57f8047b22069f0db14570) Importer(815301076,1909f56bfc062723c751e8b465ee728b)  -> (artifact id: '5610b88f6dd46c384adae575d311e7a8') in 0.030729 seconds 
========================================================================
Received Import Request.
  Time since last request: 70.033635 seconds.
  path: Assets/Materiales/Colorcarretera.mat
  artifactKey: Guid(4dbb31c54a57f8047b22069f0db14570) Importer(815301076,1909f56bfc062723c751e8b465ee728b)
Start importing Assets/Materiales/Colorcarretera.mat using Guid(4dbb31c54a57f8047b22069f0db14570) Importer(815301076,1909f56bfc062723c751e8b465ee728b)  -> (artifact id: '93d57e8ff8667c5600abc908e98e100a') in 0.025045 seconds 
========================================================================
Received Import Request.
  Time since last request: 125.054705 seconds.
  path: Assets/Materiales/Lineasblancas.mat
  artifactKey: Guid(91dc1daca4790f5499f8748e5e34c143) Importer(815301076,1909f56bfc062723c751e8b465ee728b)
Start importing Assets/Materiales/Lineasblancas.mat using Guid(91dc1daca4790f5499f8748e5e34c143) Importer(815301076,1909f56bfc062723c751e8b465ee728b)  -> (artifact id: 'db9a228b5ed87dc3764506cdf5e2e0e2') in 0.024884 seconds 
