Using pre-set license
Built from '2021.3/staging' branch; Version is '2021.3.5f1 (40eb3a945986) revision 4254522'; Using compiler version '192829333'; Build Type 'Release'
OS: 'Windows 10  (10.0.19044) 64bit EducationN' Language: 'es' Physical Memory: 16272 MB
BatchMode: 1, IsHumanControllingUs: 0, StartBugReporterOnCrash: 0, Is64bit: 1, IsPro: 1

COMMAND LINE ARGUMENTS:
C:\Program Files\Unity\Hub\Editor\2021.3.5f1\Editor\Unity.exe
-adb2
-batchMode
-noUpm
-name
AssetImportWorker0
-projectPath
C:/Users/alumnat/Documents/GitHub/actividad1UNTY/Move objects with keys
-logFile
Logs/AssetImportWorker0.log
-srvPort
49197
Successfully changed project path to: C:/Users/alumnat/Documents/GitHub/actividad1UNTY/Move objects with keys
C:/Users/alumnat/Documents/GitHub/actividad1UNTY/Move objects with keys
[UnityMemory] Configuration Parameters - Can be set up in boot.config
    "memorysetup-bucket-allocator-granularity=16"
    "memorysetup-bucket-allocator-bucket-count=8"
    "memorysetup-bucket-allocator-block-size=33554432"
    "memorysetup-bucket-allocator-block-count=8"
    "memorysetup-main-allocator-block-size=16777216"
    "memorysetup-thread-allocator-block-size=16777216"
    "memorysetup-gfx-main-allocator-block-size=16777216"
    "memorysetup-gfx-thread-allocator-block-size=16777216"
    "memorysetup-cache-allocator-block-size=4194304"
    "memorysetup-typetree-allocator-block-size=2097152"
    "memorysetup-profiler-bucket-allocator-granularity=16"
    "memorysetup-profiler-bucket-allocator-bucket-count=8"
    "memorysetup-profiler-bucket-allocator-block-size=33554432"
    "memorysetup-profiler-bucket-allocator-block-count=8"
    "memorysetup-profiler-allocator-block-size=16777216"
    "memorysetup-profiler-editor-allocator-block-size=1048576"
    "memorysetup-temp-allocator-size-main=16777216"
    "memorysetup-job-temp-allocator-block-size=2097152"
    "memorysetup-job-temp-allocator-block-size-background=1048576"
    "memorysetup-job-temp-allocator-reduction-small-platforms=262144"
    "memorysetup-temp-allocator-size-background-worker=32768"
    "memorysetup-temp-allocator-size-job-worker=262144"
    "memorysetup-temp-allocator-size-preload-manager=33554432"
    "memorysetup-temp-allocator-size-nav-mesh-worker=65536"
    "memorysetup-temp-allocator-size-audio-worker=65536"
    "memorysetup-temp-allocator-size-cloud-worker=32768"
    "memorysetup-temp-allocator-size-gi-baking-worker=262144"
    "memorysetup-temp-allocator-size-gfx=262144"
Refreshing native plugins compatible for Editor in 134.96 ms, found 3 plugins.
Preloading 0 native plugins for Editor in 0.00 ms.
Initialize engine version: 2021.3.5f1 (40eb3a945986)
[Subsystems] Discovering subsystems at path C:/Program Files/Unity/Hub/Editor/2021.3.5f1/Editor/Data/Resources/UnitySubsystems
[Subsystems] Discovering subsystems at path C:/Users/alumnat/Documents/GitHub/actividad1UNTY/Move objects with keys/Assets
GfxDevice: creating device client; threaded=0; jobified=0
Direct3D:
    Version:  Direct3D 11.0 [level 10.1]
    Renderer: Intel(R) HD Graphics (ID=0x102)
    Vendor:   Intel
    VRAM:     128 MB
    Driver:   9.17.10.4459
Initialize mono
Mono path[0] = 'C:/Program Files/Unity/Hub/Editor/2021.3.5f1/Editor/Data/Managed'
Mono path[1] = 'C:/Program Files/Unity/Hub/Editor/2021.3.5f1/Editor/Data/MonoBleedingEdge/lib/mono/unityjit-win32'
Mono config path = 'C:/Program Files/Unity/Hub/Editor/2021.3.5f1/Editor/Data/MonoBleedingEdge/etc'
Using monoOptions --debugger-agent=transport=dt_socket,embedding=1,server=y,suspend=n,address=127.0.0.1:56932
Begin MonoManager ReloadAssembly
Registering precompiled unity dll's ...
Register platform support module: C:/Program Files/Unity/Hub/Editor/2021.3.5f1/Editor/Data/PlaybackEngines/WebGLSupport/UnityEditor.WebGL.Extensions.dll
Register platform support module: C:/Program Files/Unity/Hub/Editor/2021.3.5f1/Editor/Data/PlaybackEngines/AndroidPlayer/UnityEditor.Android.Extensions.dll
Register platform support module: C:/Program Files/Unity/Hub/Editor/2021.3.5f1/Editor/Data/PlaybackEngines/WindowsStandaloneSupport/UnityEditor.WindowsStandalone.Extensions.dll
Register platform support module: C:/Program Files/Unity/Hub/Editor/2021.3.5f1/Editor/Data/PlaybackEngines/MetroSupport/UnityEditor.UWP.Extensions.dll
Registered in 0.023416 seconds.
Native extension for UWP target not found
Native extension for WindowsStandalone target not found
Native extension for Android target not found
Native extension for WebGL target not found
Refreshing native plugins compatible for Editor in 121.66 ms, found 3 plugins.
Preloading 0 native plugins for Editor in 0.00 ms.
Mono: successfully reloaded assembly
- Completed reload, in  1.075 seconds
Domain Reload Profiling:
	ReloadAssembly (1076ms)
		BeginReloadAssembly (134ms)
			ExecutionOrderSort (0ms)
			DisableScriptedObjects (0ms)
			BackupInstance (0ms)
			ReleaseScriptingObjects (0ms)
			CreateAndSetChildDomain (1ms)
		EndReloadAssembly (749ms)
			LoadAssemblies (131ms)
			RebuildTransferFunctionScriptingTraits (0ms)
			SetupTypeCache (174ms)
			ReleaseScriptCaches (0ms)
			RebuildScriptCaches (47ms)
			SetupLoadedEditorAssemblies (445ms)
				LogAssemblyErrors (0ms)
				InitializePlatformSupportModulesInManaged (76ms)
				SetLoadedEditorAssemblies (0ms)
				RefreshPlugins (122ms)
				BeforeProcessingInitializeOnLoad (2ms)
				ProcessInitializeOnLoadAttributes (177ms)
				ProcessInitializeOnLoadMethodAttributes (67ms)
				AfterProcessingInitializeOnLoad (0ms)
				EditorAssembliesLoaded (0ms)
			ExecutionOrderSort2 (0ms)
			AwakeInstancesAfterBackupRestoration (0ms)
Platform modules already initialized, skipping
Registering precompiled user dll's ...
Registered in 0.013779 seconds.
Begin MonoManager ReloadAssembly
Symbol file LoadedFromMemory doesn't match image C:\Users\alumnat\Documents\GitHub\actividad1UNTY\Move objects with keys\Library\PackageCache\com.unity.visualscripting@1.7.8\Editor\VisualScripting.Core\Dependencies\YamlDotNet\Unity.VisualScripting.YamlDotNet.dll
Symbol file LoadedFromMemory doesn't match image C:\Users\alumnat\Documents\GitHub\actividad1UNTY\Move objects with keys\Library\PackageCache\com.unity.visualscripting@1.7.8\Editor\VisualScripting.Core\Dependencies\DotNetZip\Unity.VisualScripting.IonicZip.dll
Native extension for UWP target not found
Native extension for WindowsStandalone target not found
Native extension for Android target not found
Native extension for WebGL target not found
Refreshing native plugins compatible for Editor in 0.84 ms, found 3 plugins.
Preloading 0 native plugins for Editor in 0.00 ms.
Mono: successfully reloaded assembly
- Completed reload, in  1.674 seconds
Domain Reload Profiling:
	ReloadAssembly (1675ms)
		BeginReloadAssembly (188ms)
			ExecutionOrderSort (0ms)
			DisableScriptedObjects (9ms)
			BackupInstance (0ms)
			ReleaseScriptingObjects (0ms)
			CreateAndSetChildDomain (29ms)
		EndReloadAssembly (1282ms)
			LoadAssemblies (149ms)
			RebuildTransferFunctionScriptingTraits (0ms)
			SetupTypeCache (407ms)
			ReleaseScriptCaches (1ms)
			RebuildScriptCaches (76ms)
			SetupLoadedEditorAssemblies (602ms)
				LogAssemblyErrors (0ms)
				InitializePlatformSupportModulesInManaged (32ms)
				SetLoadedEditorAssemblies (1ms)
				RefreshPlugins (1ms)
				BeforeProcessingInitializeOnLoad (150ms)
				ProcessInitializeOnLoadAttributes (358ms)
				ProcessInitializeOnLoadMethodAttributes (42ms)
				AfterProcessingInitializeOnLoad (18ms)
				EditorAssembliesLoaded (0ms)
			ExecutionOrderSort2 (0ms)
			AwakeInstancesAfterBackupRestoration (9ms)
Platform modules already initialized, skipping
========================================================================
Worker process is ready to serve import requests
Launched and connected shader compiler UnityShaderCompiler.exe after 0.06 seconds
Refreshing native plugins compatible for Editor in 0.81 ms, found 3 plugins.
Preloading 0 native plugins for Editor in 0.00 ms.
Unloading 3368 Unused Serialized files (Serialized files now loaded: 0)
Unloading 27 unused Assets / (111.0 KB). Loaded Objects now: 3826.
Memory consumption went from 115.9 MB to 115.8 MB.
Total: 4.821800 ms (FindLiveObjects: 0.337800 ms CreateObjectMapping: 0.143500 ms MarkObjects: 4.202400 ms  DeleteObjects: 0.136400 ms)

AssetImportParameters requested are different than current active one (requested -> active):
  custom:video-decoder-ogg-theora: a1e56fd34408186e4bbccfd4996cb3dc -> 
  custom:container-muxer-webm: aa71ff27fc2769a1b78a27578f13a17b -> 
  custom:container-demuxer-webm: 4f35f7cbe854078d1ac9338744f61a02 -> 
  custom:video-encoder-webm-vp8: eb34c28f22e8b96e1ab97ce403110664 -> 
  custom:audio-encoder-webm-vorbis: bf7c407c2cedff20999df2af8eb42d56 -> 
  custom:container-demuxer-ogg: 62fdf1f143b41e24485cea50d1cbac27 -> 
  custom:video-decoder-webm-vp8: 9c59270c3fd7afecdb556c50c9e8de78 -> 
  custom:audio-decoder-ogg-vorbis: bf7c407c2cedff20999df2af8eb42d56 -> 
========================================================================
Received Import Request.
  Time since last request: 11830.152298 seconds.
  path: Assets/ARCADE - FREE Racing Car/Materials/AFRC_Env_Mat.mat
  artifactKey: Guid(69b6e8fa160b23c42a4052f818eb166c) Importer(815301076,1909f56bfc062723c751e8b465ee728b)
Start importing Assets/ARCADE - FREE Racing Car/Materials/AFRC_Env_Mat.mat using Guid(69b6e8fa160b23c42a4052f818eb166c) Importer(815301076,1909f56bfc062723c751e8b465ee728b)  -> (artifact id: '0242e47cb2b51d05d4b3ea288afb03df') in 0.480482 seconds 
========================================================================
Received Import Request.
  Time since last request: 0.000034 seconds.
  path: Assets/ARCADE - FREE Racing Car/Materials/AFRC_Emission.mat
  artifactKey: Guid(ab035d7682921704a9015ac353311d57) Importer(815301076,1909f56bfc062723c751e8b465ee728b)
Start importing Assets/ARCADE - FREE Racing Car/Materials/AFRC_Emission.mat using Guid(ab035d7682921704a9015ac353311d57) Importer(815301076,1909f56bfc062723c751e8b465ee728b)  -> (artifact id: 'c5588810c1cc98366d9a453b2c646b32') in 0.265148 seconds 
========================================================================
Received Import Request.
  Time since last request: 1.951253 seconds.
  path: Assets/ARCADE - FREE Racing Car/Materials/Color Variations
  artifactKey: Guid(8abab931da3a1cd48bf2967746adf82e) Importer(815301076,1909f56bfc062723c751e8b465ee728b)
Start importing Assets/ARCADE - FREE Racing Car/Materials/Color Variations using Guid(8abab931da3a1cd48bf2967746adf82e) Importer(815301076,1909f56bfc062723c751e8b465ee728b)  -> (artifact id: '29db16ab9176642eb6bf4408a138955c') in 0.012345 seconds 
========================================================================
Received Import Request.
  Time since last request: 0.023306 seconds.
  path: Assets/ARCADE - FREE Racing Car/Materials/Color Variations/AFRC_Mat_Col1.mat
  artifactKey: Guid(07f44fe3e9c462146a7769b976c50ec4) Importer(815301076,1909f56bfc062723c751e8b465ee728b)
Start importing Assets/ARCADE - FREE Racing Car/Materials/Color Variations/AFRC_Mat_Col1.mat using Guid(07f44fe3e9c462146a7769b976c50ec4) Importer(815301076,1909f56bfc062723c751e8b465ee728b)  -> (artifact id: '00423ad83e022e8b46459ad24e9a6946') in 0.376961 seconds 
========================================================================
Received Import Request.
  Time since last request: 0.000033 seconds.
  path: Assets/ARCADE - FREE Racing Car/Materials/Color Variations/AFRC_Mat_Col4.mat
  artifactKey: Guid(104696f8b5f23d24586d858b68916bdc) Importer(815301076,1909f56bfc062723c751e8b465ee728b)
Start importing Assets/ARCADE - FREE Racing Car/Materials/Color Variations/AFRC_Mat_Col4.mat using Guid(104696f8b5f23d24586d858b68916bdc) Importer(815301076,1909f56bfc062723c751e8b465ee728b)  -> (artifact id: '8d1006d070d258cdc60d6902715f70ea') in 0.026514 seconds 
========================================================================
Received Import Request.
  Time since last request: 0.000056 seconds.
  path: Assets/ARCADE - FREE Racing Car/Materials/Color Variations/AFRC_Mat_Col3.mat
  artifactKey: Guid(c4c2ee3e832cffd48bb9d156c2b21376) Importer(815301076,1909f56bfc062723c751e8b465ee728b)
Start importing Assets/ARCADE - FREE Racing Car/Materials/Color Variations/AFRC_Mat_Col3.mat using Guid(c4c2ee3e832cffd48bb9d156c2b21376) Importer(815301076,1909f56bfc062723c751e8b465ee728b)  -> (artifact id: 'd78dc1cae8e62ffa5eb01da42fed91e5') in 0.037080 seconds 
========================================================================
Received Import Request.
  Time since last request: 0.000044 seconds.
  path: Assets/ARCADE - FREE Racing Car/Materials/Color Variations/AFRC_Mat_Col5.mat
  artifactKey: Guid(74196cf5d503c14488ae1ef1dbc6c9a4) Importer(815301076,1909f56bfc062723c751e8b465ee728b)
Start importing Assets/ARCADE - FREE Racing Car/Materials/Color Variations/AFRC_Mat_Col5.mat using Guid(74196cf5d503c14488ae1ef1dbc6c9a4) Importer(815301076,1909f56bfc062723c751e8b465ee728b)  -> (artifact id: 'cd43e0411b13289e6e9cd91a6b3ee290') in 0.027580 seconds 
========================================================================
Received Import Request.
  Time since last request: 0.000151 seconds.
  path: Assets/ARCADE - FREE Racing Car/Materials/Color Variations/AFRC_Mat_Col2.mat
  artifactKey: Guid(d2344366b80fe3d4f886ec412e0174fa) Importer(815301076,1909f56bfc062723c751e8b465ee728b)
Start importing Assets/ARCADE - FREE Racing Car/Materials/Color Variations/AFRC_Mat_Col2.mat using Guid(d2344366b80fe3d4f886ec412e0174fa) Importer(815301076,1909f56bfc062723c751e8b465ee728b)  -> (artifact id: '8a9b3fe5bc996add87f0cc1b5cfa9e3c') in 0.026933 seconds 
========================================================================
Received Import Request.
  Time since last request: 36.725279 seconds.
  path: Assets/ARCADE - FREE Racing Car/Meshes/ARCADE - FREE Racing Car.fbx
  artifactKey: Guid(9ec6a8fc6925acb4abc5500eeecb8270) Importer(815301076,1909f56bfc062723c751e8b465ee728b)
Start importing Assets/ARCADE - FREE Racing Car/Meshes/ARCADE - FREE Racing Car.fbx using Guid(9ec6a8fc6925acb4abc5500eeecb8270) Importer(815301076,1909f56bfc062723c751e8b465ee728b)  -> (artifact id: '79c938a5779a36027b5f568e42dee1d6') in 0.458120 seconds 
========================================================================
Received Import Request.
  Time since last request: 0.000044 seconds.
  path: Assets/ARCADE - FREE Racing Car/Meshes/Road.fbx
  artifactKey: Guid(ab2e556b62273434dad486c1e0a4ebf9) Importer(815301076,1909f56bfc062723c751e8b465ee728b)
Start importing Assets/ARCADE - FREE Racing Car/Meshes/Road.fbx using Guid(ab2e556b62273434dad486c1e0a4ebf9) Importer(815301076,1909f56bfc062723c751e8b465ee728b)  -> (artifact id: '356b87437b2d4ed52de9e12592280449') in 0.057977 seconds 
========================================================================
Received Import Request.
  Time since last request: 5.349851 seconds.
  path: Assets/ARCADE - FREE Racing Car/Prefabs (Meshes Only)/Free Racing Car Blue Variant.prefab
  artifactKey: Guid(a9cbfe7195f75844aa7ec0619ca7616f) Importer(815301076,1909f56bfc062723c751e8b465ee728b)
Start importing Assets/ARCADE - FREE Racing Car/Prefabs (Meshes Only)/Free Racing Car Blue Variant.prefab using Guid(a9cbfe7195f75844aa7ec0619ca7616f) Importer(815301076,1909f56bfc062723c751e8b465ee728b)  -> (artifact id: '97c7a99878a6d74cd3ded97614ddd380') in 0.039467 seconds 
========================================================================
Received Import Request.
  Time since last request: 0.000029 seconds.
  path: Assets/ARCADE - FREE Racing Car/Prefabs (Meshes Only)/Free Racing Car.prefab
  artifactKey: Guid(c4cad50aa03bbca42938fe318344950b) Importer(815301076,1909f56bfc062723c751e8b465ee728b)
Start importing Assets/ARCADE - FREE Racing Car/Prefabs (Meshes Only)/Free Racing Car.prefab using Guid(c4cad50aa03bbca42938fe318344950b) Importer(815301076,1909f56bfc062723c751e8b465ee728b)  -> (artifact id: '4a10f4be4f8fe266ba2fecbdb52de88e') in 0.038388 seconds 
========================================================================
Received Import Request.
  Time since last request: 0.000039 seconds.
  path: Assets/ARCADE - FREE Racing Car/Prefabs (Meshes Only)/Free Racing Car Gray Variant.prefab
  artifactKey: Guid(f430073c636116b4b9c0f5e6ddcde097) Importer(815301076,1909f56bfc062723c751e8b465ee728b)
Start importing Assets/ARCADE - FREE Racing Car/Prefabs (Meshes Only)/Free Racing Car Gray Variant.prefab using Guid(f430073c636116b4b9c0f5e6ddcde097) Importer(815301076,1909f56bfc062723c751e8b465ee728b)  -> (artifact id: '1cb906747739c723be79a39b62f579b1') in 0.048690 seconds 
========================================================================
Received Import Request.
  Time since last request: 0.000038 seconds.
  path: Assets/ARCADE - FREE Racing Car/Prefabs (Meshes Only)/Free Racing Car Purple Variant.prefab
  artifactKey: Guid(98c57f100a7d7684dba02b8725bbc5d8) Importer(815301076,1909f56bfc062723c751e8b465ee728b)
Start importing Assets/ARCADE - FREE Racing Car/Prefabs (Meshes Only)/Free Racing Car Purple Variant.prefab using Guid(98c57f100a7d7684dba02b8725bbc5d8) Importer(815301076,1909f56bfc062723c751e8b465ee728b)  -> (artifact id: 'a3961d56fb4070b190e660c04998c5e9') in 0.040881 seconds 
========================================================================
Received Import Request.
  Time since last request: 0.000044 seconds.
  path: Assets/ARCADE - FREE Racing Car/Prefabs (Meshes Only)/Free Racing Car Red Variant.prefab
  artifactKey: Guid(a82f70a5f0178974093910fc6fd84c38) Importer(815301076,1909f56bfc062723c751e8b465ee728b)
Start importing Assets/ARCADE - FREE Racing Car/Prefabs (Meshes Only)/Free Racing Car Red Variant.prefab using Guid(a82f70a5f0178974093910fc6fd84c38) Importer(815301076,1909f56bfc062723c751e8b465ee728b)  -> (artifact id: '63cd7756ba2154d7d0c66c2edf393c99') in 0.054684 seconds 
========================================================================
Received Import Request.
  Time since last request: 1.274147 seconds.
  path: Assets/ARCADE - FREE Racing Car/Prefabs (With Colliders)/Free Racing Car Blue Variant.prefab
  artifactKey: Guid(e9be6b9d71ce20345b55b654f6eca5d9) Importer(815301076,1909f56bfc062723c751e8b465ee728b)
Start importing Assets/ARCADE - FREE Racing Car/Prefabs (With Colliders)/Free Racing Car Blue Variant.prefab using Guid(e9be6b9d71ce20345b55b654f6eca5d9) Importer(815301076,1909f56bfc062723c751e8b465ee728b)  -> (artifact id: '7f682e73bac89d094307abf2ddf20e3a') in 0.028264 seconds 
========================================================================
Received Import Request.
  Time since last request: 0.000044 seconds.
  path: Assets/ARCADE - FREE Racing Car/Prefabs (With Colliders)/Free Racing Car Purple Variant.prefab
  artifactKey: Guid(62010132604e8c94d96b4cb4fe6d3394) Importer(815301076,1909f56bfc062723c751e8b465ee728b)
Start importing Assets/ARCADE - FREE Racing Car/Prefabs (With Colliders)/Free Racing Car Purple Variant.prefab using Guid(62010132604e8c94d96b4cb4fe6d3394) Importer(815301076,1909f56bfc062723c751e8b465ee728b)  -> (artifact id: 'e7fc4d846792e7353af642d071dc1813') in 0.053079 seconds 
========================================================================
Received Import Request.
  Time since last request: 0.000045 seconds.
  path: Assets/ARCADE - FREE Racing Car/Prefabs (With Colliders)/Free Racing Car Gray Variant.prefab
  artifactKey: Guid(4d1624804e8167f479ab63c5302ff1d5) Importer(815301076,1909f56bfc062723c751e8b465ee728b)
Start importing Assets/ARCADE - FREE Racing Car/Prefabs (With Colliders)/Free Racing Car Gray Variant.prefab using Guid(4d1624804e8167f479ab63c5302ff1d5) Importer(815301076,1909f56bfc062723c751e8b465ee728b)  -> (artifact id: '6ad82ac9b0c9a3abe8f765584391cf1a') in 0.041490 seconds 
========================================================================
Received Import Request.
  Time since last request: 0.000044 seconds.
  path: Assets/ARCADE - FREE Racing Car/Prefabs (With Colliders)/Free Racing Car Red Variant.prefab
  artifactKey: Guid(8a8f57edf3523624eb9f886833e8e97a) Importer(815301076,1909f56bfc062723c751e8b465ee728b)
Start importing Assets/ARCADE - FREE Racing Car/Prefabs (With Colliders)/Free Racing Car Red Variant.prefab using Guid(8a8f57edf3523624eb9f886833e8e97a) Importer(815301076,1909f56bfc062723c751e8b465ee728b)  -> (artifact id: 'e7ca27a35cde31f790ea76fdac5eaf6a') in 0.037523 seconds 
========================================================================
Received Import Request.
  Time since last request: 0.000085 seconds.
  path: Assets/ARCADE - FREE Racing Car/Prefabs (With Colliders)/Free Racing Car.prefab
  artifactKey: Guid(133308cdb8794744caaef026bde9e1f0) Importer(815301076,1909f56bfc062723c751e8b465ee728b)
Start importing Assets/ARCADE - FREE Racing Car/Prefabs (With Colliders)/Free Racing Car.prefab using Guid(133308cdb8794744caaef026bde9e1f0) Importer(815301076,1909f56bfc062723c751e8b465ee728b)  -> (artifact id: '6ed4b3267f62f166adf10c938a0b432d') in 0.030179 seconds 
========================================================================
Received Import Request.
  Time since last request: 1.039138 seconds.
  path: Assets/ARCADE - FREE Racing Car/Scenes/More cars.png
  artifactKey: Guid(d12c0013fcfea9e4a9ee272bfaaec870) Importer(815301076,1909f56bfc062723c751e8b465ee728b)
Start importing Assets/ARCADE - FREE Racing Car/Scenes/More cars.png using Guid(d12c0013fcfea9e4a9ee272bfaaec870) Importer(815301076,1909f56bfc062723c751e8b465ee728b)  -> (artifact id: '50688a35909027fbad9d0be05d95d829') in 0.120071 seconds 
========================================================================
Received Import Request.
  Time since last request: 4.974251 seconds.
  path: Assets/ARCADE - FREE Racing Car/Skybox/Day
  artifactKey: Guid(2753f03c0463b774c9d0a311d32118ad) Importer(815301076,1909f56bfc062723c751e8b465ee728b)
Start importing Assets/ARCADE - FREE Racing Car/Skybox/Day using Guid(2753f03c0463b774c9d0a311d32118ad) Importer(815301076,1909f56bfc062723c751e8b465ee728b)  -> (artifact id: '9f4530abb4afe6164c978fc2d55381ba') in 0.013647 seconds 
========================================================================
Received Import Request.
  Time since last request: 0.084179 seconds.
  path: Assets/ARCADE - FREE Racing Car/Skybox/Day/Day Skybox.mat
  artifactKey: Guid(2fdc1726342f4a749a190a0a8677a1a2) Importer(815301076,1909f56bfc062723c751e8b465ee728b)
Start importing Assets/ARCADE - FREE Racing Car/Skybox/Day/Day Skybox.mat using Guid(2fdc1726342f4a749a190a0a8677a1a2) Importer(815301076,1909f56bfc062723c751e8b465ee728b)  -> (artifact id: '6547a3e7d4bbdabe273da0419c078fd9') in 0.291604 seconds 
========================================================================
Received Import Request.
  Time since last request: 0.640930 seconds.
  path: Assets/ARCADE - FREE Racing Car/Skybox/Day/Textures
  artifactKey: Guid(adad24ed63dad3f4d9d375998942834a) Importer(815301076,1909f56bfc062723c751e8b465ee728b)
Start importing Assets/ARCADE - FREE Racing Car/Skybox/Day/Textures using Guid(adad24ed63dad3f4d9d375998942834a) Importer(815301076,1909f56bfc062723c751e8b465ee728b)  -> (artifact id: '01961a019cc6955c99607cea8500ff6c') in 0.010640 seconds 
========================================================================
Received Import Request.
  Time since last request: 0.086215 seconds.
  path: Assets/ARCADE - FREE Racing Car/Skybox/Day/Textures/Bottom.png
  artifactKey: Guid(d09270a5be941b14e8cd76b7d0347e0b) Importer(815301076,1909f56bfc062723c751e8b465ee728b)
Start importing Assets/ARCADE - FREE Racing Car/Skybox/Day/Textures/Bottom.png using Guid(d09270a5be941b14e8cd76b7d0347e0b) Importer(815301076,1909f56bfc062723c751e8b465ee728b)  -> (artifact id: '630808bf929241880ba9883a810182e2') in 0.031815 seconds 
========================================================================
Received Import Request.
  Time since last request: 0.000039 seconds.
  path: Assets/ARCADE - FREE Racing Car/Skybox/Day/Textures/Middle.png
  artifactKey: Guid(1547f812d72e8dc41aeb23f1ca2d0f49) Importer(815301076,1909f56bfc062723c751e8b465ee728b)
Start importing Assets/ARCADE - FREE Racing Car/Skybox/Day/Textures/Middle.png using Guid(1547f812d72e8dc41aeb23f1ca2d0f49) Importer(815301076,1909f56bfc062723c751e8b465ee728b)  -> (artifact id: '3a7307aaea602ddd4123c40716824e71') in 0.032741 seconds 
========================================================================
Received Import Request.
  Time since last request: 0.000121 seconds.
  path: Assets/ARCADE - FREE Racing Car/Skybox/Day/Textures/Top.png
  artifactKey: Guid(0ea79d67094ea414ca3f589eeac91a52) Importer(815301076,1909f56bfc062723c751e8b465ee728b)
Start importing Assets/ARCADE - FREE Racing Car/Skybox/Day/Textures/Top.png using Guid(0ea79d67094ea414ca3f589eeac91a52) Importer(815301076,1909f56bfc062723c751e8b465ee728b)  -> (artifact id: 'b8b07cdfdba88aa5d697f2ca6f0fb4b8') in 0.030180 seconds 
========================================================================
Received Import Request.
  Time since last request: 7.604592 seconds.
  path: Assets/ARCADE - FREE Racing Car/Skybox/Night
  artifactKey: Guid(0a72db5fe34b9844f85364d8b25d5f0e) Importer(815301076,1909f56bfc062723c751e8b465ee728b)
Start importing Assets/ARCADE - FREE Racing Car/Skybox/Night using Guid(0a72db5fe34b9844f85364d8b25d5f0e) Importer(815301076,1909f56bfc062723c751e8b465ee728b)  -> (artifact id: 'a9b04a669029566188d792636e8bc49a') in 0.013425 seconds 
========================================================================
Received Import Request.
  Time since last request: 0.082839 seconds.
  path: Assets/ARCADE - FREE Racing Car/Skybox/Night/Night Skybox.mat
  artifactKey: Guid(102c3f2cfdcb3d64199f97f4f9aa3d46) Importer(815301076,1909f56bfc062723c751e8b465ee728b)
Start importing Assets/ARCADE - FREE Racing Car/Skybox/Night/Night Skybox.mat using Guid(102c3f2cfdcb3d64199f97f4f9aa3d46) Importer(815301076,1909f56bfc062723c751e8b465ee728b)  -> (artifact id: 'c9dde1b7c3f6237583a5d792f552e3d8') in 0.042694 seconds 
========================================================================
Received Import Request.
  Time since last request: 10.938115 seconds.
  path: Assets/ARCADE - FREE Racing Car/Textures/AFRC_Env_Mat.png
  artifactKey: Guid(34a74330fac842a4f97649ddf77d6d50) Importer(815301076,1909f56bfc062723c751e8b465ee728b)
Start importing Assets/ARCADE - FREE Racing Car/Textures/AFRC_Env_Mat.png using Guid(34a74330fac842a4f97649ddf77d6d50) Importer(815301076,1909f56bfc062723c751e8b465ee728b)  -> (artifact id: '0447522773f9b9d1789c47700eebbbae') in 0.021643 seconds 
========================================================================
Received Import Request.
  Time since last request: 0.000044 seconds.
  path: Assets/ARCADE - FREE Racing Car/Textures/AFRC_Tex_Emission.png
  artifactKey: Guid(573a5992a1e562d45a64f56dabbe47ea) Importer(815301076,1909f56bfc062723c751e8b465ee728b)
Start importing Assets/ARCADE - FREE Racing Car/Textures/AFRC_Tex_Emission.png using Guid(573a5992a1e562d45a64f56dabbe47ea) Importer(815301076,1909f56bfc062723c751e8b465ee728b)  -> (artifact id: '8b07ceb926b1a140330e8a043c4ef4d2') in 0.025729 seconds 
========================================================================
Received Import Request.
  Time since last request: 1.508460 seconds.
  path: Assets/ARCADE - FREE Racing Car/Textures/Color Variations
  artifactKey: Guid(a3307e9a86ab5b14d9c517673a21495e) Importer(815301076,1909f56bfc062723c751e8b465ee728b)
Start importing Assets/ARCADE - FREE Racing Car/Textures/Color Variations using Guid(a3307e9a86ab5b14d9c517673a21495e) Importer(815301076,1909f56bfc062723c751e8b465ee728b)  -> (artifact id: '2e9a4718eb915d92147222ae36c61cd2') in 0.004398 seconds 
========================================================================
Received Import Request.
  Time since last request: 0.134909 seconds.
  path: Assets/ARCADE - FREE Racing Car/Textures/Color Variations/AFRC_Tex_Col1.png
  artifactKey: Guid(8c508eea1762dd44cbf66593e03a6b04) Importer(815301076,1909f56bfc062723c751e8b465ee728b)
Start importing Assets/ARCADE - FREE Racing Car/Textures/Color Variations/AFRC_Tex_Col1.png using Guid(8c508eea1762dd44cbf66593e03a6b04) Importer(815301076,1909f56bfc062723c751e8b465ee728b)  -> (artifact id: 'b49a8044af3ed22399acb16a4f2f3965') in 0.046189 seconds 
========================================================================
Received Import Request.
  Time since last request: 0.000048 seconds.
  path: Assets/ARCADE - FREE Racing Car/Textures/Color Variations/AFRC_Tex_Col5.png
  artifactKey: Guid(ee5f07cb504e5b04dbdd32ef7d265c72) Importer(815301076,1909f56bfc062723c751e8b465ee728b)
Start importing Assets/ARCADE - FREE Racing Car/Textures/Color Variations/AFRC_Tex_Col5.png using Guid(ee5f07cb504e5b04dbdd32ef7d265c72) Importer(815301076,1909f56bfc062723c751e8b465ee728b)  -> (artifact id: '6b4e99f7fe89a3135bee3ae601d3c586') in 0.026299 seconds 
========================================================================
Received Import Request.
  Time since last request: 0.000070 seconds.
  path: Assets/ARCADE - FREE Racing Car/Textures/Color Variations/AFRC_Tex_Col4.png
  artifactKey: Guid(1732d531203aec748bc591f92d780684) Importer(815301076,1909f56bfc062723c751e8b465ee728b)
Start importing Assets/ARCADE - FREE Racing Car/Textures/Color Variations/AFRC_Tex_Col4.png using Guid(1732d531203aec748bc591f92d780684) Importer(815301076,1909f56bfc062723c751e8b465ee728b)  -> (artifact id: '9d2ef12c70965644b5261c991d7a288c') in 0.024680 seconds 
========================================================================
Received Import Request.
  Time since last request: 0.000040 seconds.
  path: Assets/ARCADE - FREE Racing Car/Textures/Color Variations/AFRC_Tex_Col2.png
  artifactKey: Guid(6242e2ca19f64494ba8e4ae07a3a2c39) Importer(815301076,1909f56bfc062723c751e8b465ee728b)
Start importing Assets/ARCADE - FREE Racing Car/Textures/Color Variations/AFRC_Tex_Col2.png using Guid(6242e2ca19f64494ba8e4ae07a3a2c39) Importer(815301076,1909f56bfc062723c751e8b465ee728b)  -> (artifact id: 'f38ce67091d3cdcbef022d14dd8d500b') in 0.026991 seconds 
========================================================================
Received Import Request.
  Time since last request: 0.000077 seconds.
  path: Assets/ARCADE - FREE Racing Car/Textures/Color Variations/AFRC_Tex_Col3.png
  artifactKey: Guid(f5339e3a5ecdae64aa3afa490a1d892e) Importer(815301076,1909f56bfc062723c751e8b465ee728b)
Start importing Assets/ARCADE - FREE Racing Car/Textures/Color Variations/AFRC_Tex_Col3.png using Guid(f5339e3a5ecdae64aa3afa490a1d892e) Importer(815301076,1909f56bfc062723c751e8b465ee728b)  -> (artifact id: 'b192cd1ecfa6e50c77ded9a1677ab40c') in 0.026793 seconds 
========================================================================
Received Import Request.
  Time since last request: 237.860914 seconds.
  path: Assets/Pure Poly/Free Low Poly Nature Pack/Materials/PP_Ground.mat
  artifactKey: Guid(2f984dd1b63fbc24abdd916834492e6e) Importer(815301076,1909f56bfc062723c751e8b465ee728b)
Start importing Assets/Pure Poly/Free Low Poly Nature Pack/Materials/PP_Ground.mat using Guid(2f984dd1b63fbc24abdd916834492e6e) Importer(815301076,1909f56bfc062723c751e8b465ee728b)  -> (artifact id: '45742602d6e27108e6c84a7c28611486') in 0.023063 seconds 
========================================================================
Received Import Request.
  Time since last request: 0.000047 seconds.
  path: Assets/Pure Poly/Free Low Poly Nature Pack/Materials/PP_Standard_Material.mat
  artifactKey: Guid(0799a1e95665ef14f8fe2cbcd4ba3dc4) Importer(815301076,1909f56bfc062723c751e8b465ee728b)
Start importing Assets/Pure Poly/Free Low Poly Nature Pack/Materials/PP_Standard_Material.mat using Guid(0799a1e95665ef14f8fe2cbcd4ba3dc4) Importer(815301076,1909f56bfc062723c751e8b465ee728b)  -> (artifact id: '97824a9ef0bb0f4fa9a18ce2b09b32b8') in 0.060469 seconds 
========================================================================
Received Import Request.
  Time since last request: 2.469425 seconds.
  path: Assets/Pure Poly/Free Low Poly Nature Pack/Meshes/PP_Birch_Tree_05.fbx
  artifactKey: Guid(d721af70c8ba1ab4daa81f30de0dbb54) Importer(815301076,1909f56bfc062723c751e8b465ee728b)
Start importing Assets/Pure Poly/Free Low Poly Nature Pack/Meshes/PP_Birch_Tree_05.fbx using Guid(d721af70c8ba1ab4daa81f30de0dbb54) Importer(815301076,1909f56bfc062723c751e8b465ee728b)  -> (artifact id: '0cf49ac45686c23956ba048c7f024c1f') in 0.035346 seconds 
========================================================================
Received Import Request.
  Time since last request: 0.000042 seconds.
  path: Assets/Pure Poly/Free Low Poly Nature Pack/Meshes/PP_Mushroom_Fantasy_Orange_10.fbx
  artifactKey: Guid(769bcb364254fc84f86c3bde2b625a9f) Importer(815301076,1909f56bfc062723c751e8b465ee728b)
Start importing Assets/Pure Poly/Free Low Poly Nature Pack/Meshes/PP_Mushroom_Fantasy_Orange_10.fbx using Guid(769bcb364254fc84f86c3bde2b625a9f) Importer(815301076,1909f56bfc062723c751e8b465ee728b)  -> (artifact id: '90d29c2332d95c2f705839f5d00d594d') in 0.035774 seconds 
========================================================================
Received Import Request.
  Time since last request: 0.000063 seconds.
  path: Assets/Pure Poly/Free Low Poly Nature Pack/Meshes/PP_Hyacinth_04.fbx
  artifactKey: Guid(46d171de72518e343891c4b4c03e5103) Importer(815301076,1909f56bfc062723c751e8b465ee728b)
Start importing Assets/Pure Poly/Free Low Poly Nature Pack/Meshes/PP_Hyacinth_04.fbx using Guid(46d171de72518e343891c4b4c03e5103) Importer(815301076,1909f56bfc062723c751e8b465ee728b)  -> (artifact id: '908db219a1b913ae2c5e6cea043524a7') in 0.040118 seconds 
========================================================================
Received Import Request.
  Time since last request: 0.000041 seconds.
  path: Assets/Pure Poly/Free Low Poly Nature Pack/Meshes/PP_Forest_Mountain_Moss_01.fbx
  artifactKey: Guid(d818648c1b009ab48a03dbcc4ae09583) Importer(815301076,1909f56bfc062723c751e8b465ee728b)
Start importing Assets/Pure Poly/Free Low Poly Nature Pack/Meshes/PP_Forest_Mountain_Moss_01.fbx using Guid(d818648c1b009ab48a03dbcc4ae09583) Importer(815301076,1909f56bfc062723c751e8b465ee728b)  -> (artifact id: 'cb2e0094a9660fca2e42360bc588ded9') in 0.053005 seconds 
========================================================================
Received Import Request.
  Time since last request: 0.000045 seconds.
  path: Assets/Pure Poly/Free Low Poly Nature Pack/Meshes/PP_Birch_Tree_06.fbx
  artifactKey: Guid(ddd36401006c8654eae1d9a6bcd6380d) Importer(815301076,1909f56bfc062723c751e8b465ee728b)
Start importing Assets/Pure Poly/Free Low Poly Nature Pack/Meshes/PP_Birch_Tree_06.fbx using Guid(ddd36401006c8654eae1d9a6bcd6380d) Importer(815301076,1909f56bfc062723c751e8b465ee728b)  -> (artifact id: 'ec1e8142e275bef0154631cd3cd084ca') in 0.056312 seconds 
========================================================================
Received Import Request.
  Time since last request: 0.000065 seconds.
  path: Assets/Pure Poly/Free Low Poly Nature Pack/Meshes/PP_Meadow_Path_05.fbx
  artifactKey: Guid(324d33f3ad1481c4e8ba55d696fe64d9) Importer(815301076,1909f56bfc062723c751e8b465ee728b)
Start importing Assets/Pure Poly/Free Low Poly Nature Pack/Meshes/PP_Meadow_Path_05.fbx using Guid(324d33f3ad1481c4e8ba55d696fe64d9) Importer(815301076,1909f56bfc062723c751e8b465ee728b)  -> (artifact id: '51e40615913810c18f34628fd21669f7') in 0.049284 seconds 
========================================================================
Received Import Request.
  Time since last request: 0.000046 seconds.
  path: Assets/Pure Poly/Free Low Poly Nature Pack/Meshes/PP_Mushroom_Fantasy_Orange_09.fbx
  artifactKey: Guid(43f6c6253561ce74b9f993709176caff) Importer(815301076,1909f56bfc062723c751e8b465ee728b)
Start importing Assets/Pure Poly/Free Low Poly Nature Pack/Meshes/PP_Mushroom_Fantasy_Orange_09.fbx using Guid(43f6c6253561ce74b9f993709176caff) Importer(815301076,1909f56bfc062723c751e8b465ee728b)  -> (artifact id: '5b66241a6af2b469733925ea07191f32') in 0.056332 seconds 
========================================================================
Received Import Request.
  Time since last request: 0.000047 seconds.
  path: Assets/Pure Poly/Free Low Poly Nature Pack/Meshes/PP_Grass_15.fbx
  artifactKey: Guid(ac41480a091ee2446a41d386b366ae44) Importer(815301076,1909f56bfc062723c751e8b465ee728b)
Start importing Assets/Pure Poly/Free Low Poly Nature Pack/Meshes/PP_Grass_15.fbx using Guid(ac41480a091ee2446a41d386b366ae44) Importer(815301076,1909f56bfc062723c751e8b465ee728b)  -> (artifact id: 'ad889de3695ec5572c9cc6f674c348f2') in 0.059464 seconds 
========================================================================
Received Import Request.
  Time since last request: 0.000049 seconds.
  path: Assets/Pure Poly/Free Low Poly Nature Pack/Meshes/PP_Sunflower_04.fbx
  artifactKey: Guid(5374e258aa8b0a54b9ad017e47f849ec) Importer(815301076,1909f56bfc062723c751e8b465ee728b)
Start importing Assets/Pure Poly/Free Low Poly Nature Pack/Meshes/PP_Sunflower_04.fbx using Guid(5374e258aa8b0a54b9ad017e47f849ec) Importer(815301076,1909f56bfc062723c751e8b465ee728b)  -> (artifact id: '64303722bf98e75220b2f81fa750679b') in 0.055593 seconds 
========================================================================
Received Import Request.
  Time since last request: 0.000066 seconds.
  path: Assets/Pure Poly/Free Low Poly Nature Pack/Meshes/PP_Daffodil_03.fbx
  artifactKey: Guid(4e40842238bcca046a7c50ffff32b019) Importer(815301076,1909f56bfc062723c751e8b465ee728b)
Start importing Assets/Pure Poly/Free Low Poly Nature Pack/Meshes/PP_Daffodil_03.fbx using Guid(4e40842238bcca046a7c50ffff32b019) Importer(815301076,1909f56bfc062723c751e8b465ee728b)  -> (artifact id: 'f47bcd4be1b766b667cf0554aa252992') in 0.058543 seconds 
========================================================================
Received Import Request.
  Time since last request: 0.000052 seconds.
  path: Assets/Pure Poly/Free Low Poly Nature Pack/Meshes/PP_Forest_Mountain_Moss_02.fbx
  artifactKey: Guid(0a4e8c0b5a685eb4394da10424e65a7a) Importer(815301076,1909f56bfc062723c751e8b465ee728b)
Start importing Assets/Pure Poly/Free Low Poly Nature Pack/Meshes/PP_Forest_Mountain_Moss_02.fbx using Guid(0a4e8c0b5a685eb4394da10424e65a7a) Importer(815301076,1909f56bfc062723c751e8b465ee728b)  -> (artifact id: 'aed9b6861f3b094a5cd1e01bf69ee77f') in 0.051614 seconds 
========================================================================
Received Import Request.
  Time since last request: 0.000051 seconds.
  path: Assets/Pure Poly/Free Low Poly Nature Pack/Meshes/PP_Mushroom_Fantasy_Purple_08.fbx
  artifactKey: Guid(6aac2ae04e9a93646918391471e1a564) Importer(815301076,1909f56bfc062723c751e8b465ee728b)
Start importing Assets/Pure Poly/Free Low Poly Nature Pack/Meshes/PP_Mushroom_Fantasy_Purple_08.fbx using Guid(6aac2ae04e9a93646918391471e1a564) Importer(815301076,1909f56bfc062723c751e8b465ee728b)  -> (artifact id: '6dbf776c04d0cee27b76b70671b916af') in 0.056203 seconds 
========================================================================
Received Import Request.
  Time since last request: 0.000042 seconds.
  path: Assets/Pure Poly/Free Low Poly Nature Pack/Meshes/PP_Meadow_08.fbx
  artifactKey: Guid(08eefc2f613faa34fbb717ac2142af0a) Importer(815301076,1909f56bfc062723c751e8b465ee728b)
Start importing Assets/Pure Poly/Free Low Poly Nature Pack/Meshes/PP_Meadow_08.fbx using Guid(08eefc2f613faa34fbb717ac2142af0a) Importer(815301076,1909f56bfc062723c751e8b465ee728b)  -> (artifact id: '45e0ecaabd48c96a6b5787e80b78ba06') in 0.057308 seconds 
========================================================================
Received Import Request.
  Time since last request: 0.000046 seconds.
  path: Assets/Pure Poly/Free Low Poly Nature Pack/Meshes/PP_Lake_Ground_04.fbx
  artifactKey: Guid(38b178f6a1ea19f4baf761918779b712) Importer(815301076,1909f56bfc062723c751e8b465ee728b)
Start importing Assets/Pure Poly/Free Low Poly Nature Pack/Meshes/PP_Lake_Ground_04.fbx using Guid(38b178f6a1ea19f4baf761918779b712) Importer(815301076,1909f56bfc062723c751e8b465ee728b)  -> (artifact id: 'c61862bc8dcd2ccdfaaee589522b0b5e') in 0.080102 seconds 
========================================================================
Received Import Request.
  Time since last request: 0.000063 seconds.
  path: Assets/Pure Poly/Free Low Poly Nature Pack/Meshes/PP_Rock_Pile_Forest_Moss_05.fbx
  artifactKey: Guid(b0ba9b7cecd675b45894beca57389899) Importer(815301076,1909f56bfc062723c751e8b465ee728b)
Start importing Assets/Pure Poly/Free Low Poly Nature Pack/Meshes/PP_Rock_Pile_Forest_Moss_05.fbx using Guid(b0ba9b7cecd675b45894beca57389899) Importer(815301076,1909f56bfc062723c751e8b465ee728b)  -> (artifact id: '7f036360ce2c551f4b1d5e23c1b06fde') in 0.035540 seconds 
========================================================================
Received Import Request.
  Time since last request: 0.000051 seconds.
  path: Assets/Pure Poly/Free Low Poly Nature Pack/Meshes/PP_Meadow_07.fbx
  artifactKey: Guid(5d113e0df0acd474cb544e13e9327875) Importer(815301076,1909f56bfc062723c751e8b465ee728b)
Start importing Assets/Pure Poly/Free Low Poly Nature Pack/Meshes/PP_Meadow_07.fbx using Guid(5d113e0df0acd474cb544e13e9327875) Importer(815301076,1909f56bfc062723c751e8b465ee728b)  -> (artifact id: '029d838c99dd14d8ec75d6dfca4ef057') in 0.058626 seconds 
========================================================================
Received Import Request.
  Time since last request: 0.000040 seconds.
  path: Assets/Pure Poly/Free Low Poly Nature Pack/Meshes/PP_Grass_11.fbx
  artifactKey: Guid(b50dd34feb8fa1b4fa5aa0a7d2271066) Importer(815301076,1909f56bfc062723c751e8b465ee728b)
Start importing Assets/Pure Poly/Free Low Poly Nature Pack/Meshes/PP_Grass_11.fbx using Guid(b50dd34feb8fa1b4fa5aa0a7d2271066) Importer(815301076,1909f56bfc062723c751e8b465ee728b)  -> (artifact id: '5a82a284d84f0e8bbd0531d5c601133b') in 0.057555 seconds 
========================================================================
Received Import Request.
  Time since last request: 0.000039 seconds.
  path: Assets/Pure Poly/Free Low Poly Nature Pack/Meshes/PP_Mushroom_Fantasy_Purple_05.fbx
  artifactKey: Guid(7259cce9d7302d44a8f8bf53cb1bc376) Importer(815301076,1909f56bfc062723c751e8b465ee728b)
Start importing Assets/Pure Poly/Free Low Poly Nature Pack/Meshes/PP_Mushroom_Fantasy_Purple_05.fbx using Guid(7259cce9d7302d44a8f8bf53cb1bc376) Importer(815301076,1909f56bfc062723c751e8b465ee728b)  -> (artifact id: '422502767cfabdccd56b99fde2a75a76') in 0.054783 seconds 
========================================================================
Received Import Request.
  Time since last request: 0.000040 seconds.
  path: Assets/Pure Poly/Free Low Poly Nature Pack/Meshes/PP_Rock_Moss_Grown_09.fbx
  artifactKey: Guid(3184c8a016da6e34abff1686da99650b) Importer(815301076,1909f56bfc062723c751e8b465ee728b)
Start importing Assets/Pure Poly/Free Low Poly Nature Pack/Meshes/PP_Rock_Moss_Grown_09.fbx using Guid(3184c8a016da6e34abff1686da99650b) Importer(815301076,1909f56bfc062723c751e8b465ee728b)  -> (artifact id: '42d9084d890a8acf5ce393bd9e425419') in 0.055225 seconds 
========================================================================
Received Import Request.
  Time since last request: 0.000061 seconds.
  path: Assets/Pure Poly/Free Low Poly Nature Pack/Meshes/PP_Rock_Moss_Grown_11.fbx
  artifactKey: Guid(7ed75b99c26237b4d844c1581c5da1b2) Importer(815301076,1909f56bfc062723c751e8b465ee728b)
Start importing Assets/Pure Poly/Free Low Poly Nature Pack/Meshes/PP_Rock_Moss_Grown_11.fbx using Guid(7ed75b99c26237b4d844c1581c5da1b2) Importer(815301076,1909f56bfc062723c751e8b465ee728b)  -> (artifact id: 'c14debc5db77306f171f64683d9dd020') in 0.055565 seconds 
========================================================================
Received Import Request.
  Time since last request: 0.000063 seconds.
  path: Assets/Pure Poly/Free Low Poly Nature Pack/Meshes/PP_Tree_02.fbx
  artifactKey: Guid(c6b568bf9e55de141add501b8cd2a0e9) Importer(815301076,1909f56bfc062723c751e8b465ee728b)
Start importing Assets/Pure Poly/Free Low Poly Nature Pack/Meshes/PP_Tree_02.fbx using Guid(c6b568bf9e55de141add501b8cd2a0e9) Importer(815301076,1909f56bfc062723c751e8b465ee728b)  -> (artifact id: '264ddcafdd2c4d30b6efac8c2a85fa0d') in 0.057138 seconds 
========================================================================
Received Import Request.
  Time since last request: 0.000048 seconds.
  path: Assets/Pure Poly/Free Low Poly Nature Pack/Meshes/PP_Tree_10.fbx
  artifactKey: Guid(a3ccb41ae53c6bf4bb0a5bfc470bf069) Importer(815301076,1909f56bfc062723c751e8b465ee728b)
Start importing Assets/Pure Poly/Free Low Poly Nature Pack/Meshes/PP_Tree_10.fbx using Guid(a3ccb41ae53c6bf4bb0a5bfc470bf069) Importer(815301076,1909f56bfc062723c751e8b465ee728b)  -> (artifact id: '2c128daca1a25537db2d0d538359c817') in 0.058387 seconds 
========================================================================
Received Import Request.
  Time since last request: 0.000036 seconds.
  path: Assets/Pure Poly/Free Low Poly Nature Pack/Meshes/PP_Rock_Pile_Forest_Moss_10.fbx
  artifactKey: Guid(7ea25f0f06a711d48a2bd754e29ecb0e) Importer(815301076,1909f56bfc062723c751e8b465ee728b)
Start importing Assets/Pure Poly/Free Low Poly Nature Pack/Meshes/PP_Rock_Pile_Forest_Moss_10.fbx using Guid(7ea25f0f06a711d48a2bd754e29ecb0e) Importer(815301076,1909f56bfc062723c751e8b465ee728b)  -> (artifact id: 'd30d841e70592cf1408b9646edc8fd26') in 0.053005 seconds 
========================================================================
Received Import Request.
  Time since last request: 8.685779 seconds.
  path: Assets/Pure Poly/Free Low Poly Nature Pack/Prefabs/PP_Birch_Tree_05.prefab
  artifactKey: Guid(2554008d6447a2540b44e55f0c0b576e) Importer(815301076,1909f56bfc062723c751e8b465ee728b)
Start importing Assets/Pure Poly/Free Low Poly Nature Pack/Prefabs/PP_Birch_Tree_05.prefab using Guid(2554008d6447a2540b44e55f0c0b576e) Importer(815301076,1909f56bfc062723c751e8b465ee728b)  -> (artifact id: 'c6d9724292f512ff854b64316cf32e9d') in 0.025284 seconds 
========================================================================
Received Import Request.
  Time since last request: 0.000051 seconds.
  path: Assets/Pure Poly/Free Low Poly Nature Pack/Prefabs/PP_Mushroom_Fantasy_Orange_09.prefab
  artifactKey: Guid(0ab22827d0f3f0b40a97e9430d684283) Importer(815301076,1909f56bfc062723c751e8b465ee728b)
Start importing Assets/Pure Poly/Free Low Poly Nature Pack/Prefabs/PP_Mushroom_Fantasy_Orange_09.prefab using Guid(0ab22827d0f3f0b40a97e9430d684283) Importer(815301076,1909f56bfc062723c751e8b465ee728b)  -> (artifact id: '989f089741e83d1ea547e46c5e9eadf2') in 0.037264 seconds 
========================================================================
Received Import Request.
  Time since last request: 0.000043 seconds.
  path: Assets/Pure Poly/Free Low Poly Nature Pack/Prefabs/PP_Sunflower_04.prefab
  artifactKey: Guid(18bb023d75a113f4cb8d1452371f5c0e) Importer(815301076,1909f56bfc062723c751e8b465ee728b)
Start importing Assets/Pure Poly/Free Low Poly Nature Pack/Prefabs/PP_Sunflower_04.prefab using Guid(18bb023d75a113f4cb8d1452371f5c0e) Importer(815301076,1909f56bfc062723c751e8b465ee728b)  -> (artifact id: '833fb9738040eb282fe42e3bad505f53') in 0.023531 seconds 
========================================================================
Received Import Request.
  Time since last request: 0.000032 seconds.
  path: Assets/Pure Poly/Free Low Poly Nature Pack/Prefabs/PP_Meadow_07.prefab
  artifactKey: Guid(cf22a2db10f09a34495e9f83913738c8) Importer(815301076,1909f56bfc062723c751e8b465ee728b)
Start importing Assets/Pure Poly/Free Low Poly Nature Pack/Prefabs/PP_Meadow_07.prefab using Guid(cf22a2db10f09a34495e9f83913738c8) Importer(815301076,1909f56bfc062723c751e8b465ee728b)  -> (artifact id: '678044dbc7f89964811a5c2a5014c557') in 0.023877 seconds 
========================================================================
Received Import Request.
  Time since last request: 0.000054 seconds.
  path: Assets/Pure Poly/Free Low Poly Nature Pack/Prefabs/PP_Mushroom_Fantasy_Purple_05.prefab
  artifactKey: Guid(d354c41a99993964baca0254487708d1) Importer(815301076,1909f56bfc062723c751e8b465ee728b)
Start importing Assets/Pure Poly/Free Low Poly Nature Pack/Prefabs/PP_Mushroom_Fantasy_Purple_05.prefab using Guid(d354c41a99993964baca0254487708d1) Importer(815301076,1909f56bfc062723c751e8b465ee728b)  -> (artifact id: '31ed3d91b7e3c92de8e3a1141bc620ff') in 0.030084 seconds 
========================================================================
Received Import Request.
  Time since last request: 0.000053 seconds.
  path: Assets/Pure Poly/Free Low Poly Nature Pack/Prefabs/PP_Birch_Tree_06.prefab
  artifactKey: Guid(a2bd798ea40c7e341aa61ad124d95342) Importer(815301076,1909f56bfc062723c751e8b465ee728b)
Start importing Assets/Pure Poly/Free Low Poly Nature Pack/Prefabs/PP_Birch_Tree_06.prefab using Guid(a2bd798ea40c7e341aa61ad124d95342) Importer(815301076,1909f56bfc062723c751e8b465ee728b)  -> (artifact id: '700e9607945945530aa283d3d94ac24f') in 0.024819 seconds 
========================================================================
Received Import Request.
  Time since last request: 0.000052 seconds.
  path: Assets/Pure Poly/Free Low Poly Nature Pack/Prefabs/PP_Tree_02.prefab
  artifactKey: Guid(e133dac167ef59c40b7678ba58107c6a) Importer(815301076,1909f56bfc062723c751e8b465ee728b)
Start importing Assets/Pure Poly/Free Low Poly Nature Pack/Prefabs/PP_Tree_02.prefab using Guid(e133dac167ef59c40b7678ba58107c6a) Importer(815301076,1909f56bfc062723c751e8b465ee728b)  -> (artifact id: 'b34757613e6b5c0024739c0541d4f3e9') in 0.036492 seconds 
========================================================================
Received Import Request.
  Time since last request: 0.000036 seconds.
  path: Assets/Pure Poly/Free Low Poly Nature Pack/Prefabs/PP_Grass_15.prefab
  artifactKey: Guid(b8217b9c1183a5144b666d1dd63980c4) Importer(815301076,1909f56bfc062723c751e8b465ee728b)
Start importing Assets/Pure Poly/Free Low Poly Nature Pack/Prefabs/PP_Grass_15.prefab using Guid(b8217b9c1183a5144b666d1dd63980c4) Importer(815301076,1909f56bfc062723c751e8b465ee728b)  -> (artifact id: 'cec3bcd7e4c812531113ce917e732372') in 0.026978 seconds 
========================================================================
Received Import Request.
  Time since last request: 0.000048 seconds.
  path: Assets/Pure Poly/Free Low Poly Nature Pack/Prefabs/PP_Forest_Mountain_Moss_01.prefab
  artifactKey: Guid(512b72c73a22e904d87662ebca8eb1e1) Importer(815301076,1909f56bfc062723c751e8b465ee728b)
Start importing Assets/Pure Poly/Free Low Poly Nature Pack/Prefabs/PP_Forest_Mountain_Moss_01.prefab using Guid(512b72c73a22e904d87662ebca8eb1e1) Importer(815301076,1909f56bfc062723c751e8b465ee728b)  -> (artifact id: 'c6db9632d6d90964699a16006ffbc314') in 0.027613 seconds 
========================================================================
Received Import Request.
  Time since last request: 0.000051 seconds.
  path: Assets/Pure Poly/Free Low Poly Nature Pack/Prefabs/PP_Rock_Moss_Grown_09.prefab
  artifactKey: Guid(24457fdf8e66c3c49b7599931e0fdcb2) Importer(815301076,1909f56bfc062723c751e8b465ee728b)
Start importing Assets/Pure Poly/Free Low Poly Nature Pack/Prefabs/PP_Rock_Moss_Grown_09.prefab using Guid(24457fdf8e66c3c49b7599931e0fdcb2) Importer(815301076,1909f56bfc062723c751e8b465ee728b)  -> (artifact id: '0eebfb5fbd0d6a4b9a6ef592a22508b1') in 0.028395 seconds 
========================================================================
Received Import Request.
  Time since last request: 0.000048 seconds.
  path: Assets/Pure Poly/Free Low Poly Nature Pack/Prefabs/PP_Rock_Moss_Grown_11.prefab
  artifactKey: Guid(a524090786e7ba545bd5ce3d24c9a3fb) Importer(815301076,1909f56bfc062723c751e8b465ee728b)
Start importing Assets/Pure Poly/Free Low Poly Nature Pack/Prefabs/PP_Rock_Moss_Grown_11.prefab using Guid(a524090786e7ba545bd5ce3d24c9a3fb) Importer(815301076,1909f56bfc062723c751e8b465ee728b)  -> (artifact id: '283b4a1617ba9e368b4a5f84ad2edecc') in 0.025151 seconds 
========================================================================
Received Import Request.
  Time since last request: 0.000046 seconds.
  path: Assets/Pure Poly/Free Low Poly Nature Pack/Prefabs/PP_Rock_Pile_Forest_Moss_05.prefab
  artifactKey: Guid(9a91bc2b0a89c4748a0c5b940bd461a7) Importer(815301076,1909f56bfc062723c751e8b465ee728b)
Start importing Assets/Pure Poly/Free Low Poly Nature Pack/Prefabs/PP_Rock_Pile_Forest_Moss_05.prefab using Guid(9a91bc2b0a89c4748a0c5b940bd461a7) Importer(815301076,1909f56bfc062723c751e8b465ee728b)  -> (artifact id: '008e3a7a6f9cf45886fd1ea62741bbcd') in 0.026047 seconds 
========================================================================
Received Import Request.
  Time since last request: 0.000073 seconds.
  path: Assets/Pure Poly/Free Low Poly Nature Pack/Prefabs/PP_Mushroom_Fantasy_Orange_10.prefab
  artifactKey: Guid(eae42a57b046b1a42a79ae6319bccca3) Importer(815301076,1909f56bfc062723c751e8b465ee728b)
Start importing Assets/Pure Poly/Free Low Poly Nature Pack/Prefabs/PP_Mushroom_Fantasy_Orange_10.prefab using Guid(eae42a57b046b1a42a79ae6319bccca3) Importer(815301076,1909f56bfc062723c751e8b465ee728b)  -> (artifact id: '9696ccd461b21a8e5ab0a9e02f277679') in 0.031003 seconds 
========================================================================
Received Import Request.
  Time since last request: 0.000046 seconds.
  path: Assets/Pure Poly/Free Low Poly Nature Pack/Prefabs/PP_Daffodil_03.prefab
  artifactKey: Guid(13dd10d6717971d4ea9125d158299b1e) Importer(815301076,1909f56bfc062723c751e8b465ee728b)
Start importing Assets/Pure Poly/Free Low Poly Nature Pack/Prefabs/PP_Daffodil_03.prefab using Guid(13dd10d6717971d4ea9125d158299b1e) Importer(815301076,1909f56bfc062723c751e8b465ee728b)  -> (artifact id: 'e0fe817ae1bba7ae3d53e8e05173b645') in 0.052355 seconds 
========================================================================
Received Import Request.
  Time since last request: 0.000054 seconds.
  path: Assets/Pure Poly/Free Low Poly Nature Pack/Prefabs/PP_Lake_Ground_04.prefab
  artifactKey: Guid(66072c42e7f38924f90a2ea3e36cc606) Importer(815301076,1909f56bfc062723c751e8b465ee728b)
Start importing Assets/Pure Poly/Free Low Poly Nature Pack/Prefabs/PP_Lake_Ground_04.prefab using Guid(66072c42e7f38924f90a2ea3e36cc606) Importer(815301076,1909f56bfc062723c751e8b465ee728b)  -> (artifact id: 'eddfb43a09654704210244a5bea0c6d3') in 0.025368 seconds 
========================================================================
Received Import Request.
  Time since last request: 0.000058 seconds.
  path: Assets/Pure Poly/Free Low Poly Nature Pack/Prefabs/PP_Meadow_08.prefab
  artifactKey: Guid(7baba197ce36c92439b423eabaad3737) Importer(815301076,1909f56bfc062723c751e8b465ee728b)
Start importing Assets/Pure Poly/Free Low Poly Nature Pack/Prefabs/PP_Meadow_08.prefab using Guid(7baba197ce36c92439b423eabaad3737) Importer(815301076,1909f56bfc062723c751e8b465ee728b)  -> (artifact id: 'aba2a57f80b9978e6fb4db94101a12ab') in 0.026642 seconds 
========================================================================
Received Import Request.
  Time since last request: 0.000057 seconds.
  path: Assets/Pure Poly/Free Low Poly Nature Pack/Prefabs/PP_Forest_Mountain_Moss_02.prefab
  artifactKey: Guid(034023ff02a37fc47aab6bc6c49bf15b) Importer(815301076,1909f56bfc062723c751e8b465ee728b)
Start importing Assets/Pure Poly/Free Low Poly Nature Pack/Prefabs/PP_Forest_Mountain_Moss_02.prefab using Guid(034023ff02a37fc47aab6bc6c49bf15b) Importer(815301076,1909f56bfc062723c751e8b465ee728b)  -> (artifact id: '7d4392b43e1fd3d7af8cde5c3c1997d2') in 0.042744 seconds 
========================================================================
Received Import Request.
  Time since last request: 0.000045 seconds.
  path: Assets/Pure Poly/Free Low Poly Nature Pack/Prefabs/PP_Hyacinth_04.prefab
  artifactKey: Guid(194e9111af0c33840a49d573f2b26952) Importer(815301076,1909f56bfc062723c751e8b465ee728b)
Start importing Assets/Pure Poly/Free Low Poly Nature Pack/Prefabs/PP_Hyacinth_04.prefab using Guid(194e9111af0c33840a49d573f2b26952) Importer(815301076,1909f56bfc062723c751e8b465ee728b)  -> (artifact id: 'c996b319b5b017d5477de8631ad5f7b5') in 0.033243 seconds 
========================================================================
Received Import Request.
  Time since last request: 0.000069 seconds.
  path: Assets/Pure Poly/Free Low Poly Nature Pack/Prefabs/PP_Rock_Pile_Forest_Moss_10.prefab
  artifactKey: Guid(c8134dd87be4906419f13922ddc5bf4f) Importer(815301076,1909f56bfc062723c751e8b465ee728b)
Start importing Assets/Pure Poly/Free Low Poly Nature Pack/Prefabs/PP_Rock_Pile_Forest_Moss_10.prefab using Guid(c8134dd87be4906419f13922ddc5bf4f) Importer(815301076,1909f56bfc062723c751e8b465ee728b)  -> (artifact id: 'e56690f8b32c4ad6fdb9583dc0d2f5e9') in 0.032671 seconds 
========================================================================
Received Import Request.
  Time since last request: 0.000059 seconds.
  path: Assets/Pure Poly/Free Low Poly Nature Pack/Prefabs/PP_Mushroom_Fantasy_Purple_08.prefab
  artifactKey: Guid(d3ee913ed32937344b0587e70dc777a2) Importer(815301076,1909f56bfc062723c751e8b465ee728b)
Start importing Assets/Pure Poly/Free Low Poly Nature Pack/Prefabs/PP_Mushroom_Fantasy_Purple_08.prefab using Guid(d3ee913ed32937344b0587e70dc777a2) Importer(815301076,1909f56bfc062723c751e8b465ee728b)  -> (artifact id: '2221674d27fd47200d3d1238d12d0a88') in 0.046835 seconds 
========================================================================
Received Import Request.
  Time since last request: 0.000048 seconds.
  path: Assets/Pure Poly/Free Low Poly Nature Pack/Prefabs/PP_Tree_10.prefab
  artifactKey: Guid(273b8f4150121d249ac7e2fd11da7005) Importer(815301076,1909f56bfc062723c751e8b465ee728b)
Start importing Assets/Pure Poly/Free Low Poly Nature Pack/Prefabs/PP_Tree_10.prefab using Guid(273b8f4150121d249ac7e2fd11da7005) Importer(815301076,1909f56bfc062723c751e8b465ee728b)  -> (artifact id: '6e39d53cfad93d1335273b6e23f6ccd2') in 0.023762 seconds 
========================================================================
Received Import Request.
  Time since last request: 0.000047 seconds.
  path: Assets/Pure Poly/Free Low Poly Nature Pack/Prefabs/PP_Meadow_Path_05.prefab
  artifactKey: Guid(d5b8de414112a004a82d0437b5f7a780) Importer(815301076,1909f56bfc062723c751e8b465ee728b)
Start importing Assets/Pure Poly/Free Low Poly Nature Pack/Prefabs/PP_Meadow_Path_05.prefab using Guid(d5b8de414112a004a82d0437b5f7a780) Importer(815301076,1909f56bfc062723c751e8b465ee728b)  -> (artifact id: '43064f25033dfaebdf7ffd2b44c63962') in 0.044395 seconds 
========================================================================
Received Import Request.
  Time since last request: 0.000050 seconds.
  path: Assets/Pure Poly/Free Low Poly Nature Pack/Prefabs/PP_Grass_11.prefab
  artifactKey: Guid(ef62619642b0df743b22dd5120c6ac4d) Importer(815301076,1909f56bfc062723c751e8b465ee728b)
Start importing Assets/Pure Poly/Free Low Poly Nature Pack/Prefabs/PP_Grass_11.prefab using Guid(ef62619642b0df743b22dd5120c6ac4d) Importer(815301076,1909f56bfc062723c751e8b465ee728b)  -> (artifact id: '407d7540582bb2e5109689a35b03ff4c') in 0.054289 seconds 
========================================================================
Received Import Request.
  Time since last request: 925.110796 seconds.
  path: Assets/Pure Poly/Free Low Poly Nature Pack/Materials
  artifactKey: Guid(8ebb527547e00834bb38dd05f7664656) Importer(815301076,1909f56bfc062723c751e8b465ee728b)
Start importing Assets/Pure Poly/Free Low Poly Nature Pack/Materials using Guid(8ebb527547e00834bb38dd05f7664656) Importer(815301076,1909f56bfc062723c751e8b465ee728b)  -> (artifact id: '1211206a848be4be4fffb4c16f446f88') in 0.011310 seconds 
========================================================================
Received Import Request.
  Time since last request: 33.790311 seconds.
  path: Assets/Pure Poly/Free Low Poly Nature Pack/Materials/ColoPlanp.mat
  artifactKey: Guid(f7213cb0f2322204b982808a91b95aec) Importer(815301076,1909f56bfc062723c751e8b465ee728b)
Start importing Assets/Pure Poly/Free Low Poly Nature Pack/Materials/ColoPlanp.mat using Guid(f7213cb0f2322204b982808a91b95aec) Importer(815301076,1909f56bfc062723c751e8b465ee728b)  -> (artifact id: '5f7aff6296b60c2933244e7a605328eb') in 0.027726 seconds 
========================================================================
Received Prepare
Registering precompiled user dll's ...
Registered in 0.016363 seconds.
Begin MonoManager ReloadAssembly
Symbol file LoadedFromMemory doesn't match image C:\Users\alumnat\Documents\GitHub\actividad1UNTY\Move objects with keys\Library\PackageCache\com.unity.visualscripting@1.7.8\Editor\VisualScripting.Core\Dependencies\YamlDotNet\Unity.VisualScripting.YamlDotNet.dll
Symbol file LoadedFromMemory doesn't match image C:\Users\alumnat\Documents\GitHub\actividad1UNTY\Move objects with keys\Library\PackageCache\com.unity.visualscripting@1.7.8\Editor\VisualScripting.Core\Dependencies\DotNetZip\Unity.VisualScripting.IonicZip.dll
Native extension for UWP target not found
Native extension for WindowsStandalone target not found
Native extension for Android target not found
Native extension for WebGL target not found
Refreshing native plugins compatible for Editor in 0.91 ms, found 3 plugins.
Preloading 0 native plugins for Editor in 0.00 ms.
Mono: successfully reloaded assembly
- Completed reload, in  1.820 seconds
Domain Reload Profiling:
	ReloadAssembly (1821ms)
		BeginReloadAssembly (237ms)
			ExecutionOrderSort (0ms)
			DisableScriptedObjects (8ms)
			BackupInstance (0ms)
			ReleaseScriptingObjects (0ms)
			CreateAndSetChildDomain (51ms)
		EndReloadAssembly (1401ms)
			LoadAssemblies (174ms)
			RebuildTransferFunctionScriptingTraits (0ms)
			SetupTypeCache (473ms)
			ReleaseScriptCaches (1ms)
			RebuildScriptCaches (72ms)
			SetupLoadedEditorAssemblies (626ms)
				LogAssemblyErrors (0ms)
				InitializePlatformSupportModulesInManaged (52ms)
				SetLoadedEditorAssemblies (1ms)
				RefreshPlugins (1ms)
				BeforeProcessingInitializeOnLoad (128ms)
				ProcessInitializeOnLoadAttributes (376ms)
				ProcessInitializeOnLoadMethodAttributes (49ms)
				AfterProcessingInitializeOnLoad (18ms)
				EditorAssembliesLoaded (0ms)
			ExecutionOrderSort2 (0ms)
			AwakeInstancesAfterBackupRestoration (13ms)
Platform modules already initialized, skipping
Refreshing native plugins compatible for Editor in 3.88 ms, found 3 plugins.
Preloading 0 native plugins for Editor in 0.00 ms.
Unloading 3363 Unused Serialized files (Serialized files now loaded: 0)
Unloading 20 unused Assets / (78.3 KB). Loaded Objects now: 3875.
Memory consumption went from 121.1 MB to 121.0 MB.
Total: 5.027100 ms (FindLiveObjects: 0.397100 ms CreateObjectMapping: 0.180300 ms MarkObjects: 4.324600 ms  DeleteObjects: 0.122700 ms)

AssetImportParameters requested are different than current active one (requested -> active):
  custom:video-decoder-ogg-theora: a1e56fd34408186e4bbccfd4996cb3dc -> 
  custom:container-muxer-webm: aa71ff27fc2769a1b78a27578f13a17b -> 
  custom:container-demuxer-webm: 4f35f7cbe854078d1ac9338744f61a02 -> 
  custom:video-encoder-webm-vp8: eb34c28f22e8b96e1ab97ce403110664 -> 
  custom:audio-encoder-webm-vorbis: bf7c407c2cedff20999df2af8eb42d56 -> 
  custom:container-demuxer-ogg: 62fdf1f143b41e24485cea50d1cbac27 -> 
  custom:video-decoder-webm-vp8: 9c59270c3fd7afecdb556c50c9e8de78 -> 
  custom:audio-decoder-ogg-vorbis: bf7c407c2cedff20999df2af8eb42d56 -> 
========================================================================
Received Prepare
Registering precompiled user dll's ...
Registered in 0.012588 seconds.
Begin MonoManager ReloadAssembly
Symbol file LoadedFromMemory doesn't match image C:\Users\alumnat\Documents\GitHub\actividad1UNTY\Move objects with keys\Library\PackageCache\com.unity.visualscripting@1.7.8\Editor\VisualScripting.Core\Dependencies\YamlDotNet\Unity.VisualScripting.YamlDotNet.dll
Symbol file LoadedFromMemory doesn't match image C:\Users\alumnat\Documents\GitHub\actividad1UNTY\Move objects with keys\Library\PackageCache\com.unity.visualscripting@1.7.8\Editor\VisualScripting.Core\Dependencies\DotNetZip\Unity.VisualScripting.IonicZip.dll
Native extension for UWP target not found
Native extension for WindowsStandalone target not found
Native extension for Android target not found
Native extension for WebGL target not found
Refreshing native plugins compatible for Editor in 0.91 ms, found 3 plugins.
Preloading 0 native plugins for Editor in 0.00 ms.
Mono: successfully reloaded assembly
- Completed reload, in  1.876 seconds
Domain Reload Profiling:
	ReloadAssembly (1877ms)
		BeginReloadAssembly (232ms)
			ExecutionOrderSort (0ms)
			DisableScriptedObjects (16ms)
			BackupInstance (0ms)
			ReleaseScriptingObjects (0ms)
			CreateAndSetChildDomain (51ms)
		EndReloadAssembly (1455ms)
			LoadAssemblies (165ms)
			RebuildTransferFunctionScriptingTraits (0ms)
			SetupTypeCache (506ms)
			ReleaseScriptCaches (3ms)
			RebuildScriptCaches (72ms)
			SetupLoadedEditorAssemblies (640ms)
				LogAssemblyErrors (0ms)
				InitializePlatformSupportModulesInManaged (56ms)
				SetLoadedEditorAssemblies (1ms)
				RefreshPlugins (1ms)
				BeforeProcessingInitializeOnLoad (131ms)
				ProcessInitializeOnLoadAttributes (380ms)
				ProcessInitializeOnLoadMethodAttributes (48ms)
				AfterProcessingInitializeOnLoad (22ms)
				EditorAssembliesLoaded (0ms)
			ExecutionOrderSort2 (0ms)
			AwakeInstancesAfterBackupRestoration (10ms)
Platform modules already initialized, skipping
Refreshing native plugins compatible for Editor in 4.80 ms, found 3 plugins.
Preloading 0 native plugins for Editor in 0.00 ms.
Unloading 3363 Unused Serialized files (Serialized files now loaded: 0)
Unloading 20 unused Assets / (78.2 KB). Loaded Objects now: 3878.
Memory consumption went from 121.1 MB to 121.0 MB.
Total: 4.872600 ms (FindLiveObjects: 0.504800 ms CreateObjectMapping: 0.161500 ms MarkObjects: 4.083000 ms  DeleteObjects: 0.121200 ms)

AssetImportParameters requested are different than current active one (requested -> active):
  custom:video-decoder-ogg-theora: a1e56fd34408186e4bbccfd4996cb3dc -> 
  custom:container-muxer-webm: aa71ff27fc2769a1b78a27578f13a17b -> 
  custom:container-demuxer-webm: 4f35f7cbe854078d1ac9338744f61a02 -> 
  custom:video-encoder-webm-vp8: eb34c28f22e8b96e1ab97ce403110664 -> 
  custom:audio-encoder-webm-vorbis: bf7c407c2cedff20999df2af8eb42d56 -> 
  custom:container-demuxer-ogg: 62fdf1f143b41e24485cea50d1cbac27 -> 
  custom:video-decoder-webm-vp8: 9c59270c3fd7afecdb556c50c9e8de78 -> 
  custom:audio-decoder-ogg-vorbis: bf7c407c2cedff20999df2af8eb42d56 -> 
========================================================================
Received Prepare
Registering precompiled user dll's ...
Registered in 0.014787 seconds.
Begin MonoManager ReloadAssembly
Symbol file LoadedFromMemory doesn't match image C:\Users\alumnat\Documents\GitHub\actividad1UNTY\Move objects with keys\Library\PackageCache\com.unity.visualscripting@1.7.8\Editor\VisualScripting.Core\Dependencies\YamlDotNet\Unity.VisualScripting.YamlDotNet.dll
Symbol file LoadedFromMemory doesn't match image C:\Users\alumnat\Documents\GitHub\actividad1UNTY\Move objects with keys\Library\PackageCache\com.unity.visualscripting@1.7.8\Editor\VisualScripting.Core\Dependencies\DotNetZip\Unity.VisualScripting.IonicZip.dll
Native extension for UWP target not found
Native extension for WindowsStandalone target not found
Native extension for Android target not found
Native extension for WebGL target not found
Refreshing native plugins compatible for Editor in 1.26 ms, found 3 plugins.
Preloading 0 native plugins for Editor in 0.00 ms.
Mono: successfully reloaded assembly
- Completed reload, in  1.843 seconds
Domain Reload Profiling:
	ReloadAssembly (1844ms)
		BeginReloadAssembly (270ms)
			ExecutionOrderSort (0ms)
			DisableScriptedObjects (12ms)
			BackupInstance (0ms)
			ReleaseScriptingObjects (0ms)
			CreateAndSetChildDomain (55ms)
		EndReloadAssembly (1388ms)
			LoadAssemblies (177ms)
			RebuildTransferFunctionScriptingTraits (0ms)
			SetupTypeCache (465ms)
			ReleaseScriptCaches (2ms)
			RebuildScriptCaches (69ms)
			SetupLoadedEditorAssemblies (617ms)
				LogAssemblyErrors (0ms)
				InitializePlatformSupportModulesInManaged (49ms)
				SetLoadedEditorAssemblies (1ms)
				RefreshPlugins (1ms)
				BeforeProcessingInitializeOnLoad (133ms)
				ProcessInitializeOnLoadAttributes (363ms)
				ProcessInitializeOnLoadMethodAttributes (48ms)
				AfterProcessingInitializeOnLoad (20ms)
				EditorAssembliesLoaded (0ms)
			ExecutionOrderSort2 (0ms)
			AwakeInstancesAfterBackupRestoration (11ms)
Platform modules already initialized, skipping
Refreshing native plugins compatible for Editor in 3.43 ms, found 3 plugins.
Preloading 0 native plugins for Editor in 0.00 ms.
Unloading 3363 Unused Serialized files (Serialized files now loaded: 0)
Unloading 20 unused Assets / (78.3 KB). Loaded Objects now: 3881.
Memory consumption went from 121.1 MB to 121.0 MB.
Total: 6.603600 ms (FindLiveObjects: 0.464400 ms CreateObjectMapping: 0.159400 ms MarkObjects: 5.829800 ms  DeleteObjects: 0.147600 ms)

AssetImportParameters requested are different than current active one (requested -> active):
  custom:video-decoder-ogg-theora: a1e56fd34408186e4bbccfd4996cb3dc -> 
  custom:container-muxer-webm: aa71ff27fc2769a1b78a27578f13a17b -> 
  custom:container-demuxer-webm: 4f35f7cbe854078d1ac9338744f61a02 -> 
  custom:video-encoder-webm-vp8: eb34c28f22e8b96e1ab97ce403110664 -> 
  custom:audio-encoder-webm-vorbis: bf7c407c2cedff20999df2af8eb42d56 -> 
  custom:container-demuxer-ogg: 62fdf1f143b41e24485cea50d1cbac27 -> 
  custom:video-decoder-webm-vp8: 9c59270c3fd7afecdb556c50c9e8de78 -> 
  custom:audio-decoder-ogg-vorbis: bf7c407c2cedff20999df2af8eb42d56 -> 
========================================================================
Received Prepare
Registering precompiled user dll's ...
Registered in 0.013302 seconds.
Begin MonoManager ReloadAssembly
Symbol file LoadedFromMemory doesn't match image C:\Users\alumnat\Documents\GitHub\actividad1UNTY\Move objects with keys\Library\PackageCache\com.unity.visualscripting@1.7.8\Editor\VisualScripting.Core\Dependencies\YamlDotNet\Unity.VisualScripting.YamlDotNet.dll
Symbol file LoadedFromMemory doesn't match image C:\Users\alumnat\Documents\GitHub\actividad1UNTY\Move objects with keys\Library\PackageCache\com.unity.visualscripting@1.7.8\Editor\VisualScripting.Core\Dependencies\DotNetZip\Unity.VisualScripting.IonicZip.dll
Native extension for UWP target not found
Native extension for WindowsStandalone target not found
Native extension for Android target not found
Native extension for WebGL target not found
Refreshing native plugins compatible for Editor in 1.09 ms, found 3 plugins.
Preloading 0 native plugins for Editor in 0.00 ms.
Mono: successfully reloaded assembly
- Completed reload, in  1.843 seconds
Domain Reload Profiling:
	ReloadAssembly (1844ms)
		BeginReloadAssembly (241ms)
			ExecutionOrderSort (0ms)
			DisableScriptedObjects (13ms)
			BackupInstance (0ms)
			ReleaseScriptingObjects (0ms)
			CreateAndSetChildDomain (48ms)
		EndReloadAssembly (1397ms)
			LoadAssemblies (161ms)
			RebuildTransferFunctionScriptingTraits (0ms)
			SetupTypeCache (456ms)
			ReleaseScriptCaches (2ms)
			RebuildScriptCaches (70ms)
			SetupLoadedEditorAssemblies (644ms)
				LogAssemblyErrors (0ms)
				InitializePlatformSupportModulesInManaged (51ms)
				SetLoadedEditorAssemblies (1ms)
				RefreshPlugins (1ms)
				BeforeProcessingInitializeOnLoad (130ms)
				ProcessInitializeOnLoadAttributes (391ms)
				ProcessInitializeOnLoadMethodAttributes (50ms)
				AfterProcessingInitializeOnLoad (19ms)
				EditorAssembliesLoaded (1ms)
			ExecutionOrderSort2 (0ms)
			AwakeInstancesAfterBackupRestoration (10ms)
Platform modules already initialized, skipping
Refreshing native plugins compatible for Editor in 4.29 ms, found 3 plugins.
Preloading 0 native plugins for Editor in 0.00 ms.
Unloading 3363 Unused Serialized files (Serialized files now loaded: 0)
Unloading 20 unused Assets / (78.4 KB). Loaded Objects now: 3884.
Memory consumption went from 121.1 MB to 121.0 MB.
Total: 4.936900 ms (FindLiveObjects: 0.338800 ms CreateObjectMapping: 0.142500 ms MarkObjects: 4.307100 ms  DeleteObjects: 0.146200 ms)

AssetImportParameters requested are different than current active one (requested -> active):
  custom:video-decoder-ogg-theora: a1e56fd34408186e4bbccfd4996cb3dc -> 
  custom:container-muxer-webm: aa71ff27fc2769a1b78a27578f13a17b -> 
  custom:container-demuxer-webm: 4f35f7cbe854078d1ac9338744f61a02 -> 
  custom:video-encoder-webm-vp8: eb34c28f22e8b96e1ab97ce403110664 -> 
  custom:audio-encoder-webm-vorbis: bf7c407c2cedff20999df2af8eb42d56 -> 
  custom:container-demuxer-ogg: 62fdf1f143b41e24485cea50d1cbac27 -> 
  custom:video-decoder-webm-vp8: 9c59270c3fd7afecdb556c50c9e8de78 -> 
  custom:audio-decoder-ogg-vorbis: bf7c407c2cedff20999df2af8eb42d56 -> 
========================================================================
Received Import Request.
  Time since last request: 651.656778 seconds.
  path: Assets/ColorCubo1.mat
  artifactKey: Guid(aa500b4e976ef01489bb26da0f713702) Importer(815301076,1909f56bfc062723c751e8b465ee728b)
Start importing Assets/ColorCubo1.mat using Guid(aa500b4e976ef01489bb26da0f713702) Importer(815301076,1909f56bfc062723c751e8b465ee728b)  -> (artifact id: '9902a9ed5a8b01549dd283e35bebaa49') in 0.207381 seconds 
========================================================================
Received Import Request.
  Time since last request: 17.183344 seconds.
  path: Assets/ColorCubo2.mat
  artifactKey: Guid(6b62b2225bcad2441a49fe201c7d0c0e) Importer(815301076,1909f56bfc062723c751e8b465ee728b)
Start importing Assets/ColorCubo2.mat using Guid(6b62b2225bcad2441a49fe201c7d0c0e) Importer(815301076,1909f56bfc062723c751e8b465ee728b)  -> (artifact id: '79a5e85173d8d2596b0ad79ef1fc1aa6') in 0.027677 seconds 
========================================================================
Received Import Request.
  Time since last request: 26.091414 seconds.
  path: Assets/New Material.mat
  artifactKey: Guid(102ca7f43d87daa4bb58358f3ba3bd9b) Importer(815301076,1909f56bfc062723c751e8b465ee728b)
Start importing Assets/New Material.mat using Guid(102ca7f43d87daa4bb58358f3ba3bd9b) Importer(815301076,1909f56bfc062723c751e8b465ee728b)  -> (artifact id: 'd9f77bdd346e7f1cd6f9a527bcf32d51') in 0.126049 seconds 
========================================================================
Received Import Request.
  Time since last request: 143.470144 seconds.
  path: Assets/ColorCubo3.mat
  artifactKey: Guid(102ca7f43d87daa4bb58358f3ba3bd9b) Importer(815301076,1909f56bfc062723c751e8b465ee728b)
Start importing Assets/ColorCubo3.mat using Guid(102ca7f43d87daa4bb58358f3ba3bd9b) Importer(815301076,1909f56bfc062723c751e8b465ee728b)  -> (artifact id: '0c0a154b6c8a3e3a3672ea0297ff25ba') in 0.030199 seconds 
========================================================================
Received Prepare
Registering precompiled user dll's ...
Registered in 0.012854 seconds.
Begin MonoManager ReloadAssembly
Symbol file LoadedFromMemory doesn't match image C:\Users\alumnat\Documents\GitHub\actividad1UNTY\Move objects with keys\Library\PackageCache\com.unity.visualscripting@1.7.8\Editor\VisualScripting.Core\Dependencies\YamlDotNet\Unity.VisualScripting.YamlDotNet.dll
Symbol file LoadedFromMemory doesn't match image C:\Users\alumnat\Documents\GitHub\actividad1UNTY\Move objects with keys\Library\PackageCache\com.unity.visualscripting@1.7.8\Editor\VisualScripting.Core\Dependencies\DotNetZip\Unity.VisualScripting.IonicZip.dll
Native extension for UWP target not found
Native extension for WindowsStandalone target not found
Native extension for Android target not found
Native extension for WebGL target not found
Refreshing native plugins compatible for Editor in 0.93 ms, found 3 plugins.
Preloading 0 native plugins for Editor in 0.00 ms.
Mono: successfully reloaded assembly
- Completed reload, in  1.883 seconds
Domain Reload Profiling:
	ReloadAssembly (1884ms)
		BeginReloadAssembly (267ms)
			ExecutionOrderSort (0ms)
			DisableScriptedObjects (11ms)
			BackupInstance (0ms)
			ReleaseScriptingObjects (0ms)
			CreateAndSetChildDomain (66ms)
		EndReloadAssembly (1401ms)
			LoadAssemblies (184ms)
			RebuildTransferFunctionScriptingTraits (0ms)
			SetupTypeCache (450ms)
			ReleaseScriptCaches (2ms)
			RebuildScriptCaches (78ms)
			SetupLoadedEditorAssemblies (641ms)
				LogAssemblyErrors (0ms)
				InitializePlatformSupportModulesInManaged (54ms)
				SetLoadedEditorAssemblies (1ms)
				RefreshPlugins (1ms)
				BeforeProcessingInitializeOnLoad (137ms)
				ProcessInitializeOnLoadAttributes (380ms)
				ProcessInitializeOnLoadMethodAttributes (47ms)
				AfterProcessingInitializeOnLoad (22ms)
				EditorAssembliesLoaded (0ms)
			ExecutionOrderSort2 (0ms)
			AwakeInstancesAfterBackupRestoration (9ms)
Platform modules already initialized, skipping
Refreshing native plugins compatible for Editor in 3.51 ms, found 3 plugins.
Preloading 0 native plugins for Editor in 0.00 ms.
Unloading 3363 Unused Serialized files (Serialized files now loaded: 0)
Unloading 20 unused Assets / (78.4 KB). Loaded Objects now: 3887.
Memory consumption went from 121.1 MB to 121.1 MB.
Total: 6.631100 ms (FindLiveObjects: 0.310000 ms CreateObjectMapping: 0.137100 ms MarkObjects: 6.052300 ms  DeleteObjects: 0.129400 ms)

AssetImportParameters requested are different than current active one (requested -> active):
  custom:video-decoder-ogg-theora: a1e56fd34408186e4bbccfd4996cb3dc -> 
  custom:container-muxer-webm: aa71ff27fc2769a1b78a27578f13a17b -> 
  custom:container-demuxer-webm: 4f35f7cbe854078d1ac9338744f61a02 -> 
  custom:video-encoder-webm-vp8: eb34c28f22e8b96e1ab97ce403110664 -> 
  custom:audio-encoder-webm-vorbis: bf7c407c2cedff20999df2af8eb42d56 -> 
  custom:container-demuxer-ogg: 62fdf1f143b41e24485cea50d1cbac27 -> 
  custom:video-decoder-webm-vp8: 9c59270c3fd7afecdb556c50c9e8de78 -> 
  custom:audio-decoder-ogg-vorbis: bf7c407c2cedff20999df2af8eb42d56 -> 
========================================================================
Received Import Request.
  Time since last request: 759.414773 seconds.
  path: Assets/ColorCubo1.mat
  artifactKey: Guid(aa500b4e976ef01489bb26da0f713702) Importer(815301076,1909f56bfc062723c751e8b465ee728b)
Start importing Assets/ColorCubo1.mat using Guid(aa500b4e976ef01489bb26da0f713702) Importer(815301076,1909f56bfc062723c751e8b465ee728b)  -> (artifact id: '2d725189dbb34a536cd300b71573c040') in 0.149680 seconds 
========================================================================
Received Import Request.
  Time since last request: 0.000039 seconds.
  path: Assets/ColorCubo2.mat
  artifactKey: Guid(6b62b2225bcad2441a49fe201c7d0c0e) Importer(815301076,1909f56bfc062723c751e8b465ee728b)
Start importing Assets/ColorCubo2.mat using Guid(6b62b2225bcad2441a49fe201c7d0c0e) Importer(815301076,1909f56bfc062723c751e8b465ee728b)  -> (artifact id: '54ec55c3e3ddd9765b2bc1fe92e073cd') in 0.033434 seconds 
========================================================================
Received Import Request.
  Time since last request: 0.000116 seconds.
  path: Assets/ColorCubo3.mat
  artifactKey: Guid(102ca7f43d87daa4bb58358f3ba3bd9b) Importer(815301076,1909f56bfc062723c751e8b465ee728b)
Start importing Assets/ColorCubo3.mat using Guid(102ca7f43d87daa4bb58358f3ba3bd9b) Importer(815301076,1909f56bfc062723c751e8b465ee728b)  -> (artifact id: '10971ce2b67302a6d76f622213361fd8') in 0.057748 seconds 
========================================================================
Received Import Request.
  Time since last request: 203.585964 seconds.
  path: Assets
  artifactKey: Guid(00000000000000001000000000000000) Importer(815301076,1909f56bfc062723c751e8b465ee728b)
Start importing Assets using Guid(00000000000000001000000000000000) Importer(815301076,1909f56bfc062723c751e8b465ee728b)  -> (artifact id: '79842766b460edbeab6a34051e857a80') in 0.011777 seconds 
========================================================================
Received Import Request.
  Time since last request: 19.756713 seconds.
  path: Assets/Esfera1Color.mat
  artifactKey: Guid(c9a000dc57ecb514faed7a698d1690e5) Importer(815301076,1909f56bfc062723c751e8b465ee728b)
Start importing Assets/Esfera1Color.mat using Guid(c9a000dc57ecb514faed7a698d1690e5) Importer(815301076,1909f56bfc062723c751e8b465ee728b)  -> (artifact id: '20cbaa13eda2421986ac24f28f6d9153') in 0.035123 seconds 
========================================================================
Received Import Request.
  Time since last request: 51.181254 seconds.
  path: Assets/Esfera2Colorl.mat
  artifactKey: Guid(2dfe99d308dfd6041a694e4d986f5a11) Importer(815301076,1909f56bfc062723c751e8b465ee728b)
Start importing Assets/Esfera2Colorl.mat using Guid(2dfe99d308dfd6041a694e4d986f5a11) Importer(815301076,1909f56bfc062723c751e8b465ee728b)  -> (artifact id: '9139de2435aed1d8bd74f007a14af098') in 0.025393 seconds 
========================================================================
Received Import Request.
  Time since last request: 153.775451 seconds.
  path: Assets/Esfera1Color.mat
  artifactKey: Guid(c9a000dc57ecb514faed7a698d1690e5) Importer(815301076,1909f56bfc062723c751e8b465ee728b)
Start importing Assets/Esfera1Color.mat using Guid(c9a000dc57ecb514faed7a698d1690e5) Importer(815301076,1909f56bfc062723c751e8b465ee728b)  -> (artifact id: '0adcd5b5a5af3367a7c9ed89a5fcc985') in 0.026695 seconds 
========================================================================
Received Import Request.
  Time since last request: 0.000079 seconds.
  path: Assets/Esfera2Colorl.mat
  artifactKey: Guid(2dfe99d308dfd6041a694e4d986f5a11) Importer(815301076,1909f56bfc062723c751e8b465ee728b)
Start importing Assets/Esfera2Colorl.mat using Guid(2dfe99d308dfd6041a694e4d986f5a11) Importer(815301076,1909f56bfc062723c751e8b465ee728b)  -> (artifact id: '6b72bcd77380ec93a20065c280fe21bd') in 0.041343 seconds 
========================================================================
Received Prepare
Registering precompiled user dll's ...
Registered in 0.015498 seconds.
Begin MonoManager ReloadAssembly
Symbol file LoadedFromMemory doesn't match image C:\Users\alumnat\Documents\GitHub\actividad1UNTY\Move objects with keys\Library\PackageCache\com.unity.visualscripting@1.7.8\Editor\VisualScripting.Core\Dependencies\YamlDotNet\Unity.VisualScripting.YamlDotNet.dll
Symbol file LoadedFromMemory doesn't match image C:\Users\alumnat\Documents\GitHub\actividad1UNTY\Move objects with keys\Library\PackageCache\com.unity.visualscripting@1.7.8\Editor\VisualScripting.Core\Dependencies\DotNetZip\Unity.VisualScripting.IonicZip.dll
Native extension for UWP target not found
Native extension for WindowsStandalone target not found
Native extension for Android target not found
Native extension for WebGL target not found
Refreshing native plugins compatible for Editor in 1.09 ms, found 3 plugins.
Preloading 0 native plugins for Editor in 0.00 ms.
Mono: successfully reloaded assembly
- Completed reload, in  1.859 seconds
Domain Reload Profiling:
	ReloadAssembly (1860ms)
		BeginReloadAssembly (255ms)
			ExecutionOrderSort (0ms)
			DisableScriptedObjects (8ms)
			BackupInstance (0ms)
			ReleaseScriptingObjects (0ms)
			CreateAndSetChildDomain (55ms)
		EndReloadAssembly (1414ms)
			LoadAssemblies (203ms)
			RebuildTransferFunctionScriptingTraits (0ms)
			SetupTypeCache (464ms)
			ReleaseScriptCaches (1ms)
			RebuildScriptCaches (70ms)
			SetupLoadedEditorAssemblies (632ms)
				LogAssemblyErrors (0ms)
				InitializePlatformSupportModulesInManaged (52ms)
				SetLoadedEditorAssemblies (1ms)
				RefreshPlugins (1ms)
				BeforeProcessingInitializeOnLoad (135ms)
				ProcessInitializeOnLoadAttributes (373ms)
				ProcessInitializeOnLoadMethodAttributes (47ms)
				AfterProcessingInitializeOnLoad (21ms)
				EditorAssembliesLoaded (0ms)
			ExecutionOrderSort2 (0ms)
			AwakeInstancesAfterBackupRestoration (10ms)
Platform modules already initialized, skipping
Refreshing native plugins compatible for Editor in 3.40 ms, found 3 plugins.
Preloading 0 native plugins for Editor in 0.00 ms.
Unloading 3363 Unused Serialized files (Serialized files now loaded: 0)
Unloading 20 unused Assets / (78.3 KB). Loaded Objects now: 3890.
Memory consumption went from 121.1 MB to 121.1 MB.
Total: 4.485800 ms (FindLiveObjects: 0.321600 ms CreateObjectMapping: 0.151300 ms MarkObjects: 3.892800 ms  DeleteObjects: 0.118500 ms)

AssetImportParameters requested are different than current active one (requested -> active):
  custom:video-decoder-ogg-theora: a1e56fd34408186e4bbccfd4996cb3dc -> 
  custom:container-muxer-webm: aa71ff27fc2769a1b78a27578f13a17b -> 
  custom:container-demuxer-webm: 4f35f7cbe854078d1ac9338744f61a02 -> 
  custom:video-encoder-webm-vp8: eb34c28f22e8b96e1ab97ce403110664 -> 
  custom:audio-encoder-webm-vorbis: bf7c407c2cedff20999df2af8eb42d56 -> 
  custom:container-demuxer-ogg: 62fdf1f143b41e24485cea50d1cbac27 -> 
  custom:video-decoder-webm-vp8: 9c59270c3fd7afecdb556c50c9e8de78 -> 
  custom:audio-decoder-ogg-vorbis: bf7c407c2cedff20999df2af8eb42d56 -> 
