Using pre-set license
Built from '2021.3/staging' branch; Version is '2021.3.13f1 (9e7d58001ecf) revision 10386776'; Using compiler version '192829333'; Build Type 'Release'
OS: 'Windows 10  (10.0.19044) 64bit Core' Language: 'es' Physical Memory: 3509 MB
BatchMode: 1, IsHumanControllingUs: 0, StartBugReporterOnCrash: 0, Is64bit: 1, IsPro: 1

COMMAND LINE ARGUMENTS:
C:\Program Files\Unity\Hub\Editor\2021.3.13f1\Editor\Unity.exe
-adb2
-batchMode
-noUpm
-name
AssetImportWorker43
-projectPath
C:/Users/basil/Documents/GitHub/actividad1UNTY/Move objects with keys
-logFile
Logs/AssetImportWorker43.log
-srvPort
64706
Successfully changed project path to: C:/Users/basil/Documents/GitHub/actividad1UNTY/Move objects with keys
C:/Users/basil/Documents/GitHub/actividad1UNTY/Move objects with keys
[UnityMemory] Configuration Parameters - Can be set up in boot.config
    "memorysetup-bucket-allocator-granularity=16"
    "memorysetup-bucket-allocator-bucket-count=8"
    "memorysetup-bucket-allocator-block-size=33554432"
    "memorysetup-bucket-allocator-block-count=8"
    "memorysetup-main-allocator-block-size=16777216"
    "memorysetup-thread-allocator-block-size=16777216"
    "memorysetup-gfx-main-allocator-block-size=16777216"
    "memorysetup-gfx-thread-allocator-block-size=16777216"
    "memorysetup-cache-allocator-block-size=4194304"
    "memorysetup-typetree-allocator-block-size=2097152"
    "memorysetup-profiler-bucket-allocator-granularity=16"
    "memorysetup-profiler-bucket-allocator-bucket-count=8"
    "memorysetup-profiler-bucket-allocator-block-size=33554432"
    "memorysetup-profiler-bucket-allocator-block-count=8"
    "memorysetup-profiler-allocator-block-size=16777216"
    "memorysetup-profiler-editor-allocator-block-size=1048576"
    "memorysetup-temp-allocator-size-main=16777216"
    "memorysetup-job-temp-allocator-block-size=2097152"
    "memorysetup-job-temp-allocator-block-size-background=1048576"
    "memorysetup-job-temp-allocator-reduction-small-platforms=262144"
    "memorysetup-temp-allocator-size-background-worker=32768"
    "memorysetup-temp-allocator-size-job-worker=262144"
    "memorysetup-temp-allocator-size-preload-manager=33554432"
    "memorysetup-temp-allocator-size-nav-mesh-worker=65536"
    "memorysetup-temp-allocator-size-audio-worker=65536"
    "memorysetup-temp-allocator-size-cloud-worker=32768"
    "memorysetup-temp-allocator-size-gi-baking-worker=262144"
    "memorysetup-temp-allocator-size-gfx=262144"
Refreshing native plugins compatible for Editor in 458.66 ms, found 3 plugins.
Preloading 0 native plugins for Editor in 0.00 ms.
Initialize engine version: 2021.3.13f1 (9e7d58001ecf)
[Subsystems] Discovering subsystems at path C:/Program Files/Unity/Hub/Editor/2021.3.13f1/Editor/Data/Resources/UnitySubsystems
[Subsystems] Discovering subsystems at path C:/Users/basil/Documents/GitHub/actividad1UNTY/Move objects with keys/Assets
GfxDevice: creating device client; threaded=0; jobified=0
Direct3D:
    Version:  Direct3D 11.0 [level 11.1]
    Renderer: AMD Radeon(TM) R2 Graphics (ID=0x9853)
    Vendor:   ATI
    VRAM:     1754 MB
    Driver:   27.20.1034.6
Initialize mono
Mono path[0] = 'C:/Program Files/Unity/Hub/Editor/2021.3.13f1/Editor/Data/Managed'
Mono path[1] = 'C:/Program Files/Unity/Hub/Editor/2021.3.13f1/Editor/Data/MonoBleedingEdge/lib/mono/unityjit-win32'
Mono config path = 'C:/Program Files/Unity/Hub/Editor/2021.3.13f1/Editor/Data/MonoBleedingEdge/etc'
Using monoOptions --debugger-agent=transport=dt_socket,embedding=1,server=y,suspend=n,address=127.0.0.1:56344
Begin MonoManager ReloadAssembly
Registering precompiled unity dll's ...
Register platform support module: C:/Program Files/Unity/Hub/Editor/2021.3.13f1/Editor/Data/PlaybackEngines/WebGLSupport/UnityEditor.WebGL.Extensions.dll
Register platform support module: C:/Program Files/Unity/Hub/Editor/2021.3.13f1/Editor/Data/PlaybackEngines/WindowsStandaloneSupport/UnityEditor.WindowsStandalone.Extensions.dll
Registered in 0.052050 seconds.
Native extension for WindowsStandalone target not found
Native extension for WebGL target not found
Refreshing native plugins compatible for Editor in 450.50 ms, found 3 plugins.
Preloading 0 native plugins for Editor in 0.00 ms.
Mono: successfully reloaded assembly
- Completed reload, in  4.236 seconds
Domain Reload Profiling:
	ReloadAssembly (4239ms)
		BeginReloadAssembly (504ms)
			ExecutionOrderSort (0ms)
			DisableScriptedObjects (0ms)
			BackupInstance (0ms)
			ReleaseScriptingObjects (0ms)
			CreateAndSetChildDomain (3ms)
		EndReloadAssembly (2915ms)
			LoadAssemblies (493ms)
			RebuildTransferFunctionScriptingTraits (0ms)
			SetupTypeCache (731ms)
			ReleaseScriptCaches (0ms)
			RebuildScriptCaches (181ms)
			SetupLoadedEditorAssemblies (1689ms)
				LogAssemblyErrors (0ms)
				InitializePlatformSupportModulesInManaged (57ms)
				SetLoadedEditorAssemblies (1ms)
				RefreshPlugins (451ms)
				BeforeProcessingInitializeOnLoad (6ms)
				ProcessInitializeOnLoadAttributes (897ms)
				ProcessInitializeOnLoadMethodAttributes (277ms)
				AfterProcessingInitializeOnLoad (0ms)
				EditorAssembliesLoaded (1ms)
			ExecutionOrderSort2 (0ms)
			AwakeInstancesAfterBackupRestoration (0ms)
Platform modules already initialized, skipping
Registering precompiled user dll's ...
Registered in 0.040193 seconds.
Begin MonoManager ReloadAssembly
Symbol file LoadedFromMemory doesn't match image C:\Users\basil\Documents\GitHub\actividad1UNTY\Move objects with keys\Library\PackageCache\com.unity.visualscripting@1.7.8\Editor\VisualScripting.Core\Dependencies\YamlDotNet\Unity.VisualScripting.YamlDotNet.dll
Symbol file LoadedFromMemory doesn't match image C:\Users\basil\Documents\GitHub\actividad1UNTY\Move objects with keys\Library\PackageCache\com.unity.visualscripting@1.7.8\Editor\VisualScripting.Core\Dependencies\DotNetZip\Unity.VisualScripting.IonicZip.dll
Native extension for WindowsStandalone target not found
Native extension for WebGL target not found
Refreshing native plugins compatible for Editor in 2.53 ms, found 3 plugins.
Preloading 0 native plugins for Editor in 0.00 ms.
Mono: successfully reloaded assembly
- Completed reload, in 10.067 seconds
Domain Reload Profiling:
	ReloadAssembly (10089ms)
		BeginReloadAssembly (823ms)
			ExecutionOrderSort (0ms)
			DisableScriptedObjects (37ms)
			BackupInstance (0ms)
			ReleaseScriptingObjects (1ms)
			CreateAndSetChildDomain (98ms)
		EndReloadAssembly (8201ms)
			LoadAssemblies (2092ms)
			RebuildTransferFunctionScriptingTraits (0ms)
			SetupTypeCache (2393ms)
			ReleaseScriptCaches (2ms)
			RebuildScriptCaches (310ms)
			SetupLoadedEditorAssemblies (3196ms)
				LogAssemblyErrors (0ms)
				InitializePlatformSupportModulesInManaged (43ms)
				SetLoadedEditorAssemblies (2ms)
				RefreshPlugins (3ms)
				BeforeProcessingInitializeOnLoad (519ms)
				ProcessInitializeOnLoadAttributes (2105ms)
				ProcessInitializeOnLoadMethodAttributes (473ms)
				AfterProcessingInitializeOnLoad (49ms)
				EditorAssembliesLoaded (1ms)
			ExecutionOrderSort2 (0ms)
			AwakeInstancesAfterBackupRestoration (35ms)
Platform modules already initialized, skipping
========================================================================
Worker process is ready to serve import requests
Launched and connected shader compiler UnityShaderCompiler.exe after 1.23 seconds
Refreshing native plugins compatible for Editor in 2.56 ms, found 3 plugins.
Preloading 0 native plugins for Editor in 0.00 ms.
Unloading 3350 Unused Serialized files (Serialized files now loaded: 0)
Unloading 27 unused Assets / (113.5 KB). Loaded Objects now: 3807.
Memory consumption went from 115.4 MB to 115.3 MB.
Total: 267.270100 ms (FindLiveObjects: 38.233400 ms CreateObjectMapping: 1.191400 ms MarkObjects: 227.185000 ms  DeleteObjects: 0.653900 ms)

AssetImportParameters requested are different than current active one (requested -> active):
  custom:video-decoder-ogg-theora: a1e56fd34408186e4bbccfd4996cb3dc -> 
  custom:container-muxer-webm: aa71ff27fc2769a1b78a27578f13a17b -> 
  custom:container-demuxer-webm: 4f35f7cbe854078d1ac9338744f61a02 -> 
  custom:video-encoder-webm-vp8: eb34c28f22e8b96e1ab97ce403110664 -> 
  custom:audio-encoder-webm-vorbis: bf7c407c2cedff20999df2af8eb42d56 -> 
  custom:framework-win-MediaFoundation: 216162199b28c13a410421893ffa2e32 -> 
  custom:container-demuxer-ogg: 62fdf1f143b41e24485cea50d1cbac27 -> 
  custom:video-decoder-webm-vp8: 9c59270c3fd7afecdb556c50c9e8de78 -> 
  custom:audio-decoder-ogg-vorbis: bf7c407c2cedff20999df2af8eb42d56 -> 
========================================================================
Received Import Request.
  Time since last request: 502525.797109 seconds.
  path: Assets/Scrips/Movercubo1.cs
  artifactKey: Guid(efcea7e500ee2e243b2d57edd018aaa2) Importer(815301076,1909f56bfc062723c751e8b465ee728b)
Start importing Assets/Scrips/Movercubo1.cs using Guid(efcea7e500ee2e243b2d57edd018aaa2) Importer(815301076,1909f56bfc062723c751e8b465ee728b)  -> (artifact id: '613e846e81888588679b2ed75e75c271') in 19.907324 seconds 
========================================================================
Received Prepare
Registering precompiled user dll's ...
Registered in 0.160699 seconds.
Begin MonoManager ReloadAssembly
Symbol file LoadedFromMemory doesn't match image C:\Users\basil\Documents\GitHub\actividad1UNTY\Move objects with keys\Library\PackageCache\com.unity.visualscripting@1.7.8\Editor\VisualScripting.Core\Dependencies\YamlDotNet\Unity.VisualScripting.YamlDotNet.dll
Symbol file LoadedFromMemory doesn't match image C:\Users\basil\Documents\GitHub\actividad1UNTY\Move objects with keys\Library\PackageCache\com.unity.visualscripting@1.7.8\Editor\VisualScripting.Core\Dependencies\DotNetZip\Unity.VisualScripting.IonicZip.dll
Native extension for WindowsStandalone target not found
Native extension for WebGL target not found
Refreshing native plugins compatible for Editor in 12.57 ms, found 3 plugins.
Preloading 0 native plugins for Editor in 0.00 ms.
Mono: successfully reloaded assembly
- Completed reload, in 153.745 seconds
Domain Reload Profiling:
	ReloadAssembly (154367ms)
		BeginReloadAssembly (107282ms)
			ExecutionOrderSort (68ms)
			DisableScriptedObjects (4083ms)
			BackupInstance (0ms)
			ReleaseScriptingObjects (1ms)
			CreateAndSetChildDomain (32562ms)
		EndReloadAssembly (40135ms)
			LoadAssemblies (19265ms)
			RebuildTransferFunctionScriptingTraits (252ms)
			SetupTypeCache (13806ms)
			ReleaseScriptCaches (8ms)
			RebuildScriptCaches (992ms)
			SetupLoadedEditorAssemblies (14262ms)
				LogAssemblyErrors (0ms)
				InitializePlatformSupportModulesInManaged (1135ms)
				SetLoadedEditorAssemblies (151ms)
				RefreshPlugins (217ms)
				BeforeProcessingInitializeOnLoad (1646ms)
				ProcessInitializeOnLoadAttributes (9423ms)
				ProcessInitializeOnLoadMethodAttributes (1583ms)
				AfterProcessingInitializeOnLoad (51ms)
				EditorAssembliesLoaded (38ms)
			ExecutionOrderSort2 (0ms)
			AwakeInstancesAfterBackupRestoration (392ms)
Platform modules already initialized, skipping
Refreshing native plugins compatible for Editor in 123.28 ms, found 3 plugins.
Preloading 0 native plugins for Editor in 0.00 ms.
Unloading 3345 Unused Serialized files (Serialized files now loaded: 0)
Unloading 20 unused Assets / (79.9 KB). Loaded Objects now: 3810.
Memory consumption went from 115.4 MB to 115.3 MB.
Total: 1130.262200 ms (FindLiveObjects: 27.574700 ms CreateObjectMapping: 47.459200 ms MarkObjects: 999.261700 ms  DeleteObjects: 55.957300 ms)

AssetImportParameters requested are different than current active one (requested -> active):
  custom:video-decoder-ogg-theora: a1e56fd34408186e4bbccfd4996cb3dc -> 
  custom:container-muxer-webm: aa71ff27fc2769a1b78a27578f13a17b -> 
  custom:container-demuxer-webm: 4f35f7cbe854078d1ac9338744f61a02 -> 
  custom:video-encoder-webm-vp8: eb34c28f22e8b96e1ab97ce403110664 -> 
  custom:audio-encoder-webm-vorbis: bf7c407c2cedff20999df2af8eb42d56 -> 
  custom:framework-win-MediaFoundation: 216162199b28c13a410421893ffa2e32 -> 
  custom:container-demuxer-ogg: 62fdf1f143b41e24485cea50d1cbac27 -> 
  custom:video-decoder-webm-vp8: 9c59270c3fd7afecdb556c50c9e8de78 -> 
  custom:audio-decoder-ogg-vorbis: bf7c407c2cedff20999df2af8eb42d56 -> 
========================================================================
Received Prepare
Registering precompiled user dll's ...
Registered in 0.049850 seconds.
Begin MonoManager ReloadAssembly
Symbol file LoadedFromMemory doesn't match image C:\Users\basil\Documents\GitHub\actividad1UNTY\Move objects with keys\Library\PackageCache\com.unity.visualscripting@1.7.8\Editor\VisualScripting.Core\Dependencies\YamlDotNet\Unity.VisualScripting.YamlDotNet.dll
Symbol file LoadedFromMemory doesn't match image C:\Users\basil\Documents\GitHub\actividad1UNTY\Move objects with keys\Library\PackageCache\com.unity.visualscripting@1.7.8\Editor\VisualScripting.Core\Dependencies\DotNetZip\Unity.VisualScripting.IonicZip.dll
Native extension for WindowsStandalone target not found
Native extension for WebGL target not found
Refreshing native plugins compatible for Editor in 2.73 ms, found 3 plugins.
Preloading 0 native plugins for Editor in 0.00 ms.
Mono: successfully reloaded assembly
- Completed reload, in 11.380 seconds
Domain Reload Profiling:
	ReloadAssembly (11388ms)
		BeginReloadAssembly (3573ms)
			ExecutionOrderSort (0ms)
			DisableScriptedObjects (48ms)
			BackupInstance (0ms)
			ReleaseScriptingObjects (0ms)
			CreateAndSetChildDomain (270ms)
		EndReloadAssembly (6823ms)
			LoadAssemblies (4806ms)
			RebuildTransferFunctionScriptingTraits (0ms)
			SetupTypeCache (1906ms)
			ReleaseScriptCaches (5ms)
			RebuildScriptCaches (260ms)
			SetupLoadedEditorAssemblies (2238ms)
				LogAssemblyErrors (0ms)
				InitializePlatformSupportModulesInManaged (114ms)
				SetLoadedEditorAssemblies (8ms)
				RefreshPlugins (3ms)
				BeforeProcessingInitializeOnLoad (408ms)
				ProcessInitializeOnLoadAttributes (1425ms)
				ProcessInitializeOnLoadMethodAttributes (220ms)
				AfterProcessingInitializeOnLoad (59ms)
				EditorAssembliesLoaded (1ms)
			ExecutionOrderSort2 (0ms)
			AwakeInstancesAfterBackupRestoration (38ms)
Platform modules already initialized, skipping
Refreshing native plugins compatible for Editor in 80.74 ms, found 3 plugins.
Preloading 0 native plugins for Editor in 0.00 ms.
Unloading 3345 Unused Serialized files (Serialized files now loaded: 0)
Unloading 20 unused Assets / (79.9 KB). Loaded Objects now: 3813.
Memory consumption went from 115.4 MB to 115.3 MB.
Total: 24.368900 ms (FindLiveObjects: 1.555000 ms CreateObjectMapping: 0.914100 ms MarkObjects: 21.245000 ms  DeleteObjects: 0.649300 ms)

AssetImportParameters requested are different than current active one (requested -> active):
  custom:video-decoder-ogg-theora: a1e56fd34408186e4bbccfd4996cb3dc -> 
  custom:container-muxer-webm: aa71ff27fc2769a1b78a27578f13a17b -> 
  custom:container-demuxer-webm: 4f35f7cbe854078d1ac9338744f61a02 -> 
  custom:video-encoder-webm-vp8: eb34c28f22e8b96e1ab97ce403110664 -> 
  custom:audio-encoder-webm-vorbis: bf7c407c2cedff20999df2af8eb42d56 -> 
  custom:framework-win-MediaFoundation: 216162199b28c13a410421893ffa2e32 -> 
  custom:container-demuxer-ogg: 62fdf1f143b41e24485cea50d1cbac27 -> 
  custom:video-decoder-webm-vp8: 9c59270c3fd7afecdb556c50c9e8de78 -> 
  custom:audio-decoder-ogg-vorbis: bf7c407c2cedff20999df2af8eb42d56 -> 
========================================================================
Received Import Request.
  Time since last request: 2473.737242 seconds.
  path: Assets/Pure Poly/Free Low Poly Nature Pack/Textures/PP_Color_Palette.png
  artifactKey: Guid(cffb506ec5b6cc94498def65473d32ed) Importer(815301076,1909f56bfc062723c751e8b465ee728b)
Start importing Assets/Pure Poly/Free Low Poly Nature Pack/Textures/PP_Color_Palette.png using Guid(cffb506ec5b6cc94498def65473d32ed) Importer(815301076,1909f56bfc062723c751e8b465ee728b)  -> (artifact id: 'd4dc3dfe84d1d2a6ea252e62e949ec98') in 6.167940 seconds 
========================================================================
Received Import Request.
  Time since last request: 61.671364 seconds.
  path: Assets/ARCADE - FREE Racing Car/Materials
  artifactKey: Guid(7cd50ff664f941e4ab191d35f6582e9d) Importer(815301076,1909f56bfc062723c751e8b465ee728b)
Start importing Assets/ARCADE - FREE Racing Car/Materials using Guid(7cd50ff664f941e4ab191d35f6582e9d) Importer(815301076,1909f56bfc062723c751e8b465ee728b)  -> (artifact id: 'bf1ac79018ce5363f51dbeaac1485012') in 0.173097 seconds 
========================================================================
Received Import Request.
  Time since last request: 0.572891 seconds.
  path: Assets/ARCADE - FREE Racing Car/Materials/AFRC_Emission.mat
  artifactKey: Guid(ab035d7682921704a9015ac353311d57) Importer(815301076,1909f56bfc062723c751e8b465ee728b)
Start importing Assets/ARCADE - FREE Racing Car/Materials/AFRC_Emission.mat using Guid(ab035d7682921704a9015ac353311d57) Importer(815301076,1909f56bfc062723c751e8b465ee728b)  -> (artifact id: 'e2203e807fee7d301e0b34fe198b5d20') in 2.649827 seconds 
========================================================================
Received Import Request.
  Time since last request: 0.000135 seconds.
  path: Assets/ARCADE - FREE Racing Car/Materials/AFRC_Env_Mat.mat
  artifactKey: Guid(69b6e8fa160b23c42a4052f818eb166c) Importer(815301076,1909f56bfc062723c751e8b465ee728b)
Start importing Assets/ARCADE - FREE Racing Car/Materials/AFRC_Env_Mat.mat using Guid(69b6e8fa160b23c42a4052f818eb166c) Importer(815301076,1909f56bfc062723c751e8b465ee728b)  -> (artifact id: '909f8def2b34a4e5e325f92b705d2c03') in 1.371765 seconds 
========================================================================
Received Import Request.
  Time since last request: 0.000120 seconds.
  path: Assets/ARCADE - FREE Racing Car/Materials/Color Variations
  artifactKey: Guid(8abab931da3a1cd48bf2967746adf82e) Importer(815301076,1909f56bfc062723c751e8b465ee728b)
Start importing Assets/ARCADE - FREE Racing Car/Materials/Color Variations using Guid(8abab931da3a1cd48bf2967746adf82e) Importer(815301076,1909f56bfc062723c751e8b465ee728b)  -> (artifact id: '22366cd6f27ad0d13a1dd907726f8aad') in 0.062580 seconds 
========================================================================
Received Import Request.
  Time since last request: 21.541596 seconds.
  path: Assets/ARCADE - FREE Racing Car/Scenes/Post Processing
  artifactKey: Guid(a2402d9080f37e3409a46c76d26e0bfa) Importer(815301076,1909f56bfc062723c751e8b465ee728b)
Start importing Assets/ARCADE - FREE Racing Car/Scenes/Post Processing using Guid(a2402d9080f37e3409a46c76d26e0bfa) Importer(815301076,1909f56bfc062723c751e8b465ee728b)  -> (artifact id: '036ae77a2f19a51b84fc01e763c3e8ab') in 0.222203 seconds 
========================================================================
Received Import Request.
  Time since last request: 0.026605 seconds.
  path: Assets/ARCADE - FREE Racing Car/Scenes/Post Processing/AFRC Volume Profile.asset
  artifactKey: Guid(d297d2778eef9fb4cbc6b69c18433b0b) Importer(815301076,1909f56bfc062723c751e8b465ee728b)
Start importing Assets/ARCADE - FREE Racing Car/Scenes/Post Processing/AFRC Volume Profile.asset using Guid(d297d2778eef9fb4cbc6b69c18433b0b) Importer(815301076,1909f56bfc062723c751e8b465ee728b)  -> (artifact id: '1ed77242bfde242cc81404cc38c42dc0') in 0.165957 seconds 
========================================================================
Received Import Request.
  Time since last request: 7.080869 seconds.
  path: Assets/ARCADE - FREE Racing Car/Skybox/Day
  artifactKey: Guid(2753f03c0463b774c9d0a311d32118ad) Importer(815301076,1909f56bfc062723c751e8b465ee728b)
Start importing Assets/ARCADE - FREE Racing Car/Skybox/Day using Guid(2753f03c0463b774c9d0a311d32118ad) Importer(815301076,1909f56bfc062723c751e8b465ee728b)  -> (artifact id: '16cbcc01ecce4bb07ae43bd0244b4330') in 0.099193 seconds 
========================================================================
Received Import Request.
  Time since last request: 0.000106 seconds.
  path: Assets/ARCADE - FREE Racing Car/Skybox/Day/Day Skybox.mat
  artifactKey: Guid(2fdc1726342f4a749a190a0a8677a1a2) Importer(815301076,1909f56bfc062723c751e8b465ee728b)
Start importing Assets/ARCADE - FREE Racing Car/Skybox/Day/Day Skybox.mat using Guid(2fdc1726342f4a749a190a0a8677a1a2) Importer(815301076,1909f56bfc062723c751e8b465ee728b)  -> (artifact id: '975244e1f2aee366ab62fbf7c9238baf') in 0.963298 seconds 
========================================================================
Received Import Request.
  Time since last request: 22.196466 seconds.
  path: Assets/ARCADE - FREE Racing Car/Skybox/Day/Textures
  artifactKey: Guid(adad24ed63dad3f4d9d375998942834a) Importer(815301076,1909f56bfc062723c751e8b465ee728b)
Start importing Assets/ARCADE - FREE Racing Car/Skybox/Day/Textures using Guid(adad24ed63dad3f4d9d375998942834a) Importer(815301076,1909f56bfc062723c751e8b465ee728b)  -> (artifact id: '78efaa8ae056222a12b9c949e3eae6df') in 0.103954 seconds 
========================================================================
Received Import Request.
  Time since last request: 0.000531 seconds.
  path: Assets/ARCADE - FREE Racing Car/Skybox/Day/Textures/Bottom.png
  artifactKey: Guid(d09270a5be941b14e8cd76b7d0347e0b) Importer(815301076,1909f56bfc062723c751e8b465ee728b)
Start importing Assets/ARCADE - FREE Racing Car/Skybox/Day/Textures/Bottom.png using Guid(d09270a5be941b14e8cd76b7d0347e0b) Importer(815301076,1909f56bfc062723c751e8b465ee728b)  -> (artifact id: '33f16949e16360000b719a7666571200') in 0.175367 seconds 
========================================================================
Received Import Request.
  Time since last request: 0.001429 seconds.
  path: Assets/ARCADE - FREE Racing Car/Skybox/Day/Textures/Middle.png
  artifactKey: Guid(1547f812d72e8dc41aeb23f1ca2d0f49) Importer(815301076,1909f56bfc062723c751e8b465ee728b)
Start importing Assets/ARCADE - FREE Racing Car/Skybox/Day/Textures/Middle.png using Guid(1547f812d72e8dc41aeb23f1ca2d0f49) Importer(815301076,1909f56bfc062723c751e8b465ee728b)  -> (artifact id: '446192c7cc2e9dbb418df15abb96a19e') in 0.131406 seconds 
========================================================================
Received Import Request.
  Time since last request: 0.002513 seconds.
  path: Assets/ARCADE - FREE Racing Car/Skybox/Day/Textures/Top.png
  artifactKey: Guid(0ea79d67094ea414ca3f589eeac91a52) Importer(815301076,1909f56bfc062723c751e8b465ee728b)
Start importing Assets/ARCADE - FREE Racing Car/Skybox/Day/Textures/Top.png using Guid(0ea79d67094ea414ca3f589eeac91a52) Importer(815301076,1909f56bfc062723c751e8b465ee728b)  -> (artifact id: 'f2d8c50ede7b7fa58c7b82451dff2739') in 0.170432 seconds 
========================================================================
Received Import Request.
  Time since last request: 50.377646 seconds.
  path: Assets/ARCADE - FREE Racing Car/Skybox/Night/Night Skybox.mat
  artifactKey: Guid(102c3f2cfdcb3d64199f97f4f9aa3d46) Importer(815301076,1909f56bfc062723c751e8b465ee728b)
Start importing Assets/ARCADE - FREE Racing Car/Skybox/Night/Night Skybox.mat using Guid(102c3f2cfdcb3d64199f97f4f9aa3d46) Importer(815301076,1909f56bfc062723c751e8b465ee728b)  -> (artifact id: 'c8fdafd2ad660da3906ead85e5d42d76') in 0.477571 seconds 
========================================================================
Received Import Request.
  Time since last request: 19.954335 seconds.
  path: Assets/ARCADE - FREE Racing Car/Skybox/Night/Textures
  artifactKey: Guid(717d1fbcbedc3cb4ebbe20a73eec3cae) Importer(815301076,1909f56bfc062723c751e8b465ee728b)
Start importing Assets/ARCADE - FREE Racing Car/Skybox/Night/Textures using Guid(717d1fbcbedc3cb4ebbe20a73eec3cae) Importer(815301076,1909f56bfc062723c751e8b465ee728b)  -> (artifact id: 'f4312bd4718def9bace748cf15966b26') in 0.091052 seconds 
========================================================================
Received Import Request.
  Time since last request: 0.000714 seconds.
  path: Assets/ARCADE - FREE Racing Car/Skybox/Night/Textures/Bottom.png
  artifactKey: Guid(e5ebd597679525a438f3f1e01f33e8e1) Importer(815301076,1909f56bfc062723c751e8b465ee728b)
Start importing Assets/ARCADE - FREE Racing Car/Skybox/Night/Textures/Bottom.png using Guid(e5ebd597679525a438f3f1e01f33e8e1) Importer(815301076,1909f56bfc062723c751e8b465ee728b)  -> (artifact id: '6103f3fcf854513b4af45dcaa6047d69') in 0.119746 seconds 
========================================================================
Received Import Request.
  Time since last request: 0.003465 seconds.
  path: Assets/ARCADE - FREE Racing Car/Skybox/Night/Textures/Top.png
  artifactKey: Guid(e4d8993639f071845bb71cdd5ccaf886) Importer(815301076,1909f56bfc062723c751e8b465ee728b)
Start importing Assets/ARCADE - FREE Racing Car/Skybox/Night/Textures/Top.png using Guid(e4d8993639f071845bb71cdd5ccaf886) Importer(815301076,1909f56bfc062723c751e8b465ee728b)  -> (artifact id: '34f165e8216a3ec16006ef8a5d690972') in 0.112109 seconds 
========================================================================
Received Import Request.
  Time since last request: 0.014230 seconds.
  path: Assets/ARCADE - FREE Racing Car/Skybox/Night/Textures/Middle.png
  artifactKey: Guid(0dbf12657f27a3643a08e61b84c12483) Importer(815301076,1909f56bfc062723c751e8b465ee728b)
Start importing Assets/ARCADE - FREE Racing Car/Skybox/Night/Textures/Middle.png using Guid(0dbf12657f27a3643a08e61b84c12483) Importer(815301076,1909f56bfc062723c751e8b465ee728b)  -> (artifact id: 'e024577d40f22c4f7ba9b5b9bae7d934') in 0.122709 seconds 
========================================================================
Received Import Request.
  Time since last request: 1284.066466 seconds.
  path: Assets/Free 2D Adventure Beach Pack/day-backgrounds
  artifactKey: Guid(ee470ba69cfab644c8dbd5054d6230bd) Importer(815301076,1909f56bfc062723c751e8b465ee728b)
Start importing Assets/Free 2D Adventure Beach Pack/day-backgrounds using Guid(ee470ba69cfab644c8dbd5054d6230bd) Importer(815301076,1909f56bfc062723c751e8b465ee728b)  -> (artifact id: '247f54da7e4d9689691a4db299ab4d3a') in 1.066407 seconds 
========================================================================
Received Import Request.
  Time since last request: 0.065171 seconds.
  path: Assets/Free 2D Adventure Beach Pack/day-backgrounds/beach-cloud-03.png
  artifactKey: Guid(4c1e199e844355f4eb3e54698bc734a8) Importer(815301076,1909f56bfc062723c751e8b465ee728b)
Start importing Assets/Free 2D Adventure Beach Pack/day-backgrounds/beach-cloud-03.png using Guid(4c1e199e844355f4eb3e54698bc734a8) Importer(815301076,1909f56bfc062723c751e8b465ee728b)  -> (artifact id: '49105bffacfae2f3f245d96f04bddc5a') in 15.179044 seconds 
========================================================================
Received Import Request.
  Time since last request: 0.000141 seconds.
  path: Assets/Free 2D Adventure Beach Pack/day-backgrounds/beach-cloud-03.png
  artifactKey: Guid(4c1e199e844355f4eb3e54698bc734a8) Importer(815301076,1909f56bfc062723c751e8b465ee728b)
Start importing Assets/Free 2D Adventure Beach Pack/day-backgrounds/beach-cloud-03.png using Guid(4c1e199e844355f4eb3e54698bc734a8) Importer(815301076,1909f56bfc062723c751e8b465ee728b)  -> (artifact id: '49105bffacfae2f3f245d96f04bddc5a') in 0.664256 seconds 
========================================================================
Received Import Request.
  Time since last request: 0.000118 seconds.
  path: Assets/Free 2D Adventure Beach Pack/day-backgrounds/beach-cloud-01.png
  artifactKey: Guid(b928bb9af722d604a8c961b6e15e4885) Importer(815301076,1909f56bfc062723c751e8b465ee728b)
Start importing Assets/Free 2D Adventure Beach Pack/day-backgrounds/beach-cloud-01.png using Guid(b928bb9af722d604a8c961b6e15e4885) Importer(815301076,1909f56bfc062723c751e8b465ee728b)  -> (artifact id: '153c95b64323578a28dcc29ad42acd2a') in 0.909390 seconds 
========================================================================
Received Import Request.
  Time since last request: 0.000152 seconds.
  path: Assets/Free 2D Adventure Beach Pack/day-backgrounds/Materials/beach-cloud-01.mat
  artifactKey: Guid(eaa0455ddda691843856df32486bad70) Importer(815301076,1909f56bfc062723c751e8b465ee728b)
Start importing Assets/Free 2D Adventure Beach Pack/day-backgrounds/Materials/beach-cloud-01.mat using Guid(eaa0455ddda691843856df32486bad70) Importer(815301076,1909f56bfc062723c751e8b465ee728b)  -> (artifact id: '109a2b110784db6e4873f267b38c161c') in 3.206091 seconds 
========================================================================
Received Import Request.
  Time since last request: 0.000131 seconds.
  path: Assets/Free 2D Adventure Beach Pack/day-backgrounds/sea.png
  artifactKey: Guid(4e58f37568590424c84e23ed57de844f) Importer(815301076,1909f56bfc062723c751e8b465ee728b)
Start importing Assets/Free 2D Adventure Beach Pack/day-backgrounds/sea.png using Guid(4e58f37568590424c84e23ed57de844f) Importer(815301076,1909f56bfc062723c751e8b465ee728b)  -> (artifact id: '55a6a5ff0904ae8a08edcc5713cdc4da') in 0.471928 seconds 
========================================================================
Received Import Request.
  Time since last request: 0.000194 seconds.
  path: Assets/Free 2D Adventure Beach Pack/day-backgrounds/wave-01.png
  artifactKey: Guid(5d538a12cf3065a4e95980515de57a8c) Importer(815301076,1909f56bfc062723c751e8b465ee728b)
Start importing Assets/Free 2D Adventure Beach Pack/day-backgrounds/wave-01.png using Guid(5d538a12cf3065a4e95980515de57a8c) Importer(815301076,1909f56bfc062723c751e8b465ee728b)  -> (artifact id: '34e350dc6b8014589ed7251816869541') in 1.607727 seconds 
========================================================================
Received Import Request.
  Time since last request: 0.002187 seconds.
  path: Assets/Free 2D Adventure Beach Pack/day-backgrounds/beach-mountain-01.png
  artifactKey: Guid(0642ff67fd5a90d4296a4f1f021b3600) Importer(815301076,1909f56bfc062723c751e8b465ee728b)
Start importing Assets/Free 2D Adventure Beach Pack/day-backgrounds/beach-mountain-01.png using Guid(0642ff67fd5a90d4296a4f1f021b3600) Importer(815301076,1909f56bfc062723c751e8b465ee728b)  -> (artifact id: '8adfbb373dd9af732cf974ee33f1f265') in 0.664800 seconds 
========================================================================
Received Import Request.
  Time since last request: 0.000457 seconds.
  path: Assets/Free 2D Adventure Beach Pack/day-backgrounds/beach-sky.png
  artifactKey: Guid(36af45f817607e24a8da35618654b7cc) Importer(815301076,1909f56bfc062723c751e8b465ee728b)
Start importing Assets/Free 2D Adventure Beach Pack/day-backgrounds/beach-sky.png using Guid(36af45f817607e24a8da35618654b7cc) Importer(815301076,1909f56bfc062723c751e8b465ee728b)  -> (artifact id: '0b485e6842e1dcd335835d4a5bb7fc48') in 1.312025 seconds 
========================================================================
Received Import Request.
  Time since last request: 0.128553 seconds.
  path: Assets/Free 2D Adventure Beach Pack/day-backgrounds/Materials
  artifactKey: Guid(09c491cdcd0be854ea57a28a1e3473fe) Importer(815301076,1909f56bfc062723c751e8b465ee728b)
Start importing Assets/Free 2D Adventure Beach Pack/day-backgrounds/Materials using Guid(09c491cdcd0be854ea57a28a1e3473fe) Importer(815301076,1909f56bfc062723c751e8b465ee728b)  -> (artifact id: '4abab746267dec327a5ac13281853845') in 0.022762 seconds 
========================================================================
Received Import Request.
  Time since last request: 12.602399 seconds.
  path: Assets/Free 2D Adventure Beach Pack/night-backgrounds/night-beach-cloud-01.png
  artifactKey: Guid(4449ad5b30ffc8e4d8f6fb57caddc264) Importer(815301076,1909f56bfc062723c751e8b465ee728b)
Start importing Assets/Free 2D Adventure Beach Pack/night-backgrounds/night-beach-cloud-01.png using Guid(4449ad5b30ffc8e4d8f6fb57caddc264) Importer(815301076,1909f56bfc062723c751e8b465ee728b)  -> (artifact id: '601172cced07e839eaf7d5892f824911') in 0.335979 seconds 
========================================================================
Received Import Request.
  Time since last request: 0.000126 seconds.
  path: Assets/Free 2D Adventure Beach Pack/night-backgrounds/night-wave-01.png
  artifactKey: Guid(d42b8e74f256a214ca3f0a45117db02d) Importer(815301076,1909f56bfc062723c751e8b465ee728b)
Start importing Assets/Free 2D Adventure Beach Pack/night-backgrounds/night-wave-01.png using Guid(d42b8e74f256a214ca3f0a45117db02d) Importer(815301076,1909f56bfc062723c751e8b465ee728b)  -> (artifact id: '873564a53485c68bfdd11df8b62f9f46') in 0.758756 seconds 
========================================================================
Received Import Request.
  Time since last request: 0.000125 seconds.
  path: Assets/Free 2D Adventure Beach Pack/night-backgrounds/night-beach-mountain-01.png
  artifactKey: Guid(000d1e68df8142e429f77f7e8f69e138) Importer(815301076,1909f56bfc062723c751e8b465ee728b)
Start importing Assets/Free 2D Adventure Beach Pack/night-backgrounds/night-beach-mountain-01.png using Guid(000d1e68df8142e429f77f7e8f69e138) Importer(815301076,1909f56bfc062723c751e8b465ee728b)  -> (artifact id: '4a7d0e4431c418244877b31dd63b5efd') in 0.518683 seconds 
========================================================================
Received Import Request.
  Time since last request: 0.000124 seconds.
  path: Assets/Free 2D Adventure Beach Pack/night-backgrounds/night-beach-sky.png
  artifactKey: Guid(7662955175de7594d82ecba6748cb9fb) Importer(815301076,1909f56bfc062723c751e8b465ee728b)
Start importing Assets/Free 2D Adventure Beach Pack/night-backgrounds/night-beach-sky.png using Guid(7662955175de7594d82ecba6748cb9fb) Importer(815301076,1909f56bfc062723c751e8b465ee728b)  -> (artifact id: '81e4a384455ee50c2611cf2499963621') in 1.677877 seconds 
========================================================================
Received Import Request.
  Time since last request: 0.001146 seconds.
  path: Assets/Free 2D Adventure Beach Pack/night-backgrounds/night-beach-cloud-03.png
  artifactKey: Guid(ba408030391c931409638bae4715dfae) Importer(815301076,1909f56bfc062723c751e8b465ee728b)
Start importing Assets/Free 2D Adventure Beach Pack/night-backgrounds/night-beach-cloud-03.png using Guid(ba408030391c931409638bae4715dfae) Importer(815301076,1909f56bfc062723c751e8b465ee728b)  -> (artifact id: 'da9c951bd8a38e66ebcea24b4bc27f3e') in 0.449740 seconds 
========================================================================
Received Import Request.
  Time since last request: 0.000126 seconds.
  path: Assets/Free 2D Adventure Beach Pack/sunset-backgrounds/sunset-beach-cloud-01.png
  artifactKey: Guid(8aed4928e775b05458e7c052024c5b57) Importer(815301076,1909f56bfc062723c751e8b465ee728b)
Start importing Assets/Free 2D Adventure Beach Pack/sunset-backgrounds/sunset-beach-cloud-01.png using Guid(8aed4928e775b05458e7c052024c5b57) Importer(815301076,1909f56bfc062723c751e8b465ee728b)  -> (artifact id: '4237db9bfe020cf8057073afc55408ae') in 0.278642 seconds 
========================================================================
Received Import Request.
  Time since last request: 0.000521 seconds.
  path: Assets/Free 2D Adventure Beach Pack/sunset-backgrounds/sunset-sea.png
  artifactKey: Guid(845dd1b2a35a50a47bbcf4c5fc69ecca) Importer(815301076,1909f56bfc062723c751e8b465ee728b)
Start importing Assets/Free 2D Adventure Beach Pack/sunset-backgrounds/sunset-sea.png using Guid(845dd1b2a35a50a47bbcf4c5fc69ecca) Importer(815301076,1909f56bfc062723c751e8b465ee728b)  -> (artifact id: '6c85207f15f086b5c820731fbc237e1d') in 0.373089 seconds 
========================================================================
Received Import Request.
  Time since last request: 0.016448 seconds.
  path: Assets/Free 2D Adventure Beach Pack/sunset-backgrounds/sunset-wave-01.png
  artifactKey: Guid(cef95f086fda84140b17040b5aee84c6) Importer(815301076,1909f56bfc062723c751e8b465ee728b)
Start importing Assets/Free 2D Adventure Beach Pack/sunset-backgrounds/sunset-wave-01.png using Guid(cef95f086fda84140b17040b5aee84c6) Importer(815301076,1909f56bfc062723c751e8b465ee728b)  -> (artifact id: '82e6019729aef23538b626dcf307976e') in 0.556210 seconds 
========================================================================
Received Import Request.
  Time since last request: 0.000406 seconds.
  path: Assets/Free 2D Adventure Beach Pack/sunset-backgrounds/sunset-beach-sky.png
  artifactKey: Guid(77aaa989fb436984f88203f41e3010c9) Importer(815301076,1909f56bfc062723c751e8b465ee728b)
Start importing Assets/Free 2D Adventure Beach Pack/sunset-backgrounds/sunset-beach-sky.png using Guid(77aaa989fb436984f88203f41e3010c9) Importer(815301076,1909f56bfc062723c751e8b465ee728b)  -> (artifact id: 'aaec7ecc0915880f4d98fd36f9a29a14') in 0.745815 seconds 
========================================================================
Received Import Request.
  Time since last request: 0.000158 seconds.
  path: Assets/Free 2D Adventure Beach Pack/sunset-backgrounds/sunset-beach-mountain-01.png
  artifactKey: Guid(16d7cbbe79dd16e489cd088551c93c95) Importer(815301076,1909f56bfc062723c751e8b465ee728b)
Start importing Assets/Free 2D Adventure Beach Pack/sunset-backgrounds/sunset-beach-mountain-01.png using Guid(16d7cbbe79dd16e489cd088551c93c95) Importer(815301076,1909f56bfc062723c751e8b465ee728b)  -> (artifact id: '221c0b84cedfa52b1d6dbc83968d41d8') in 0.503857 seconds 
========================================================================
Received Import Request.
  Time since last request: 0.000121 seconds.
  path: Assets/Free 2D Adventure Beach Pack/sunset-backgrounds/sunset-beach-cloud-03.png
  artifactKey: Guid(e4ecc41854fd60443a31fe65d8013f71) Importer(815301076,1909f56bfc062723c751e8b465ee728b)
Start importing Assets/Free 2D Adventure Beach Pack/sunset-backgrounds/sunset-beach-cloud-03.png using Guid(e4ecc41854fd60443a31fe65d8013f71) Importer(815301076,1909f56bfc062723c751e8b465ee728b)  -> (artifact id: 'ba7e40687a14d4d1975d26b401dba090') in 0.304458 seconds 
========================================================================
Received Import Request.
  Time since last request: 0.000780 seconds.
  path: Assets/Free 2D Adventure Beach Pack/night-backgrounds/night-sea.png
  artifactKey: Guid(e404f0a4c78ff58459dd3b82bb140d03) Importer(815301076,1909f56bfc062723c751e8b465ee728b)
Start importing Assets/Free 2D Adventure Beach Pack/night-backgrounds/night-sea.png using Guid(e404f0a4c78ff58459dd3b82bb140d03) Importer(815301076,1909f56bfc062723c751e8b465ee728b)  -> (artifact id: '7ebc10f1cc6a47563c29272b385ccb66') in 0.361820 seconds 
========================================================================
Received Import Request.
  Time since last request: 354.002035 seconds.
  path: Assets/LowPolyFantasyClouds/Materials/RG_Palette.mat
  artifactKey: Guid(1f3e95cbcaab2c743b4444f80f38cc1c) Importer(815301076,1909f56bfc062723c751e8b465ee728b)
Start importing Assets/LowPolyFantasyClouds/Materials/RG_Palette.mat using Guid(1f3e95cbcaab2c743b4444f80f38cc1c) Importer(815301076,1909f56bfc062723c751e8b465ee728b)  -> (artifact id: '581e3c66cfc83e42f3d69ca7a6e25a58') in 0.327035 seconds 
========================================================================
Received Import Request.
  Time since last request: 0.000123 seconds.
  path: Assets/LowPolyFantasyClouds/Materials/SimpleSky.mat
  artifactKey: Guid(21fbf6d96dc23a24fb81d61d7584507c) Importer(815301076,1909f56bfc062723c751e8b465ee728b)
Start importing Assets/LowPolyFantasyClouds/Materials/SimpleSky.mat using Guid(21fbf6d96dc23a24fb81d61d7584507c) Importer(815301076,1909f56bfc062723c751e8b465ee728b)  -> (artifact id: '3be4babde612bf1bfb1a5cd61d980f10') in 2.295908 seconds 
========================================================================
Received Import Request.
  Time since last request: 15.976825 seconds.
  path: Assets/LowPolyFantasyClouds/Models/RG_Cloud-01.fbx
  artifactKey: Guid(e482b39d7ed22034ca6a61dd145ee82b) Importer(815301076,1909f56bfc062723c751e8b465ee728b)
Start importing Assets/LowPolyFantasyClouds/Models/RG_Cloud-01.fbx using Guid(e482b39d7ed22034ca6a61dd145ee82b) Importer(815301076,1909f56bfc062723c751e8b465ee728b)  -> (artifact id: '3baa62f784653fb7b9d417496e20e799') in 9.244978 seconds 
========================================================================
Received Import Request.
  Time since last request: 0.000234 seconds.
  path: Assets/LowPolyFantasyClouds/Models/RG_Cloud-05.fbx
  artifactKey: Guid(66b62323586a05541bdf731d7ce0497d) Importer(815301076,1909f56bfc062723c751e8b465ee728b)
Start importing Assets/LowPolyFantasyClouds/Models/RG_Cloud-05.fbx using Guid(66b62323586a05541bdf731d7ce0497d) Importer(815301076,1909f56bfc062723c751e8b465ee728b)  -> (artifact id: 'd8a37c8461bcb3d2d8f8f7146e557f07') in 0.885266 seconds 
========================================================================
Received Import Request.
  Time since last request: 0.000099 seconds.
  path: Assets/LowPolyFantasyClouds/Models/RG_Cloud-02.fbx
  artifactKey: Guid(e4517c298d091d0499b08981344c5398) Importer(815301076,1909f56bfc062723c751e8b465ee728b)
Start importing Assets/LowPolyFantasyClouds/Models/RG_Cloud-02.fbx using Guid(e4517c298d091d0499b08981344c5398) Importer(815301076,1909f56bfc062723c751e8b465ee728b)  -> (artifact id: '2cbdee6dde23e4301d51d7fb0d495def') in 0.248204 seconds 
========================================================================
Received Import Request.
  Time since last request: 0.000171 seconds.
  path: Assets/LowPolyFantasyClouds/Models/RG_Terrain-Mesh-02.fbx
  artifactKey: Guid(60dac4541678ff54a9690e314df2a72d) Importer(815301076,1909f56bfc062723c751e8b465ee728b)
Start importing Assets/LowPolyFantasyClouds/Models/RG_Terrain-Mesh-02.fbx using Guid(60dac4541678ff54a9690e314df2a72d) Importer(815301076,1909f56bfc062723c751e8b465ee728b)  -> (artifact id: 'e51c7a1f38867d1bf8766308ae7043f3') in 0.351377 seconds 
========================================================================
Received Import Request.
  Time since last request: 0.000129 seconds.
  path: Assets/LowPolyFantasyClouds/Models/RG_Terrain-Mesh-04.fbx
  artifactKey: Guid(adbb845018a19c84ab980437a3da2ef0) Importer(815301076,1909f56bfc062723c751e8b465ee728b)
Start importing Assets/LowPolyFantasyClouds/Models/RG_Terrain-Mesh-04.fbx using Guid(adbb845018a19c84ab980437a3da2ef0) Importer(815301076,1909f56bfc062723c751e8b465ee728b)  -> (artifact id: '93fc64b571d3430ecfff360b978351ff') in 0.288771 seconds 
========================================================================
Received Import Request.
  Time since last request: 0.000496 seconds.
  path: Assets/LowPolyFantasyClouds/Models/RG_Cloud-04.fbx
  artifactKey: Guid(d75090a6aa124b747a842bf2b5ae80cd) Importer(815301076,1909f56bfc062723c751e8b465ee728b)
Start importing Assets/LowPolyFantasyClouds/Models/RG_Cloud-04.fbx using Guid(d75090a6aa124b747a842bf2b5ae80cd) Importer(815301076,1909f56bfc062723c751e8b465ee728b)  -> (artifact id: '0fe1cb34eb0992527e3f47e939d41233') in 0.302761 seconds 
========================================================================
Received Import Request.
  Time since last request: 0.000138 seconds.
  path: Assets/LowPolyFantasyClouds/Models/RG_Terrain-Mesh-10.fbx
  artifactKey: Guid(546dac8082f13bc40b63cca499c08ae8) Importer(815301076,1909f56bfc062723c751e8b465ee728b)
Start importing Assets/LowPolyFantasyClouds/Models/RG_Terrain-Mesh-10.fbx using Guid(546dac8082f13bc40b63cca499c08ae8) Importer(815301076,1909f56bfc062723c751e8b465ee728b)  -> (artifact id: '8b038d67d7cda668de0d678f7649f206') in 0.246848 seconds 
========================================================================
Received Import Request.
  Time since last request: 0.000164 seconds.
  path: Assets/LowPolyFantasyClouds/Models/RG_Cloud-03.fbx
  artifactKey: Guid(7adcbac7714161e40bc7421e2762cfde) Importer(815301076,1909f56bfc062723c751e8b465ee728b)
Start importing Assets/LowPolyFantasyClouds/Models/RG_Cloud-03.fbx using Guid(7adcbac7714161e40bc7421e2762cfde) Importer(815301076,1909f56bfc062723c751e8b465ee728b)  -> (artifact id: '95be0e454d38796ab864f4015e1c126c') in 0.148456 seconds 
========================================================================
Received Import Request.
  Time since last request: 0.000326 seconds.
  path: Assets/LowPolyFantasyClouds/Models/RG_Terrain-Mesh-07.fbx
  artifactKey: Guid(486a1262f9b832045bfdfaa7d6114710) Importer(815301076,1909f56bfc062723c751e8b465ee728b)
Start importing Assets/LowPolyFantasyClouds/Models/RG_Terrain-Mesh-07.fbx using Guid(486a1262f9b832045bfdfaa7d6114710) Importer(815301076,1909f56bfc062723c751e8b465ee728b)  -> (artifact id: '1ab6b956b75ead94b09b2d81ad100d11') in 0.260238 seconds 
========================================================================
Received Import Request.
  Time since last request: 0.000127 seconds.
  path: Assets/LowPolyFantasyClouds/Models/RG_Terrain-Mesh-11.fbx
  artifactKey: Guid(3bf57d1d7cdc2ef4f85f29c73d3e7fec) Importer(815301076,1909f56bfc062723c751e8b465ee728b)
Start importing Assets/LowPolyFantasyClouds/Models/RG_Terrain-Mesh-11.fbx using Guid(3bf57d1d7cdc2ef4f85f29c73d3e7fec) Importer(815301076,1909f56bfc062723c751e8b465ee728b)  -> (artifact id: 'a99ac0e64398855354e61e17e417682a') in 0.553068 seconds 
========================================================================
Received Import Request.
  Time since last request: 0.000159 seconds.
  path: Assets/LowPolyFantasyClouds/Models/RG_Terrain-Mesh-09.fbx
  artifactKey: Guid(286ee0a49be317f48a7adb4eba633bcb) Importer(815301076,1909f56bfc062723c751e8b465ee728b)
Start importing Assets/LowPolyFantasyClouds/Models/RG_Terrain-Mesh-09.fbx using Guid(286ee0a49be317f48a7adb4eba633bcb) Importer(815301076,1909f56bfc062723c751e8b465ee728b)  -> (artifact id: '57313772636ae3e2a252c13c2fb5f7b7') in 0.236355 seconds 
========================================================================
Received Import Request.
  Time since last request: 0.000129 seconds.
  path: Assets/LowPolyFantasyClouds/Models/RG_Terrain-Mesh-05.fbx
  artifactKey: Guid(e60878c343be266469e6570212f2faa5) Importer(815301076,1909f56bfc062723c751e8b465ee728b)
Start importing Assets/LowPolyFantasyClouds/Models/RG_Terrain-Mesh-05.fbx using Guid(e60878c343be266469e6570212f2faa5) Importer(815301076,1909f56bfc062723c751e8b465ee728b)  -> (artifact id: 'f79b2cf8e3438ec278464c4035b2f7d8') in 0.170927 seconds 
========================================================================
Received Import Request.
  Time since last request: 0.000178 seconds.
  path: Assets/LowPolyFantasyClouds/Models/RG_Terrain-Mesh-01.fbx
  artifactKey: Guid(db1552bf73af6294bac4422e73042b2f) Importer(815301076,1909f56bfc062723c751e8b465ee728b)
Start importing Assets/LowPolyFantasyClouds/Models/RG_Terrain-Mesh-01.fbx using Guid(db1552bf73af6294bac4422e73042b2f) Importer(815301076,1909f56bfc062723c751e8b465ee728b)  -> (artifact id: '72df0c6353e9344d491d36c9e665616c') in 0.169918 seconds 
========================================================================
Received Import Request.
  Time since last request: 0.000345 seconds.
  path: Assets/LowPolyFantasyClouds/Models/RG_Terrain-Mesh-03.fbx
  artifactKey: Guid(7ffdb0373582d034c84b5878d320c352) Importer(815301076,1909f56bfc062723c751e8b465ee728b)
Start importing Assets/LowPolyFantasyClouds/Models/RG_Terrain-Mesh-03.fbx using Guid(7ffdb0373582d034c84b5878d320c352) Importer(815301076,1909f56bfc062723c751e8b465ee728b)  -> (artifact id: '62ab17df2dcf3c7e0c004883efe8d57f') in 0.190746 seconds 
========================================================================
Received Import Request.
  Time since last request: 0.000164 seconds.
  path: Assets/LowPolyFantasyClouds/Models/RG_Terrain-Mesh-12.fbx
  artifactKey: Guid(f9b075983bc7d44408ad92adf939d065) Importer(815301076,1909f56bfc062723c751e8b465ee728b)
Start importing Assets/LowPolyFantasyClouds/Models/RG_Terrain-Mesh-12.fbx using Guid(f9b075983bc7d44408ad92adf939d065) Importer(815301076,1909f56bfc062723c751e8b465ee728b)  -> (artifact id: 'd5d145e822f8d2f4d4b9742bf7c58575') in 0.174228 seconds 
========================================================================
Received Import Request.
  Time since last request: 0.000125 seconds.
  path: Assets/LowPolyFantasyClouds/Models/RG_Terrain-Mesh-08.fbx
  artifactKey: Guid(721552ed1838a6d4b85a2e7372560f33) Importer(815301076,1909f56bfc062723c751e8b465ee728b)
Start importing Assets/LowPolyFantasyClouds/Models/RG_Terrain-Mesh-08.fbx using Guid(721552ed1838a6d4b85a2e7372560f33) Importer(815301076,1909f56bfc062723c751e8b465ee728b)  -> (artifact id: 'edece08e3c5cef10379fa0ba312a56d8') in 0.199737 seconds 
========================================================================
Received Import Request.
  Time since last request: 0.002162 seconds.
  path: Assets/LowPolyFantasyClouds/Models/RG_Terrain-Mesh-06.fbx
  artifactKey: Guid(df58f0cba6506cc40ab54389761aa495) Importer(815301076,1909f56bfc062723c751e8b465ee728b)
Start importing Assets/LowPolyFantasyClouds/Models/RG_Terrain-Mesh-06.fbx using Guid(df58f0cba6506cc40ab54389761aa495) Importer(815301076,1909f56bfc062723c751e8b465ee728b)  -> (artifact id: '0c4152ef4d6b8e8335f3095485b58ba1') in 0.142293 seconds 
========================================================================
Received Import Request.
  Time since last request: 0.000111 seconds.
  path: Assets/LowPolyFantasyClouds/Textures/RG_Palette.png
  artifactKey: Guid(de791b2eba87e2a42affc233a827fa2a) Importer(815301076,1909f56bfc062723c751e8b465ee728b)
Start importing Assets/LowPolyFantasyClouds/Textures/RG_Palette.png using Guid(de791b2eba87e2a42affc233a827fa2a) Importer(815301076,1909f56bfc062723c751e8b465ee728b)  -> (artifact id: '7c85853f1e11083497d86ade5707f6ca') in 0.158697 seconds 
========================================================================
Received Import Request.
  Time since last request: 12.502966 seconds.
  path: Assets/Pure Poly/Free Low Poly Nature Pack
  artifactKey: Guid(46aef105041b6ad4a801d398bd90a166) Importer(815301076,1909f56bfc062723c751e8b465ee728b)
Start importing Assets/Pure Poly/Free Low Poly Nature Pack using Guid(46aef105041b6ad4a801d398bd90a166) Importer(815301076,1909f56bfc062723c751e8b465ee728b)  -> (artifact id: '79fe6ff3f0cc13622c77e975037b9090') in 0.128753 seconds 
========================================================================
Received Import Request.
  Time since last request: 4.409472 seconds.
  path: Assets/Pure Poly/Free Low Poly Nature Pack/Materials
  artifactKey: Guid(8ebb527547e00834bb38dd05f7664656) Importer(815301076,1909f56bfc062723c751e8b465ee728b)
Start importing Assets/Pure Poly/Free Low Poly Nature Pack/Materials using Guid(8ebb527547e00834bb38dd05f7664656) Importer(815301076,1909f56bfc062723c751e8b465ee728b)  -> (artifact id: '47c8a6a4e1e84f5ca7fba43110824370') in 0.241502 seconds 
========================================================================
Received Import Request.
  Time since last request: 4.555587 seconds.
  path: Assets/Pure Poly/Free Low Poly Nature Pack/Meshes
  artifactKey: Guid(daf6e58a4fe044f40860d20387bacd06) Importer(815301076,1909f56bfc062723c751e8b465ee728b)
Start importing Assets/Pure Poly/Free Low Poly Nature Pack/Meshes using Guid(daf6e58a4fe044f40860d20387bacd06) Importer(815301076,1909f56bfc062723c751e8b465ee728b)  -> (artifact id: '3ee3b34c4969266d6b3dcbf218aa4a43') in 0.159883 seconds 
========================================================================
Received Prepare
Registering precompiled user dll's ...
Registered in 0.576494 seconds.
Begin MonoManager ReloadAssembly
Symbol file LoadedFromMemory doesn't match image C:\Users\basil\Documents\GitHub\actividad1UNTY\Move objects with keys\Library\PackageCache\com.unity.visualscripting@1.7.8\Editor\VisualScripting.Core\Dependencies\YamlDotNet\Unity.VisualScripting.YamlDotNet.dll
Symbol file LoadedFromMemory doesn't match image C:\Users\basil\Documents\GitHub\actividad1UNTY\Move objects with keys\Library\PackageCache\com.unity.visualscripting@1.7.8\Editor\VisualScripting.Core\Dependencies\DotNetZip\Unity.VisualScripting.IonicZip.dll
Native extension for WindowsStandalone target not found
Native extension for WebGL target not found
Refreshing native plugins compatible for Editor in 16.91 ms, found 3 plugins.
Preloading 0 native plugins for Editor in 0.00 ms.
Mono: successfully reloaded assembly
- Completed reload, in 45.816 seconds
Domain Reload Profiling:
	ReloadAssembly (45844ms)
		BeginReloadAssembly (26909ms)
			ExecutionOrderSort (8ms)
			DisableScriptedObjects (1464ms)
			BackupInstance (0ms)
			ReleaseScriptingObjects (0ms)
			CreateAndSetChildDomain (14101ms)
		EndReloadAssembly (14799ms)
			LoadAssemblies (8906ms)
			RebuildTransferFunctionScriptingTraits (16ms)
			SetupTypeCache (4742ms)
			ReleaseScriptCaches (5ms)
			RebuildScriptCaches (328ms)
			SetupLoadedEditorAssemblies (3753ms)
				LogAssemblyErrors (0ms)
				InitializePlatformSupportModulesInManaged (227ms)
				SetLoadedEditorAssemblies (58ms)
				RefreshPlugins (17ms)
				BeforeProcessingInitializeOnLoad (696ms)
				ProcessInitializeOnLoadAttributes (2296ms)
				ProcessInitializeOnLoadMethodAttributes (398ms)
				AfterProcessingInitializeOnLoad (59ms)
				EditorAssembliesLoaded (1ms)
			ExecutionOrderSort2 (0ms)
			AwakeInstancesAfterBackupRestoration (50ms)
Platform modules already initialized, skipping
Refreshing native plugins compatible for Editor in 67.97 ms, found 3 plugins.
Preloading 0 native plugins for Editor in 0.00 ms.
Unloading 3346 Unused Serialized files (Serialized files now loaded: 0)
Unloading 20 unused Assets / (79.8 KB). Loaded Objects now: 3884.
Memory consumption went from 121.2 MB to 121.1 MB.
Total: 86.804900 ms (FindLiveObjects: 1.516300 ms CreateObjectMapping: 0.774100 ms MarkObjects: 71.884900 ms  DeleteObjects: 12.623100 ms)

AssetImportParameters requested are different than current active one (requested -> active):
  custom:video-decoder-ogg-theora: a1e56fd34408186e4bbccfd4996cb3dc -> 
  custom:container-muxer-webm: aa71ff27fc2769a1b78a27578f13a17b -> 
  custom:container-demuxer-webm: 4f35f7cbe854078d1ac9338744f61a02 -> 
  custom:video-encoder-webm-vp8: eb34c28f22e8b96e1ab97ce403110664 -> 
  custom:audio-encoder-webm-vorbis: bf7c407c2cedff20999df2af8eb42d56 -> 
  custom:framework-win-MediaFoundation: 216162199b28c13a410421893ffa2e32 -> 
  custom:container-demuxer-ogg: 62fdf1f143b41e24485cea50d1cbac27 -> 
  custom:video-decoder-webm-vp8: 9c59270c3fd7afecdb556c50c9e8de78 -> 
  custom:audio-decoder-ogg-vorbis: bf7c407c2cedff20999df2af8eb42d56 -> 
